[12:20:38] {/home/sport_bot/diplom/grasp/gr-convnet/hardware/device.py:11} INFO - CUDA detected. Running with GPU acceleration.
[12:20:38] {/home/sport_bot/diplom/grasp/gr-convnet/./train_network.py:297} INFO - Loading Jacquard Dataset...
[12:20:38] {/home/sport_bot/diplom/grasp/gr-convnet/./train_network.py:308} INFO - Dataset size is 5561
[12:20:38] {/home/sport_bot/diplom/grasp/gr-convnet/./train_network.py:317} INFO - Training size: 5004
[12:20:38] {/home/sport_bot/diplom/grasp/gr-convnet/./train_network.py:318} INFO - Validation size: 557
[12:20:38] {/home/sport_bot/diplom/grasp/gr-convnet/./train_network.py:333} INFO - Done
[12:20:38] {/home/sport_bot/diplom/grasp/gr-convnet/./train_network.py:336} INFO - Loading Network...
[12:20:38] {/home/sport_bot/diplom/grasp/gr-convnet/./train_network.py:349} INFO - Done
[12:20:40] {/home/sport_bot/diplom/grasp/gr-convnet/./train_network.py:368} INFO - Beginning Epoch 00
[12:20:59] {/home/sport_bot/diplom/grasp/gr-convnet/./train_network.py:204} INFO - Epoch: 0, Batch: 10, Loss: 0.0210
[12:21:09] {/home/sport_bot/diplom/grasp/gr-convnet/./train_network.py:204} INFO - Epoch: 0, Batch: 20, Loss: 0.0089
[12:21:18] {/home/sport_bot/diplom/grasp/gr-convnet/./train_network.py:204} INFO - Epoch: 0, Batch: 30, Loss: 0.0190
[12:21:28] {/home/sport_bot/diplom/grasp/gr-convnet/./train_network.py:204} INFO - Epoch: 0, Batch: 40, Loss: 0.0102
[12:21:44] {/home/sport_bot/diplom/grasp/gr-convnet/./train_network.py:204} INFO - Epoch: 0, Batch: 50, Loss: 0.0216
[12:21:55] {/home/sport_bot/diplom/grasp/gr-convnet/./train_network.py:204} INFO - Epoch: 0, Batch: 60, Loss: 0.0200
[12:22:04] {/home/sport_bot/diplom/grasp/gr-convnet/./train_network.py:204} INFO - Epoch: 0, Batch: 70, Loss: 0.0195
[12:22:14] {/home/sport_bot/diplom/grasp/gr-convnet/./train_network.py:204} INFO - Epoch: 0, Batch: 80, Loss: 0.0174
[12:22:29] {/home/sport_bot/diplom/grasp/gr-convnet/./train_network.py:204} INFO - Epoch: 0, Batch: 90, Loss: 0.0209
[12:22:40] {/home/sport_bot/diplom/grasp/gr-convnet/./train_network.py:204} INFO - Epoch: 0, Batch: 100, Loss: 0.0221
[12:22:50] {/home/sport_bot/diplom/grasp/gr-convnet/./train_network.py:204} INFO - Epoch: 0, Batch: 110, Loss: 0.0182
[12:22:59] {/home/sport_bot/diplom/grasp/gr-convnet/./train_network.py:204} INFO - Epoch: 0, Batch: 120, Loss: 0.0261
[12:23:15] {/home/sport_bot/diplom/grasp/gr-convnet/./train_network.py:204} INFO - Epoch: 0, Batch: 130, Loss: 0.0128
[12:23:26] {/home/sport_bot/diplom/grasp/gr-convnet/./train_network.py:204} INFO - Epoch: 0, Batch: 140, Loss: 0.0131
[12:23:35] {/home/sport_bot/diplom/grasp/gr-convnet/./train_network.py:204} INFO - Epoch: 0, Batch: 150, Loss: 0.0229
[12:23:44] {/home/sport_bot/diplom/grasp/gr-convnet/./train_network.py:204} INFO - Epoch: 0, Batch: 160, Loss: 0.0160
[12:24:02] {/home/sport_bot/diplom/grasp/gr-convnet/./train_network.py:204} INFO - Epoch: 0, Batch: 170, Loss: 0.0099
[12:24:12] {/home/sport_bot/diplom/grasp/gr-convnet/./train_network.py:204} INFO - Epoch: 0, Batch: 180, Loss: 0.0204
[12:24:22] {/home/sport_bot/diplom/grasp/gr-convnet/./train_network.py:204} INFO - Epoch: 0, Batch: 190, Loss: 0.0266
[12:24:31] {/home/sport_bot/diplom/grasp/gr-convnet/./train_network.py:204} INFO - Epoch: 0, Batch: 200, Loss: 0.0133
[12:24:48] {/home/sport_bot/diplom/grasp/gr-convnet/./train_network.py:204} INFO - Epoch: 0, Batch: 210, Loss: 0.0413
[12:24:58] {/home/sport_bot/diplom/grasp/gr-convnet/./train_network.py:204} INFO - Epoch: 0, Batch: 220, Loss: 0.0150
[12:25:08] {/home/sport_bot/diplom/grasp/gr-convnet/./train_network.py:204} INFO - Epoch: 0, Batch: 230, Loss: 0.0258
[12:25:17] {/home/sport_bot/diplom/grasp/gr-convnet/./train_network.py:204} INFO - Epoch: 0, Batch: 240, Loss: 0.0195
[12:25:34] {/home/sport_bot/diplom/grasp/gr-convnet/./train_network.py:204} INFO - Epoch: 0, Batch: 250, Loss: 0.0228
[12:25:45] {/home/sport_bot/diplom/grasp/gr-convnet/./train_network.py:204} INFO - Epoch: 0, Batch: 260, Loss: 0.0231
[12:25:55] {/home/sport_bot/diplom/grasp/gr-convnet/./train_network.py:204} INFO - Epoch: 0, Batch: 270, Loss: 0.0266
[12:26:05] {/home/sport_bot/diplom/grasp/gr-convnet/./train_network.py:204} INFO - Epoch: 0, Batch: 280, Loss: 0.0192
[12:26:20] {/home/sport_bot/diplom/grasp/gr-convnet/./train_network.py:204} INFO - Epoch: 0, Batch: 290, Loss: 0.0188
[12:26:32] {/home/sport_bot/diplom/grasp/gr-convnet/./train_network.py:204} INFO - Epoch: 0, Batch: 300, Loss: 0.0206
[12:26:42] {/home/sport_bot/diplom/grasp/gr-convnet/./train_network.py:204} INFO - Epoch: 0, Batch: 310, Loss: 0.0153
[12:26:51] {/home/sport_bot/diplom/grasp/gr-convnet/./train_network.py:204} INFO - Epoch: 0, Batch: 320, Loss: 0.0255
[12:27:06] {/home/sport_bot/diplom/grasp/gr-convnet/./train_network.py:204} INFO - Epoch: 0, Batch: 330, Loss: 0.0198
[12:27:19] {/home/sport_bot/diplom/grasp/gr-convnet/./train_network.py:204} INFO - Epoch: 0, Batch: 340, Loss: 0.0254
[12:27:28] {/home/sport_bot/diplom/grasp/gr-convnet/./train_network.py:204} INFO - Epoch: 0, Batch: 350, Loss: 0.0167
[12:27:38] {/home/sport_bot/diplom/grasp/gr-convnet/./train_network.py:204} INFO - Epoch: 0, Batch: 360, Loss: 0.0228
[12:27:54] {/home/sport_bot/diplom/grasp/gr-convnet/./train_network.py:204} INFO - Epoch: 0, Batch: 370, Loss: 0.0247
[12:28:04] {/home/sport_bot/diplom/grasp/gr-convnet/./train_network.py:204} INFO - Epoch: 0, Batch: 380, Loss: 0.0305
[12:28:14] {/home/sport_bot/diplom/grasp/gr-convnet/./train_network.py:204} INFO - Epoch: 0, Batch: 390, Loss: 0.0226
[12:28:23] {/home/sport_bot/diplom/grasp/gr-convnet/./train_network.py:204} INFO - Epoch: 0, Batch: 400, Loss: 0.0369
[12:28:40] {/home/sport_bot/diplom/grasp/gr-convnet/./train_network.py:204} INFO - Epoch: 0, Batch: 410, Loss: 0.0124
[12:28:50] {/home/sport_bot/diplom/grasp/gr-convnet/./train_network.py:204} INFO - Epoch: 0, Batch: 420, Loss: 0.0141
[12:28:59] {/home/sport_bot/diplom/grasp/gr-convnet/./train_network.py:204} INFO - Epoch: 0, Batch: 430, Loss: 0.0230
[12:29:09] {/home/sport_bot/diplom/grasp/gr-convnet/./train_network.py:204} INFO - Epoch: 0, Batch: 440, Loss: 0.0149
[12:29:27] {/home/sport_bot/diplom/grasp/gr-convnet/./train_network.py:204} INFO - Epoch: 0, Batch: 450, Loss: 0.0176
[12:29:36] {/home/sport_bot/diplom/grasp/gr-convnet/./train_network.py:204} INFO - Epoch: 0, Batch: 460, Loss: 0.0190
[12:29:46] {/home/sport_bot/diplom/grasp/gr-convnet/./train_network.py:204} INFO - Epoch: 0, Batch: 470, Loss: 0.0324
[12:29:56] {/home/sport_bot/diplom/grasp/gr-convnet/./train_network.py:204} INFO - Epoch: 0, Batch: 480, Loss: 0.0200
[12:30:13] {/home/sport_bot/diplom/grasp/gr-convnet/./train_network.py:204} INFO - Epoch: 0, Batch: 490, Loss: 0.0233
[12:30:23] {/home/sport_bot/diplom/grasp/gr-convnet/./train_network.py:204} INFO - Epoch: 0, Batch: 500, Loss: 0.0194
[12:30:33] {/home/sport_bot/diplom/grasp/gr-convnet/./train_network.py:204} INFO - Epoch: 0, Batch: 510, Loss: 0.0136
[12:30:42] {/home/sport_bot/diplom/grasp/gr-convnet/./train_network.py:204} INFO - Epoch: 0, Batch: 520, Loss: 0.0186
[12:30:59] {/home/sport_bot/diplom/grasp/gr-convnet/./train_network.py:204} INFO - Epoch: 0, Batch: 530, Loss: 0.0299
[12:31:09] {/home/sport_bot/diplom/grasp/gr-convnet/./train_network.py:204} INFO - Epoch: 0, Batch: 540, Loss: 0.0258
[12:31:18] {/home/sport_bot/diplom/grasp/gr-convnet/./train_network.py:204} INFO - Epoch: 0, Batch: 550, Loss: 0.0341
[12:31:28] {/home/sport_bot/diplom/grasp/gr-convnet/./train_network.py:204} INFO - Epoch: 0, Batch: 560, Loss: 0.0248
[12:31:45] {/home/sport_bot/diplom/grasp/gr-convnet/./train_network.py:204} INFO - Epoch: 0, Batch: 570, Loss: 0.0167
[12:31:54] {/home/sport_bot/diplom/grasp/gr-convnet/./train_network.py:204} INFO - Epoch: 0, Batch: 580, Loss: 0.0253
[12:32:04] {/home/sport_bot/diplom/grasp/gr-convnet/./train_network.py:204} INFO - Epoch: 0, Batch: 590, Loss: 0.0192
[12:32:13] {/home/sport_bot/diplom/grasp/gr-convnet/./train_network.py:204} INFO - Epoch: 0, Batch: 600, Loss: 0.0106
[12:32:30] {/home/sport_bot/diplom/grasp/gr-convnet/./train_network.py:204} INFO - Epoch: 0, Batch: 610, Loss: 0.0252
[12:32:37] {/home/sport_bot/diplom/grasp/gr-convnet/./train_network.py:204} INFO - Epoch: 0, Batch: 620, Loss: 0.0163
[12:32:50] {/home/sport_bot/diplom/grasp/gr-convnet/./train_network.py:204} INFO - Epoch: 0, Batch: 630, Loss: 0.0174
[12:33:00] {/home/sport_bot/diplom/grasp/gr-convnet/./train_network.py:204} INFO - Epoch: 0, Batch: 640, Loss: 0.0209
[12:33:10] {/home/sport_bot/diplom/grasp/gr-convnet/./train_network.py:204} INFO - Epoch: 0, Batch: 650, Loss: 0.0248
[12:33:27] {/home/sport_bot/diplom/grasp/gr-convnet/./train_network.py:204} INFO - Epoch: 0, Batch: 660, Loss: 0.0130
[12:33:37] {/home/sport_bot/diplom/grasp/gr-convnet/./train_network.py:204} INFO - Epoch: 0, Batch: 670, Loss: 0.0225
[12:33:47] {/home/sport_bot/diplom/grasp/gr-convnet/./train_network.py:204} INFO - Epoch: 0, Batch: 680, Loss: 0.0225
[12:33:56] {/home/sport_bot/diplom/grasp/gr-convnet/./train_network.py:204} INFO - Epoch: 0, Batch: 690, Loss: 0.0407
[12:34:13] {/home/sport_bot/diplom/grasp/gr-convnet/./train_network.py:204} INFO - Epoch: 0, Batch: 700, Loss: 0.0155
[12:34:23] {/home/sport_bot/diplom/grasp/gr-convnet/./train_network.py:204} INFO - Epoch: 0, Batch: 710, Loss: 0.0230
[12:34:33] {/home/sport_bot/diplom/grasp/gr-convnet/./train_network.py:204} INFO - Epoch: 0, Batch: 720, Loss: 0.0150
[12:34:42] {/home/sport_bot/diplom/grasp/gr-convnet/./train_network.py:204} INFO - Epoch: 0, Batch: 730, Loss: 0.0284
[12:34:59] {/home/sport_bot/diplom/grasp/gr-convnet/./train_network.py:204} INFO - Epoch: 0, Batch: 740, Loss: 0.0200
[12:35:09] {/home/sport_bot/diplom/grasp/gr-convnet/./train_network.py:204} INFO - Epoch: 0, Batch: 750, Loss: 0.0210
[12:35:19] {/home/sport_bot/diplom/grasp/gr-convnet/./train_network.py:204} INFO - Epoch: 0, Batch: 760, Loss: 0.0154
[12:35:29] {/home/sport_bot/diplom/grasp/gr-convnet/./train_network.py:204} INFO - Epoch: 0, Batch: 770, Loss: 0.0172
[12:35:45] {/home/sport_bot/diplom/grasp/gr-convnet/./train_network.py:204} INFO - Epoch: 0, Batch: 780, Loss: 0.0157
[12:35:55] {/home/sport_bot/diplom/grasp/gr-convnet/./train_network.py:204} INFO - Epoch: 0, Batch: 790, Loss: 0.0163
[12:36:06] {/home/sport_bot/diplom/grasp/gr-convnet/./train_network.py:204} INFO - Epoch: 0, Batch: 800, Loss: 0.0368
[12:36:15] {/home/sport_bot/diplom/grasp/gr-convnet/./train_network.py:204} INFO - Epoch: 0, Batch: 810, Loss: 0.0176
[12:36:32] {/home/sport_bot/diplom/grasp/gr-convnet/./train_network.py:204} INFO - Epoch: 0, Batch: 820, Loss: 0.0160
[12:36:41] {/home/sport_bot/diplom/grasp/gr-convnet/./train_network.py:204} INFO - Epoch: 0, Batch: 830, Loss: 0.0312
[12:36:52] {/home/sport_bot/diplom/grasp/gr-convnet/./train_network.py:204} INFO - Epoch: 0, Batch: 840, Loss: 0.0195
[12:37:02] {/home/sport_bot/diplom/grasp/gr-convnet/./train_network.py:204} INFO - Epoch: 0, Batch: 850, Loss: 0.0231
[12:37:18] {/home/sport_bot/diplom/grasp/gr-convnet/./train_network.py:204} INFO - Epoch: 0, Batch: 860, Loss: 0.0258
[12:37:27] {/home/sport_bot/diplom/grasp/gr-convnet/./train_network.py:204} INFO - Epoch: 0, Batch: 870, Loss: 0.0256
[12:37:38] {/home/sport_bot/diplom/grasp/gr-convnet/./train_network.py:204} INFO - Epoch: 0, Batch: 880, Loss: 0.0131
[12:37:48] {/home/sport_bot/diplom/grasp/gr-convnet/./train_network.py:204} INFO - Epoch: 0, Batch: 890, Loss: 0.0257
[12:38:05] {/home/sport_bot/diplom/grasp/gr-convnet/./train_network.py:204} INFO - Epoch: 0, Batch: 900, Loss: 0.0334
[12:38:14] {/home/sport_bot/diplom/grasp/gr-convnet/./train_network.py:204} INFO - Epoch: 0, Batch: 910, Loss: 0.0129
[12:38:24] {/home/sport_bot/diplom/grasp/gr-convnet/./train_network.py:204} INFO - Epoch: 0, Batch: 920, Loss: 0.0150
[12:38:33] {/home/sport_bot/diplom/grasp/gr-convnet/./train_network.py:204} INFO - Epoch: 0, Batch: 930, Loss: 0.0121
[12:38:51] {/home/sport_bot/diplom/grasp/gr-convnet/./train_network.py:204} INFO - Epoch: 0, Batch: 940, Loss: 0.0365
[12:39:01] {/home/sport_bot/diplom/grasp/gr-convnet/./train_network.py:204} INFO - Epoch: 0, Batch: 950, Loss: 0.0174
[12:39:11] {/home/sport_bot/diplom/grasp/gr-convnet/./train_network.py:204} INFO - Epoch: 0, Batch: 960, Loss: 0.0119
[12:39:21] {/home/sport_bot/diplom/grasp/gr-convnet/./train_network.py:204} INFO - Epoch: 0, Batch: 970, Loss: 0.0184
[12:39:38] {/home/sport_bot/diplom/grasp/gr-convnet/./train_network.py:204} INFO - Epoch: 0, Batch: 980, Loss: 0.0336
[12:39:48] {/home/sport_bot/diplom/grasp/gr-convnet/./train_network.py:204} INFO - Epoch: 0, Batch: 990, Loss: 0.0115
[12:40:23] {/home/sport_bot/diplom/grasp/gr-convnet/./train_network.py:385} INFO - Validating...
[12:41:52] {/home/sport_bot/diplom/grasp/gr-convnet/./train_network.py:387} INFO - 487/557 = 0.874327
[12:41:52] {/home/sport_bot/diplom/grasp/gr-convnet/./train_network.py:368} INFO - Beginning Epoch 01
[12:42:11] {/home/sport_bot/diplom/grasp/gr-convnet/./train_network.py:204} INFO - Epoch: 1, Batch: 10, Loss: 0.0150
[12:42:21] {/home/sport_bot/diplom/grasp/gr-convnet/./train_network.py:204} INFO - Epoch: 1, Batch: 20, Loss: 0.0092
[12:42:31] {/home/sport_bot/diplom/grasp/gr-convnet/./train_network.py:204} INFO - Epoch: 1, Batch: 30, Loss: 0.0218
[12:42:41] {/home/sport_bot/diplom/grasp/gr-convnet/./train_network.py:204} INFO - Epoch: 1, Batch: 40, Loss: 0.0146
[12:42:58] {/home/sport_bot/diplom/grasp/gr-convnet/./train_network.py:204} INFO - Epoch: 1, Batch: 50, Loss: 0.0543
[12:43:08] {/home/sport_bot/diplom/grasp/gr-convnet/./train_network.py:204} INFO - Epoch: 1, Batch: 60, Loss: 0.0404
[12:43:18] {/home/sport_bot/diplom/grasp/gr-convnet/./train_network.py:204} INFO - Epoch: 1, Batch: 70, Loss: 0.0166
[12:43:27] {/home/sport_bot/diplom/grasp/gr-convnet/./train_network.py:204} INFO - Epoch: 1, Batch: 80, Loss: 0.0280
[12:43:45] {/home/sport_bot/diplom/grasp/gr-convnet/./train_network.py:204} INFO - Epoch: 1, Batch: 90, Loss: 0.0118
[12:43:55] {/home/sport_bot/diplom/grasp/gr-convnet/./train_network.py:204} INFO - Epoch: 1, Batch: 100, Loss: 0.0154
[12:44:05] {/home/sport_bot/diplom/grasp/gr-convnet/./train_network.py:204} INFO - Epoch: 1, Batch: 110, Loss: 0.0227
[12:44:14] {/home/sport_bot/diplom/grasp/gr-convnet/./train_network.py:204} INFO - Epoch: 1, Batch: 120, Loss: 0.0169
[12:44:31] {/home/sport_bot/diplom/grasp/gr-convnet/./train_network.py:204} INFO - Epoch: 1, Batch: 130, Loss: 0.0239
[12:44:40] {/home/sport_bot/diplom/grasp/gr-convnet/./train_network.py:204} INFO - Epoch: 1, Batch: 140, Loss: 0.0189
[12:44:51] {/home/sport_bot/diplom/grasp/gr-convnet/./train_network.py:204} INFO - Epoch: 1, Batch: 150, Loss: 0.0132
[12:45:00] {/home/sport_bot/diplom/grasp/gr-convnet/./train_network.py:204} INFO - Epoch: 1, Batch: 160, Loss: 0.0156
[12:45:17] {/home/sport_bot/diplom/grasp/gr-convnet/./train_network.py:204} INFO - Epoch: 1, Batch: 170, Loss: 0.0134
[12:45:26] {/home/sport_bot/diplom/grasp/gr-convnet/./train_network.py:204} INFO - Epoch: 1, Batch: 180, Loss: 0.0225
[12:45:37] {/home/sport_bot/diplom/grasp/gr-convnet/./train_network.py:204} INFO - Epoch: 1, Batch: 190, Loss: 0.0263
[12:45:48] {/home/sport_bot/diplom/grasp/gr-convnet/./train_network.py:204} INFO - Epoch: 1, Batch: 200, Loss: 0.0180
[12:46:03] {/home/sport_bot/diplom/grasp/gr-convnet/./train_network.py:204} INFO - Epoch: 1, Batch: 210, Loss: 0.0145
[12:46:13] {/home/sport_bot/diplom/grasp/gr-convnet/./train_network.py:204} INFO - Epoch: 1, Batch: 220, Loss: 0.0167
[12:46:24] {/home/sport_bot/diplom/grasp/gr-convnet/./train_network.py:204} INFO - Epoch: 1, Batch: 230, Loss: 0.0304
[12:46:34] {/home/sport_bot/diplom/grasp/gr-convnet/./train_network.py:204} INFO - Epoch: 1, Batch: 240, Loss: 0.0257
[12:46:50] {/home/sport_bot/diplom/grasp/gr-convnet/./train_network.py:204} INFO - Epoch: 1, Batch: 250, Loss: 0.0207
[12:46:59] {/home/sport_bot/diplom/grasp/gr-convnet/./train_network.py:204} INFO - Epoch: 1, Batch: 260, Loss: 0.0640
[12:47:10] {/home/sport_bot/diplom/grasp/gr-convnet/./train_network.py:204} INFO - Epoch: 1, Batch: 270, Loss: 0.0244
[12:47:20] {/home/sport_bot/diplom/grasp/gr-convnet/./train_network.py:204} INFO - Epoch: 1, Batch: 280, Loss: 0.0145
[12:47:36] {/home/sport_bot/diplom/grasp/gr-convnet/./train_network.py:204} INFO - Epoch: 1, Batch: 290, Loss: 0.0228
[12:47:45] {/home/sport_bot/diplom/grasp/gr-convnet/./train_network.py:204} INFO - Epoch: 1, Batch: 300, Loss: 0.0176
[12:47:56] {/home/sport_bot/diplom/grasp/gr-convnet/./train_network.py:204} INFO - Epoch: 1, Batch: 310, Loss: 0.0140
[12:48:06] {/home/sport_bot/diplom/grasp/gr-convnet/./train_network.py:204} INFO - Epoch: 1, Batch: 320, Loss: 0.0177
[12:48:22] {/home/sport_bot/diplom/grasp/gr-convnet/./train_network.py:204} INFO - Epoch: 1, Batch: 330, Loss: 0.0187
[12:48:32] {/home/sport_bot/diplom/grasp/gr-convnet/./train_network.py:204} INFO - Epoch: 1, Batch: 340, Loss: 0.0194
[12:48:42] {/home/sport_bot/diplom/grasp/gr-convnet/./train_network.py:204} INFO - Epoch: 1, Batch: 350, Loss: 0.0181
[12:48:51] {/home/sport_bot/diplom/grasp/gr-convnet/./train_network.py:204} INFO - Epoch: 1, Batch: 360, Loss: 0.0265
[12:49:09] {/home/sport_bot/diplom/grasp/gr-convnet/./train_network.py:204} INFO - Epoch: 1, Batch: 370, Loss: 0.0214
[12:49:19] {/home/sport_bot/diplom/grasp/gr-convnet/./train_network.py:204} INFO - Epoch: 1, Batch: 380, Loss: 0.0360
[12:49:29] {/home/sport_bot/diplom/grasp/gr-convnet/./train_network.py:204} INFO - Epoch: 1, Batch: 390, Loss: 0.0318
[12:49:41] {/home/sport_bot/diplom/grasp/gr-convnet/./train_network.py:204} INFO - Epoch: 1, Batch: 400, Loss: 0.0148
[12:50:04] {/home/sport_bot/diplom/grasp/gr-convnet/./train_network.py:204} INFO - Epoch: 1, Batch: 410, Loss: 0.0248
[12:50:14] {/home/sport_bot/diplom/grasp/gr-convnet/./train_network.py:204} INFO - Epoch: 1, Batch: 420, Loss: 0.0340
[12:50:26] {/home/sport_bot/diplom/grasp/gr-convnet/./train_network.py:204} INFO - Epoch: 1, Batch: 430, Loss: 0.0231
[12:50:36] {/home/sport_bot/diplom/grasp/gr-convnet/./train_network.py:204} INFO - Epoch: 1, Batch: 440, Loss: 0.0199
[12:50:50] {/home/sport_bot/diplom/grasp/gr-convnet/./train_network.py:204} INFO - Epoch: 1, Batch: 450, Loss: 0.0166
[12:51:00] {/home/sport_bot/diplom/grasp/gr-convnet/./train_network.py:204} INFO - Epoch: 1, Batch: 460, Loss: 0.0118
[12:51:13] {/home/sport_bot/diplom/grasp/gr-convnet/./train_network.py:204} INFO - Epoch: 1, Batch: 470, Loss: 0.0333
[12:51:23] {/home/sport_bot/diplom/grasp/gr-convnet/./train_network.py:204} INFO - Epoch: 1, Batch: 480, Loss: 0.0350
[12:51:37] {/home/sport_bot/diplom/grasp/gr-convnet/./train_network.py:204} INFO - Epoch: 1, Batch: 490, Loss: 0.0312
[12:51:47] {/home/sport_bot/diplom/grasp/gr-convnet/./train_network.py:204} INFO - Epoch: 1, Batch: 500, Loss: 0.0201
[12:52:01] {/home/sport_bot/diplom/grasp/gr-convnet/./train_network.py:204} INFO - Epoch: 1, Batch: 510, Loss: 0.0347
[12:52:11] {/home/sport_bot/diplom/grasp/gr-convnet/./train_network.py:204} INFO - Epoch: 1, Batch: 520, Loss: 0.0113
[12:52:23] {/home/sport_bot/diplom/grasp/gr-convnet/./train_network.py:204} INFO - Epoch: 1, Batch: 530, Loss: 0.0084
[12:52:33] {/home/sport_bot/diplom/grasp/gr-convnet/./train_network.py:204} INFO - Epoch: 1, Batch: 540, Loss: 0.0131
[12:52:47] {/home/sport_bot/diplom/grasp/gr-convnet/./train_network.py:204} INFO - Epoch: 1, Batch: 550, Loss: 0.0267
[12:52:57] {/home/sport_bot/diplom/grasp/gr-convnet/./train_network.py:204} INFO - Epoch: 1, Batch: 560, Loss: 0.0089
[12:53:09] {/home/sport_bot/diplom/grasp/gr-convnet/./train_network.py:204} INFO - Epoch: 1, Batch: 570, Loss: 0.0183
[12:53:19] {/home/sport_bot/diplom/grasp/gr-convnet/./train_network.py:204} INFO - Epoch: 1, Batch: 580, Loss: 0.0208
[12:53:34] {/home/sport_bot/diplom/grasp/gr-convnet/./train_network.py:204} INFO - Epoch: 1, Batch: 590, Loss: 0.0111
[12:53:44] {/home/sport_bot/diplom/grasp/gr-convnet/./train_network.py:204} INFO - Epoch: 1, Batch: 600, Loss: 0.0050
[12:53:54] {/home/sport_bot/diplom/grasp/gr-convnet/./train_network.py:204} INFO - Epoch: 1, Batch: 610, Loss: 0.0196
[12:54:04] {/home/sport_bot/diplom/grasp/gr-convnet/./train_network.py:204} INFO - Epoch: 1, Batch: 620, Loss: 0.0176
[12:54:19] {/home/sport_bot/diplom/grasp/gr-convnet/./train_network.py:204} INFO - Epoch: 1, Batch: 630, Loss: 0.0273
[12:54:29] {/home/sport_bot/diplom/grasp/gr-convnet/./train_network.py:204} INFO - Epoch: 1, Batch: 640, Loss: 0.0273
[12:54:39] {/home/sport_bot/diplom/grasp/gr-convnet/./train_network.py:204} INFO - Epoch: 1, Batch: 650, Loss: 0.0122
[12:54:57] {/home/sport_bot/diplom/grasp/gr-convnet/./train_network.py:204} INFO - Epoch: 1, Batch: 660, Loss: 0.0182
[12:55:06] {/home/sport_bot/diplom/grasp/gr-convnet/./train_network.py:204} INFO - Epoch: 1, Batch: 670, Loss: 0.0394
[12:55:16] {/home/sport_bot/diplom/grasp/gr-convnet/./train_network.py:204} INFO - Epoch: 1, Batch: 680, Loss: 0.0164
[12:55:26] {/home/sport_bot/diplom/grasp/gr-convnet/./train_network.py:204} INFO - Epoch: 1, Batch: 690, Loss: 0.0248
[12:55:43] {/home/sport_bot/diplom/grasp/gr-convnet/./train_network.py:204} INFO - Epoch: 1, Batch: 700, Loss: 0.0107
[12:55:53] {/home/sport_bot/diplom/grasp/gr-convnet/./train_network.py:204} INFO - Epoch: 1, Batch: 710, Loss: 0.0219
[12:56:03] {/home/sport_bot/diplom/grasp/gr-convnet/./train_network.py:204} INFO - Epoch: 1, Batch: 720, Loss: 0.0285
[12:56:13] {/home/sport_bot/diplom/grasp/gr-convnet/./train_network.py:204} INFO - Epoch: 1, Batch: 730, Loss: 0.0117
[12:56:30] {/home/sport_bot/diplom/grasp/gr-convnet/./train_network.py:204} INFO - Epoch: 1, Batch: 740, Loss: 0.0214
[12:56:40] {/home/sport_bot/diplom/grasp/gr-convnet/./train_network.py:204} INFO - Epoch: 1, Batch: 750, Loss: 0.0149
[12:56:49] {/home/sport_bot/diplom/grasp/gr-convnet/./train_network.py:204} INFO - Epoch: 1, Batch: 760, Loss: 0.0231
[12:56:59] {/home/sport_bot/diplom/grasp/gr-convnet/./train_network.py:204} INFO - Epoch: 1, Batch: 770, Loss: 0.0159
[12:57:17] {/home/sport_bot/diplom/grasp/gr-convnet/./train_network.py:204} INFO - Epoch: 1, Batch: 780, Loss: 0.0110
[12:57:27] {/home/sport_bot/diplom/grasp/gr-convnet/./train_network.py:204} INFO - Epoch: 1, Batch: 790, Loss: 0.0167
[12:57:37] {/home/sport_bot/diplom/grasp/gr-convnet/./train_network.py:204} INFO - Epoch: 1, Batch: 800, Loss: 0.0309
[12:57:46] {/home/sport_bot/diplom/grasp/gr-convnet/./train_network.py:204} INFO - Epoch: 1, Batch: 810, Loss: 0.0192
[12:58:04] {/home/sport_bot/diplom/grasp/gr-convnet/./train_network.py:204} INFO - Epoch: 1, Batch: 820, Loss: 0.0230
[12:58:13] {/home/sport_bot/diplom/grasp/gr-convnet/./train_network.py:204} INFO - Epoch: 1, Batch: 830, Loss: 0.0253
[12:58:23] {/home/sport_bot/diplom/grasp/gr-convnet/./train_network.py:204} INFO - Epoch: 1, Batch: 840, Loss: 0.0234
[12:58:32] {/home/sport_bot/diplom/grasp/gr-convnet/./train_network.py:204} INFO - Epoch: 1, Batch: 850, Loss: 0.0201
[12:58:50] {/home/sport_bot/diplom/grasp/gr-convnet/./train_network.py:204} INFO - Epoch: 1, Batch: 860, Loss: 0.0248
[12:59:00] {/home/sport_bot/diplom/grasp/gr-convnet/./train_network.py:204} INFO - Epoch: 1, Batch: 870, Loss: 0.0159
[12:59:10] {/home/sport_bot/diplom/grasp/gr-convnet/./train_network.py:204} INFO - Epoch: 1, Batch: 880, Loss: 0.0113
[12:59:19] {/home/sport_bot/diplom/grasp/gr-convnet/./train_network.py:204} INFO - Epoch: 1, Batch: 890, Loss: 0.0215
[12:59:36] {/home/sport_bot/diplom/grasp/gr-convnet/./train_network.py:204} INFO - Epoch: 1, Batch: 900, Loss: 0.0404
[12:59:46] {/home/sport_bot/diplom/grasp/gr-convnet/./train_network.py:204} INFO - Epoch: 1, Batch: 910, Loss: 0.0233
[12:59:56] {/home/sport_bot/diplom/grasp/gr-convnet/./train_network.py:204} INFO - Epoch: 1, Batch: 920, Loss: 0.0225
[13:00:06] {/home/sport_bot/diplom/grasp/gr-convnet/./train_network.py:204} INFO - Epoch: 1, Batch: 930, Loss: 0.0135
[13:00:23] {/home/sport_bot/diplom/grasp/gr-convnet/./train_network.py:204} INFO - Epoch: 1, Batch: 940, Loss: 0.0280
[13:00:32] {/home/sport_bot/diplom/grasp/gr-convnet/./train_network.py:204} INFO - Epoch: 1, Batch: 950, Loss: 0.0131
[13:00:42] {/home/sport_bot/diplom/grasp/gr-convnet/./train_network.py:204} INFO - Epoch: 1, Batch: 960, Loss: 0.0214
[13:00:53] {/home/sport_bot/diplom/grasp/gr-convnet/./train_network.py:204} INFO - Epoch: 1, Batch: 970, Loss: 0.0243
[13:01:09] {/home/sport_bot/diplom/grasp/gr-convnet/./train_network.py:204} INFO - Epoch: 1, Batch: 980, Loss: 0.0140
[13:01:18] {/home/sport_bot/diplom/grasp/gr-convnet/./train_network.py:204} INFO - Epoch: 1, Batch: 990, Loss: 0.0176
[13:01:53] {/home/sport_bot/diplom/grasp/gr-convnet/./train_network.py:385} INFO - Validating...
[13:03:23] {/home/sport_bot/diplom/grasp/gr-convnet/./train_network.py:387} INFO - 500/557 = 0.897666
[13:03:24] {/home/sport_bot/diplom/grasp/gr-convnet/./train_network.py:368} INFO - Beginning Epoch 02
[13:03:42] {/home/sport_bot/diplom/grasp/gr-convnet/./train_network.py:204} INFO - Epoch: 2, Batch: 10, Loss: 0.0270
[13:03:53] {/home/sport_bot/diplom/grasp/gr-convnet/./train_network.py:204} INFO - Epoch: 2, Batch: 20, Loss: 0.0234
[13:04:02] {/home/sport_bot/diplom/grasp/gr-convnet/./train_network.py:204} INFO - Epoch: 2, Batch: 30, Loss: 0.0217
[13:04:12] {/home/sport_bot/diplom/grasp/gr-convnet/./train_network.py:204} INFO - Epoch: 2, Batch: 40, Loss: 0.0316
[13:04:29] {/home/sport_bot/diplom/grasp/gr-convnet/./train_network.py:204} INFO - Epoch: 2, Batch: 50, Loss: 0.0304
[13:04:39] {/home/sport_bot/diplom/grasp/gr-convnet/./train_network.py:204} INFO - Epoch: 2, Batch: 60, Loss: 0.0201
[13:04:48] {/home/sport_bot/diplom/grasp/gr-convnet/./train_network.py:204} INFO - Epoch: 2, Batch: 70, Loss: 0.0267
[13:04:58] {/home/sport_bot/diplom/grasp/gr-convnet/./train_network.py:204} INFO - Epoch: 2, Batch: 80, Loss: 0.0263
[13:05:15] {/home/sport_bot/diplom/grasp/gr-convnet/./train_network.py:204} INFO - Epoch: 2, Batch: 90, Loss: 0.0252
[13:05:25] {/home/sport_bot/diplom/grasp/gr-convnet/./train_network.py:204} INFO - Epoch: 2, Batch: 100, Loss: 0.0155
[13:05:35] {/home/sport_bot/diplom/grasp/gr-convnet/./train_network.py:204} INFO - Epoch: 2, Batch: 110, Loss: 0.0171
[13:05:45] {/home/sport_bot/diplom/grasp/gr-convnet/./train_network.py:204} INFO - Epoch: 2, Batch: 120, Loss: 0.0183
[13:06:02] {/home/sport_bot/diplom/grasp/gr-convnet/./train_network.py:204} INFO - Epoch: 2, Batch: 130, Loss: 0.0206
[13:06:12] {/home/sport_bot/diplom/grasp/gr-convnet/./train_network.py:204} INFO - Epoch: 2, Batch: 140, Loss: 0.0214
[13:06:21] {/home/sport_bot/diplom/grasp/gr-convnet/./train_network.py:204} INFO - Epoch: 2, Batch: 150, Loss: 0.0234
[13:06:32] {/home/sport_bot/diplom/grasp/gr-convnet/./train_network.py:204} INFO - Epoch: 2, Batch: 160, Loss: 0.0303
[13:06:48] {/home/sport_bot/diplom/grasp/gr-convnet/./train_network.py:204} INFO - Epoch: 2, Batch: 170, Loss: 0.0189
[13:06:59] {/home/sport_bot/diplom/grasp/gr-convnet/./train_network.py:204} INFO - Epoch: 2, Batch: 180, Loss: 0.0129
[13:07:08] {/home/sport_bot/diplom/grasp/gr-convnet/./train_network.py:204} INFO - Epoch: 2, Batch: 190, Loss: 0.0275
[13:07:18] {/home/sport_bot/diplom/grasp/gr-convnet/./train_network.py:204} INFO - Epoch: 2, Batch: 200, Loss: 0.0265
[13:07:34] {/home/sport_bot/diplom/grasp/gr-convnet/./train_network.py:204} INFO - Epoch: 2, Batch: 210, Loss: 0.0151
[13:07:46] {/home/sport_bot/diplom/grasp/gr-convnet/./train_network.py:204} INFO - Epoch: 2, Batch: 220, Loss: 0.0303
[13:07:56] {/home/sport_bot/diplom/grasp/gr-convnet/./train_network.py:204} INFO - Epoch: 2, Batch: 230, Loss: 0.0361
[13:08:06] {/home/sport_bot/diplom/grasp/gr-convnet/./train_network.py:204} INFO - Epoch: 2, Batch: 240, Loss: 0.0143
[13:08:20] {/home/sport_bot/diplom/grasp/gr-convnet/./train_network.py:204} INFO - Epoch: 2, Batch: 250, Loss: 0.0265
[13:08:33] {/home/sport_bot/diplom/grasp/gr-convnet/./train_network.py:204} INFO - Epoch: 2, Batch: 260, Loss: 0.0207
[13:08:43] {/home/sport_bot/diplom/grasp/gr-convnet/./train_network.py:204} INFO - Epoch: 2, Batch: 270, Loss: 0.0140
[13:08:53] {/home/sport_bot/diplom/grasp/gr-convnet/./train_network.py:204} INFO - Epoch: 2, Batch: 280, Loss: 0.0163
[13:09:07] {/home/sport_bot/diplom/grasp/gr-convnet/./train_network.py:204} INFO - Epoch: 2, Batch: 290, Loss: 0.0129
[13:09:21] {/home/sport_bot/diplom/grasp/gr-convnet/./train_network.py:204} INFO - Epoch: 2, Batch: 300, Loss: 0.0204
[13:09:31] {/home/sport_bot/diplom/grasp/gr-convnet/./train_network.py:204} INFO - Epoch: 2, Batch: 310, Loss: 0.0118
[13:09:40] {/home/sport_bot/diplom/grasp/gr-convnet/./train_network.py:204} INFO - Epoch: 2, Batch: 320, Loss: 0.0309
[13:09:54] {/home/sport_bot/diplom/grasp/gr-convnet/./train_network.py:204} INFO - Epoch: 2, Batch: 330, Loss: 0.0122
[13:10:08] {/home/sport_bot/diplom/grasp/gr-convnet/./train_network.py:204} INFO - Epoch: 2, Batch: 340, Loss: 0.0291
[13:10:17] {/home/sport_bot/diplom/grasp/gr-convnet/./train_network.py:204} INFO - Epoch: 2, Batch: 350, Loss: 0.0168
[13:10:26] {/home/sport_bot/diplom/grasp/gr-convnet/./train_network.py:204} INFO - Epoch: 2, Batch: 360, Loss: 0.0188
[13:10:41] {/home/sport_bot/diplom/grasp/gr-convnet/./train_network.py:204} INFO - Epoch: 2, Batch: 370, Loss: 0.0195
[13:10:53] {/home/sport_bot/diplom/grasp/gr-convnet/./train_network.py:204} INFO - Epoch: 2, Batch: 380, Loss: 0.0156
[13:11:03] {/home/sport_bot/diplom/grasp/gr-convnet/./train_network.py:204} INFO - Epoch: 2, Batch: 390, Loss: 0.0231
[13:11:13] {/home/sport_bot/diplom/grasp/gr-convnet/./train_network.py:204} INFO - Epoch: 2, Batch: 400, Loss: 0.0239
[13:11:28] {/home/sport_bot/diplom/grasp/gr-convnet/./train_network.py:204} INFO - Epoch: 2, Batch: 410, Loss: 0.0127
[13:11:40] {/home/sport_bot/diplom/grasp/gr-convnet/./train_network.py:204} INFO - Epoch: 2, Batch: 420, Loss: 0.0274
[13:11:49] {/home/sport_bot/diplom/grasp/gr-convnet/./train_network.py:204} INFO - Epoch: 2, Batch: 430, Loss: 0.0388
[13:11:59] {/home/sport_bot/diplom/grasp/gr-convnet/./train_network.py:204} INFO - Epoch: 2, Batch: 440, Loss: 0.0182
[13:12:14] {/home/sport_bot/diplom/grasp/gr-convnet/./train_network.py:204} INFO - Epoch: 2, Batch: 450, Loss: 0.0231
[13:12:26] {/home/sport_bot/diplom/grasp/gr-convnet/./train_network.py:204} INFO - Epoch: 2, Batch: 460, Loss: 0.0117
[13:12:36] {/home/sport_bot/diplom/grasp/gr-convnet/./train_network.py:204} INFO - Epoch: 2, Batch: 470, Loss: 0.0144
[13:12:46] {/home/sport_bot/diplom/grasp/gr-convnet/./train_network.py:204} INFO - Epoch: 2, Batch: 480, Loss: 0.0132
[13:13:01] {/home/sport_bot/diplom/grasp/gr-convnet/./train_network.py:204} INFO - Epoch: 2, Batch: 490, Loss: 0.0203
[13:13:12] {/home/sport_bot/diplom/grasp/gr-convnet/./train_network.py:204} INFO - Epoch: 2, Batch: 500, Loss: 0.0182
[13:13:22] {/home/sport_bot/diplom/grasp/gr-convnet/./train_network.py:204} INFO - Epoch: 2, Batch: 510, Loss: 0.0234
[13:13:31] {/home/sport_bot/diplom/grasp/gr-convnet/./train_network.py:204} INFO - Epoch: 2, Batch: 520, Loss: 0.0331
[13:13:48] {/home/sport_bot/diplom/grasp/gr-convnet/./train_network.py:204} INFO - Epoch: 2, Batch: 530, Loss: 0.0175
[13:13:58] {/home/sport_bot/diplom/grasp/gr-convnet/./train_network.py:204} INFO - Epoch: 2, Batch: 540, Loss: 0.0256
[13:14:08] {/home/sport_bot/diplom/grasp/gr-convnet/./train_network.py:204} INFO - Epoch: 2, Batch: 550, Loss: 0.0224
[13:14:17] {/home/sport_bot/diplom/grasp/gr-convnet/./train_network.py:204} INFO - Epoch: 2, Batch: 560, Loss: 0.0191
[13:14:35] {/home/sport_bot/diplom/grasp/gr-convnet/./train_network.py:204} INFO - Epoch: 2, Batch: 570, Loss: 0.0426
[13:14:45] {/home/sport_bot/diplom/grasp/gr-convnet/./train_network.py:204} INFO - Epoch: 2, Batch: 580, Loss: 0.0142
[13:14:55] {/home/sport_bot/diplom/grasp/gr-convnet/./train_network.py:204} INFO - Epoch: 2, Batch: 590, Loss: 0.0331
[13:15:05] {/home/sport_bot/diplom/grasp/gr-convnet/./train_network.py:204} INFO - Epoch: 2, Batch: 600, Loss: 0.0221
[13:15:22] {/home/sport_bot/diplom/grasp/gr-convnet/./train_network.py:204} INFO - Epoch: 2, Batch: 610, Loss: 0.0169
[13:15:30] {/home/sport_bot/diplom/grasp/gr-convnet/./train_network.py:204} INFO - Epoch: 2, Batch: 620, Loss: 0.0219
[13:15:45] {/home/sport_bot/diplom/grasp/gr-convnet/./train_network.py:204} INFO - Epoch: 2, Batch: 630, Loss: 0.0132
[13:15:55] {/home/sport_bot/diplom/grasp/gr-convnet/./train_network.py:204} INFO - Epoch: 2, Batch: 640, Loss: 0.0341
[13:16:05] {/home/sport_bot/diplom/grasp/gr-convnet/./train_network.py:204} INFO - Epoch: 2, Batch: 650, Loss: 0.0249
[13:16:23] {/home/sport_bot/diplom/grasp/gr-convnet/./train_network.py:204} INFO - Epoch: 2, Batch: 660, Loss: 0.0178
[13:16:32] {/home/sport_bot/diplom/grasp/gr-convnet/./train_network.py:204} INFO - Epoch: 2, Batch: 670, Loss: 0.0105
[13:16:42] {/home/sport_bot/diplom/grasp/gr-convnet/./train_network.py:204} INFO - Epoch: 2, Batch: 680, Loss: 0.0278
[13:16:52] {/home/sport_bot/diplom/grasp/gr-convnet/./train_network.py:204} INFO - Epoch: 2, Batch: 690, Loss: 0.0208
[13:17:10] {/home/sport_bot/diplom/grasp/gr-convnet/./train_network.py:204} INFO - Epoch: 2, Batch: 700, Loss: 0.0447
[13:17:20] {/home/sport_bot/diplom/grasp/gr-convnet/./train_network.py:204} INFO - Epoch: 2, Batch: 710, Loss: 0.0251
[13:17:30] {/home/sport_bot/diplom/grasp/gr-convnet/./train_network.py:204} INFO - Epoch: 2, Batch: 720, Loss: 0.0269
[13:17:39] {/home/sport_bot/diplom/grasp/gr-convnet/./train_network.py:204} INFO - Epoch: 2, Batch: 730, Loss: 0.0139
[13:17:57] {/home/sport_bot/diplom/grasp/gr-convnet/./train_network.py:204} INFO - Epoch: 2, Batch: 740, Loss: 0.0230
[13:18:07] {/home/sport_bot/diplom/grasp/gr-convnet/./train_network.py:204} INFO - Epoch: 2, Batch: 750, Loss: 0.0298
[13:18:17] {/home/sport_bot/diplom/grasp/gr-convnet/./train_network.py:204} INFO - Epoch: 2, Batch: 760, Loss: 0.0512
[13:18:27] {/home/sport_bot/diplom/grasp/gr-convnet/./train_network.py:204} INFO - Epoch: 2, Batch: 770, Loss: 0.0127
[13:18:45] {/home/sport_bot/diplom/grasp/gr-convnet/./train_network.py:204} INFO - Epoch: 2, Batch: 780, Loss: 0.0142
[13:18:55] {/home/sport_bot/diplom/grasp/gr-convnet/./train_network.py:204} INFO - Epoch: 2, Batch: 790, Loss: 0.0156
[13:19:05] {/home/sport_bot/diplom/grasp/gr-convnet/./train_network.py:204} INFO - Epoch: 2, Batch: 800, Loss: 0.0410
[13:19:14] {/home/sport_bot/diplom/grasp/gr-convnet/./train_network.py:204} INFO - Epoch: 2, Batch: 810, Loss: 0.0158
[13:19:32] {/home/sport_bot/diplom/grasp/gr-convnet/./train_network.py:204} INFO - Epoch: 2, Batch: 820, Loss: 0.0166
[13:19:41] {/home/sport_bot/diplom/grasp/gr-convnet/./train_network.py:204} INFO - Epoch: 2, Batch: 830, Loss: 0.0161
[13:19:51] {/home/sport_bot/diplom/grasp/gr-convnet/./train_network.py:204} INFO - Epoch: 2, Batch: 840, Loss: 0.0150
[13:20:01] {/home/sport_bot/diplom/grasp/gr-convnet/./train_network.py:204} INFO - Epoch: 2, Batch: 850, Loss: 0.0244
[13:20:19] {/home/sport_bot/diplom/grasp/gr-convnet/./train_network.py:204} INFO - Epoch: 2, Batch: 860, Loss: 0.0167
[13:20:29] {/home/sport_bot/diplom/grasp/gr-convnet/./train_network.py:204} INFO - Epoch: 2, Batch: 870, Loss: 0.0255
[13:20:39] {/home/sport_bot/diplom/grasp/gr-convnet/./train_network.py:204} INFO - Epoch: 2, Batch: 880, Loss: 0.0234
[13:20:48] {/home/sport_bot/diplom/grasp/gr-convnet/./train_network.py:204} INFO - Epoch: 2, Batch: 890, Loss: 0.0143
[13:21:05] {/home/sport_bot/diplom/grasp/gr-convnet/./train_network.py:204} INFO - Epoch: 2, Batch: 900, Loss: 0.0120
[13:21:15] {/home/sport_bot/diplom/grasp/gr-convnet/./train_network.py:204} INFO - Epoch: 2, Batch: 910, Loss: 0.0143
[13:21:24] {/home/sport_bot/diplom/grasp/gr-convnet/./train_network.py:204} INFO - Epoch: 2, Batch: 920, Loss: 0.0141
[13:21:34] {/home/sport_bot/diplom/grasp/gr-convnet/./train_network.py:204} INFO - Epoch: 2, Batch: 930, Loss: 0.0403
[13:21:52] {/home/sport_bot/diplom/grasp/gr-convnet/./train_network.py:204} INFO - Epoch: 2, Batch: 940, Loss: 0.0157
[13:22:01] {/home/sport_bot/diplom/grasp/gr-convnet/./train_network.py:204} INFO - Epoch: 2, Batch: 950, Loss: 0.0155
[13:22:11] {/home/sport_bot/diplom/grasp/gr-convnet/./train_network.py:204} INFO - Epoch: 2, Batch: 960, Loss: 0.0178
[13:22:21] {/home/sport_bot/diplom/grasp/gr-convnet/./train_network.py:204} INFO - Epoch: 2, Batch: 970, Loss: 0.0244
[13:22:38] {/home/sport_bot/diplom/grasp/gr-convnet/./train_network.py:204} INFO - Epoch: 2, Batch: 980, Loss: 0.0113
[13:22:48] {/home/sport_bot/diplom/grasp/gr-convnet/./train_network.py:204} INFO - Epoch: 2, Batch: 990, Loss: 0.0160
[13:23:20] {/home/sport_bot/diplom/grasp/gr-convnet/./train_network.py:385} INFO - Validating...
[13:24:49] {/home/sport_bot/diplom/grasp/gr-convnet/./train_network.py:387} INFO - 501/557 = 0.899461
[13:24:49] {/home/sport_bot/diplom/grasp/gr-convnet/./train_network.py:368} INFO - Beginning Epoch 03
[13:25:09] {/home/sport_bot/diplom/grasp/gr-convnet/./train_network.py:204} INFO - Epoch: 3, Batch: 10, Loss: 0.0132
[13:25:19] {/home/sport_bot/diplom/grasp/gr-convnet/./train_network.py:204} INFO - Epoch: 3, Batch: 20, Loss: 0.0155
[13:25:29] {/home/sport_bot/diplom/grasp/gr-convnet/./train_network.py:204} INFO - Epoch: 3, Batch: 30, Loss: 0.0298
[13:25:38] {/home/sport_bot/diplom/grasp/gr-convnet/./train_network.py:204} INFO - Epoch: 3, Batch: 40, Loss: 0.0277
[13:25:56] {/home/sport_bot/diplom/grasp/gr-convnet/./train_network.py:204} INFO - Epoch: 3, Batch: 50, Loss: 0.0220
[13:26:06] {/home/sport_bot/diplom/grasp/gr-convnet/./train_network.py:204} INFO - Epoch: 3, Batch: 60, Loss: 0.0133
[13:26:16] {/home/sport_bot/diplom/grasp/gr-convnet/./train_network.py:204} INFO - Epoch: 3, Batch: 70, Loss: 0.0216
[13:26:26] {/home/sport_bot/diplom/grasp/gr-convnet/./train_network.py:204} INFO - Epoch: 3, Batch: 80, Loss: 0.0245
[13:26:43] {/home/sport_bot/diplom/grasp/gr-convnet/./train_network.py:204} INFO - Epoch: 3, Batch: 90, Loss: 0.0177
[13:26:52] {/home/sport_bot/diplom/grasp/gr-convnet/./train_network.py:204} INFO - Epoch: 3, Batch: 100, Loss: 0.0152
[13:27:02] {/home/sport_bot/diplom/grasp/gr-convnet/./train_network.py:204} INFO - Epoch: 3, Batch: 110, Loss: 0.0237
[13:27:11] {/home/sport_bot/diplom/grasp/gr-convnet/./train_network.py:204} INFO - Epoch: 3, Batch: 120, Loss: 0.0131
[13:27:29] {/home/sport_bot/diplom/grasp/gr-convnet/./train_network.py:204} INFO - Epoch: 3, Batch: 130, Loss: 0.0277
[13:27:38] {/home/sport_bot/diplom/grasp/gr-convnet/./train_network.py:204} INFO - Epoch: 3, Batch: 140, Loss: 0.0328
[13:27:48] {/home/sport_bot/diplom/grasp/gr-convnet/./train_network.py:204} INFO - Epoch: 3, Batch: 150, Loss: 0.0274
[13:27:58] {/home/sport_bot/diplom/grasp/gr-convnet/./train_network.py:204} INFO - Epoch: 3, Batch: 160, Loss: 0.0222
[13:28:16] {/home/sport_bot/diplom/grasp/gr-convnet/./train_network.py:204} INFO - Epoch: 3, Batch: 170, Loss: 0.0242
[13:28:26] {/home/sport_bot/diplom/grasp/gr-convnet/./train_network.py:204} INFO - Epoch: 3, Batch: 180, Loss: 0.0193
[13:28:36] {/home/sport_bot/diplom/grasp/gr-convnet/./train_network.py:204} INFO - Epoch: 3, Batch: 190, Loss: 0.0156
[13:28:46] {/home/sport_bot/diplom/grasp/gr-convnet/./train_network.py:204} INFO - Epoch: 3, Batch: 200, Loss: 0.0278
[13:29:03] {/home/sport_bot/diplom/grasp/gr-convnet/./train_network.py:204} INFO - Epoch: 3, Batch: 210, Loss: 0.0260
[13:29:13] {/home/sport_bot/diplom/grasp/gr-convnet/./train_network.py:204} INFO - Epoch: 3, Batch: 220, Loss: 0.0110
[13:29:23] {/home/sport_bot/diplom/grasp/gr-convnet/./train_network.py:204} INFO - Epoch: 3, Batch: 230, Loss: 0.0249
[13:29:33] {/home/sport_bot/diplom/grasp/gr-convnet/./train_network.py:204} INFO - Epoch: 3, Batch: 240, Loss: 0.0378
[13:29:50] {/home/sport_bot/diplom/grasp/gr-convnet/./train_network.py:204} INFO - Epoch: 3, Batch: 250, Loss: 0.0232
[13:29:59] {/home/sport_bot/diplom/grasp/gr-convnet/./train_network.py:204} INFO - Epoch: 3, Batch: 260, Loss: 0.0175
[13:30:09] {/home/sport_bot/diplom/grasp/gr-convnet/./train_network.py:204} INFO - Epoch: 3, Batch: 270, Loss: 0.0248
[13:30:19] {/home/sport_bot/diplom/grasp/gr-convnet/./train_network.py:204} INFO - Epoch: 3, Batch: 280, Loss: 0.0172
[13:30:37] {/home/sport_bot/diplom/grasp/gr-convnet/./train_network.py:204} INFO - Epoch: 3, Batch: 290, Loss: 0.0179
[13:30:47] {/home/sport_bot/diplom/grasp/gr-convnet/./train_network.py:204} INFO - Epoch: 3, Batch: 300, Loss: 0.0204
[13:30:57] {/home/sport_bot/diplom/grasp/gr-convnet/./train_network.py:204} INFO - Epoch: 3, Batch: 310, Loss: 0.0143
[13:31:06] {/home/sport_bot/diplom/grasp/gr-convnet/./train_network.py:204} INFO - Epoch: 3, Batch: 320, Loss: 0.0218
[13:31:24] {/home/sport_bot/diplom/grasp/gr-convnet/./train_network.py:204} INFO - Epoch: 3, Batch: 330, Loss: 0.0076
[13:31:34] {/home/sport_bot/diplom/grasp/gr-convnet/./train_network.py:204} INFO - Epoch: 3, Batch: 340, Loss: 0.0143
[13:31:43] {/home/sport_bot/diplom/grasp/gr-convnet/./train_network.py:204} INFO - Epoch: 3, Batch: 350, Loss: 0.0141
[13:31:53] {/home/sport_bot/diplom/grasp/gr-convnet/./train_network.py:204} INFO - Epoch: 3, Batch: 360, Loss: 0.0145
[13:32:10] {/home/sport_bot/diplom/grasp/gr-convnet/./train_network.py:204} INFO - Epoch: 3, Batch: 370, Loss: 0.0206
[13:32:20] {/home/sport_bot/diplom/grasp/gr-convnet/./train_network.py:204} INFO - Epoch: 3, Batch: 380, Loss: 0.0210
[13:32:29] {/home/sport_bot/diplom/grasp/gr-convnet/./train_network.py:204} INFO - Epoch: 3, Batch: 390, Loss: 0.0186
[13:32:39] {/home/sport_bot/diplom/grasp/gr-convnet/./train_network.py:204} INFO - Epoch: 3, Batch: 400, Loss: 0.0173
[13:32:56] {/home/sport_bot/diplom/grasp/gr-convnet/./train_network.py:204} INFO - Epoch: 3, Batch: 410, Loss: 0.0193
[13:33:05] {/home/sport_bot/diplom/grasp/gr-convnet/./train_network.py:204} INFO - Epoch: 3, Batch: 420, Loss: 0.0148
[13:33:16] {/home/sport_bot/diplom/grasp/gr-convnet/./train_network.py:204} INFO - Epoch: 3, Batch: 430, Loss: 0.0395
[13:33:25] {/home/sport_bot/diplom/grasp/gr-convnet/./train_network.py:204} INFO - Epoch: 3, Batch: 440, Loss: 0.0099
[13:33:42] {/home/sport_bot/diplom/grasp/gr-convnet/./train_network.py:204} INFO - Epoch: 3, Batch: 450, Loss: 0.0152
[13:33:52] {/home/sport_bot/diplom/grasp/gr-convnet/./train_network.py:204} INFO - Epoch: 3, Batch: 460, Loss: 0.0262
[13:34:01] {/home/sport_bot/diplom/grasp/gr-convnet/./train_network.py:204} INFO - Epoch: 3, Batch: 470, Loss: 0.0183
[13:34:11] {/home/sport_bot/diplom/grasp/gr-convnet/./train_network.py:204} INFO - Epoch: 3, Batch: 480, Loss: 0.0116
[13:34:27] {/home/sport_bot/diplom/grasp/gr-convnet/./train_network.py:204} INFO - Epoch: 3, Batch: 490, Loss: 0.0115
[13:34:37] {/home/sport_bot/diplom/grasp/gr-convnet/./train_network.py:204} INFO - Epoch: 3, Batch: 500, Loss: 0.0348
[13:34:47] {/home/sport_bot/diplom/grasp/gr-convnet/./train_network.py:204} INFO - Epoch: 3, Batch: 510, Loss: 0.0065
[13:34:57] {/home/sport_bot/diplom/grasp/gr-convnet/./train_network.py:204} INFO - Epoch: 3, Batch: 520, Loss: 0.0164
[13:35:15] {/home/sport_bot/diplom/grasp/gr-convnet/./train_network.py:204} INFO - Epoch: 3, Batch: 530, Loss: 0.0104
[13:35:24] {/home/sport_bot/diplom/grasp/gr-convnet/./train_network.py:204} INFO - Epoch: 3, Batch: 540, Loss: 0.0207
[13:35:34] {/home/sport_bot/diplom/grasp/gr-convnet/./train_network.py:204} INFO - Epoch: 3, Batch: 550, Loss: 0.0254
[13:35:44] {/home/sport_bot/diplom/grasp/gr-convnet/./train_network.py:204} INFO - Epoch: 3, Batch: 560, Loss: 0.0295
[13:36:01] {/home/sport_bot/diplom/grasp/gr-convnet/./train_network.py:204} INFO - Epoch: 3, Batch: 570, Loss: 0.0171
[13:36:10] {/home/sport_bot/diplom/grasp/gr-convnet/./train_network.py:204} INFO - Epoch: 3, Batch: 580, Loss: 0.0124
[13:36:20] {/home/sport_bot/diplom/grasp/gr-convnet/./train_network.py:204} INFO - Epoch: 3, Batch: 590, Loss: 0.0164
[13:36:30] {/home/sport_bot/diplom/grasp/gr-convnet/./train_network.py:204} INFO - Epoch: 3, Batch: 600, Loss: 0.0198
[13:36:47] {/home/sport_bot/diplom/grasp/gr-convnet/./train_network.py:204} INFO - Epoch: 3, Batch: 610, Loss: 0.0193
[13:36:56] {/home/sport_bot/diplom/grasp/gr-convnet/./train_network.py:204} INFO - Epoch: 3, Batch: 620, Loss: 0.0177
[13:37:08] {/home/sport_bot/diplom/grasp/gr-convnet/./train_network.py:204} INFO - Epoch: 3, Batch: 630, Loss: 0.0177
[13:37:18] {/home/sport_bot/diplom/grasp/gr-convnet/./train_network.py:204} INFO - Epoch: 3, Batch: 640, Loss: 0.0162
[13:37:27] {/home/sport_bot/diplom/grasp/gr-convnet/./train_network.py:204} INFO - Epoch: 3, Batch: 650, Loss: 0.0109
[13:37:44] {/home/sport_bot/diplom/grasp/gr-convnet/./train_network.py:204} INFO - Epoch: 3, Batch: 660, Loss: 0.0210
[13:37:55] {/home/sport_bot/diplom/grasp/gr-convnet/./train_network.py:204} INFO - Epoch: 3, Batch: 670, Loss: 0.0133
[13:38:05] {/home/sport_bot/diplom/grasp/gr-convnet/./train_network.py:204} INFO - Epoch: 3, Batch: 680, Loss: 0.0208
[13:38:15] {/home/sport_bot/diplom/grasp/gr-convnet/./train_network.py:204} INFO - Epoch: 3, Batch: 690, Loss: 0.0128
[13:38:31] {/home/sport_bot/diplom/grasp/gr-convnet/./train_network.py:204} INFO - Epoch: 3, Batch: 700, Loss: 0.0173
[13:38:42] {/home/sport_bot/diplom/grasp/gr-convnet/./train_network.py:204} INFO - Epoch: 3, Batch: 710, Loss: 0.0128
[13:38:51] {/home/sport_bot/diplom/grasp/gr-convnet/./train_network.py:204} INFO - Epoch: 3, Batch: 720, Loss: 0.0282
[13:39:02] {/home/sport_bot/diplom/grasp/gr-convnet/./train_network.py:204} INFO - Epoch: 3, Batch: 730, Loss: 0.0182
[13:39:17] {/home/sport_bot/diplom/grasp/gr-convnet/./train_network.py:204} INFO - Epoch: 3, Batch: 740, Loss: 0.0137
[13:39:29] {/home/sport_bot/diplom/grasp/gr-convnet/./train_network.py:204} INFO - Epoch: 3, Batch: 750, Loss: 0.0183
[13:39:39] {/home/sport_bot/diplom/grasp/gr-convnet/./train_network.py:204} INFO - Epoch: 3, Batch: 760, Loss: 0.0118
[13:39:48] {/home/sport_bot/diplom/grasp/gr-convnet/./train_network.py:204} INFO - Epoch: 3, Batch: 770, Loss: 0.0340
[13:40:04] {/home/sport_bot/diplom/grasp/gr-convnet/./train_network.py:204} INFO - Epoch: 3, Batch: 780, Loss: 0.0149
[13:40:16] {/home/sport_bot/diplom/grasp/gr-convnet/./train_network.py:204} INFO - Epoch: 3, Batch: 790, Loss: 0.0272
[13:40:25] {/home/sport_bot/diplom/grasp/gr-convnet/./train_network.py:204} INFO - Epoch: 3, Batch: 800, Loss: 0.0244
[13:40:35] {/home/sport_bot/diplom/grasp/gr-convnet/./train_network.py:204} INFO - Epoch: 3, Batch: 810, Loss: 0.0145
[13:40:50] {/home/sport_bot/diplom/grasp/gr-convnet/./train_network.py:204} INFO - Epoch: 3, Batch: 820, Loss: 0.0196
[13:41:02] {/home/sport_bot/diplom/grasp/gr-convnet/./train_network.py:204} INFO - Epoch: 3, Batch: 830, Loss: 0.0117
[13:41:11] {/home/sport_bot/diplom/grasp/gr-convnet/./train_network.py:204} INFO - Epoch: 3, Batch: 840, Loss: 0.0243
[13:41:21] {/home/sport_bot/diplom/grasp/gr-convnet/./train_network.py:204} INFO - Epoch: 3, Batch: 850, Loss: 0.0139
[13:41:36] {/home/sport_bot/diplom/grasp/gr-convnet/./train_network.py:204} INFO - Epoch: 3, Batch: 860, Loss: 0.0211
[13:41:48] {/home/sport_bot/diplom/grasp/gr-convnet/./train_network.py:204} INFO - Epoch: 3, Batch: 870, Loss: 0.0237
[13:41:58] {/home/sport_bot/diplom/grasp/gr-convnet/./train_network.py:204} INFO - Epoch: 3, Batch: 880, Loss: 0.0165
[13:42:07] {/home/sport_bot/diplom/grasp/gr-convnet/./train_network.py:204} INFO - Epoch: 3, Batch: 890, Loss: 0.0117
[13:42:22] {/home/sport_bot/diplom/grasp/gr-convnet/./train_network.py:204} INFO - Epoch: 3, Batch: 900, Loss: 0.0160
[13:42:35] {/home/sport_bot/diplom/grasp/gr-convnet/./train_network.py:204} INFO - Epoch: 3, Batch: 910, Loss: 0.0253
[13:42:45] {/home/sport_bot/diplom/grasp/gr-convnet/./train_network.py:204} INFO - Epoch: 3, Batch: 920, Loss: 0.0135
[13:42:54] {/home/sport_bot/diplom/grasp/gr-convnet/./train_network.py:204} INFO - Epoch: 3, Batch: 930, Loss: 0.0191
[13:43:07] {/home/sport_bot/diplom/grasp/gr-convnet/./train_network.py:204} INFO - Epoch: 3, Batch: 940, Loss: 0.0281
[13:43:21] {/home/sport_bot/diplom/grasp/gr-convnet/./train_network.py:204} INFO - Epoch: 3, Batch: 950, Loss: 0.0193
[13:43:31] {/home/sport_bot/diplom/grasp/gr-convnet/./train_network.py:204} INFO - Epoch: 3, Batch: 960, Loss: 0.0352
[13:43:41] {/home/sport_bot/diplom/grasp/gr-convnet/./train_network.py:204} INFO - Epoch: 3, Batch: 970, Loss: 0.0195
[13:43:53] {/home/sport_bot/diplom/grasp/gr-convnet/./train_network.py:204} INFO - Epoch: 3, Batch: 980, Loss: 0.0228
[13:44:09] {/home/sport_bot/diplom/grasp/gr-convnet/./train_network.py:204} INFO - Epoch: 3, Batch: 990, Loss: 0.0328
[13:44:40] {/home/sport_bot/diplom/grasp/gr-convnet/./train_network.py:385} INFO - Validating...
[13:46:10] {/home/sport_bot/diplom/grasp/gr-convnet/./train_network.py:387} INFO - 499/557 = 0.895871
[13:46:10] {/home/sport_bot/diplom/grasp/gr-convnet/./train_network.py:368} INFO - Beginning Epoch 04
[13:46:29] {/home/sport_bot/diplom/grasp/gr-convnet/./train_network.py:204} INFO - Epoch: 4, Batch: 10, Loss: 0.0343
[13:46:39] {/home/sport_bot/diplom/grasp/gr-convnet/./train_network.py:204} INFO - Epoch: 4, Batch: 20, Loss: 0.0193
[13:46:49] {/home/sport_bot/diplom/grasp/gr-convnet/./train_network.py:204} INFO - Epoch: 4, Batch: 30, Loss: 0.0203
[13:46:59] {/home/sport_bot/diplom/grasp/gr-convnet/./train_network.py:204} INFO - Epoch: 4, Batch: 40, Loss: 0.0078
[13:47:17] {/home/sport_bot/diplom/grasp/gr-convnet/./train_network.py:204} INFO - Epoch: 4, Batch: 50, Loss: 0.0166
[13:47:27] {/home/sport_bot/diplom/grasp/gr-convnet/./train_network.py:204} INFO - Epoch: 4, Batch: 60, Loss: 0.0304
[13:47:37] {/home/sport_bot/diplom/grasp/gr-convnet/./train_network.py:204} INFO - Epoch: 4, Batch: 70, Loss: 0.0277
[13:47:47] {/home/sport_bot/diplom/grasp/gr-convnet/./train_network.py:204} INFO - Epoch: 4, Batch: 80, Loss: 0.0137
[13:48:04] {/home/sport_bot/diplom/grasp/gr-convnet/./train_network.py:204} INFO - Epoch: 4, Batch: 90, Loss: 0.0136
[13:48:13] {/home/sport_bot/diplom/grasp/gr-convnet/./train_network.py:204} INFO - Epoch: 4, Batch: 100, Loss: 0.0144
[13:48:24] {/home/sport_bot/diplom/grasp/gr-convnet/./train_network.py:204} INFO - Epoch: 4, Batch: 110, Loss: 0.0107
[13:48:33] {/home/sport_bot/diplom/grasp/gr-convnet/./train_network.py:204} INFO - Epoch: 4, Batch: 120, Loss: 0.0233
[13:48:51] {/home/sport_bot/diplom/grasp/gr-convnet/./train_network.py:204} INFO - Epoch: 4, Batch: 130, Loss: 0.0134
[13:49:01] {/home/sport_bot/diplom/grasp/gr-convnet/./train_network.py:204} INFO - Epoch: 4, Batch: 140, Loss: 0.0449
[13:49:11] {/home/sport_bot/diplom/grasp/gr-convnet/./train_network.py:204} INFO - Epoch: 4, Batch: 150, Loss: 0.0154
[13:49:20] {/home/sport_bot/diplom/grasp/gr-convnet/./train_network.py:204} INFO - Epoch: 4, Batch: 160, Loss: 0.0374
[13:49:38] {/home/sport_bot/diplom/grasp/gr-convnet/./train_network.py:204} INFO - Epoch: 4, Batch: 170, Loss: 0.0178
[13:49:48] {/home/sport_bot/diplom/grasp/gr-convnet/./train_network.py:204} INFO - Epoch: 4, Batch: 180, Loss: 0.0113
[13:49:58] {/home/sport_bot/diplom/grasp/gr-convnet/./train_network.py:204} INFO - Epoch: 4, Batch: 190, Loss: 0.0155
[13:50:08] {/home/sport_bot/diplom/grasp/gr-convnet/./train_network.py:204} INFO - Epoch: 4, Batch: 200, Loss: 0.0240
[13:50:25] {/home/sport_bot/diplom/grasp/gr-convnet/./train_network.py:204} INFO - Epoch: 4, Batch: 210, Loss: 0.0153
[13:50:35] {/home/sport_bot/diplom/grasp/gr-convnet/./train_network.py:204} INFO - Epoch: 4, Batch: 220, Loss: 0.0148
[13:50:45] {/home/sport_bot/diplom/grasp/gr-convnet/./train_network.py:204} INFO - Epoch: 4, Batch: 230, Loss: 0.0177
[13:50:54] {/home/sport_bot/diplom/grasp/gr-convnet/./train_network.py:204} INFO - Epoch: 4, Batch: 240, Loss: 0.0168
[13:51:12] {/home/sport_bot/diplom/grasp/gr-convnet/./train_network.py:204} INFO - Epoch: 4, Batch: 250, Loss: 0.0195
[13:51:22] {/home/sport_bot/diplom/grasp/gr-convnet/./train_network.py:204} INFO - Epoch: 4, Batch: 260, Loss: 0.0222
[13:51:31] {/home/sport_bot/diplom/grasp/gr-convnet/./train_network.py:204} INFO - Epoch: 4, Batch: 270, Loss: 0.0158
[13:51:41] {/home/sport_bot/diplom/grasp/gr-convnet/./train_network.py:204} INFO - Epoch: 4, Batch: 280, Loss: 0.0173
[13:51:59] {/home/sport_bot/diplom/grasp/gr-convnet/./train_network.py:204} INFO - Epoch: 4, Batch: 290, Loss: 0.0308
[13:52:09] {/home/sport_bot/diplom/grasp/gr-convnet/./train_network.py:204} INFO - Epoch: 4, Batch: 300, Loss: 0.0112
[13:52:19] {/home/sport_bot/diplom/grasp/gr-convnet/./train_network.py:204} INFO - Epoch: 4, Batch: 310, Loss: 0.0356
[13:52:29] {/home/sport_bot/diplom/grasp/gr-convnet/./train_network.py:204} INFO - Epoch: 4, Batch: 320, Loss: 0.0276
[13:52:47] {/home/sport_bot/diplom/grasp/gr-convnet/./train_network.py:204} INFO - Epoch: 4, Batch: 330, Loss: 0.0202
[13:52:57] {/home/sport_bot/diplom/grasp/gr-convnet/./train_network.py:204} INFO - Epoch: 4, Batch: 340, Loss: 0.0143
[13:53:07] {/home/sport_bot/diplom/grasp/gr-convnet/./train_network.py:204} INFO - Epoch: 4, Batch: 350, Loss: 0.0234
[13:53:17] {/home/sport_bot/diplom/grasp/gr-convnet/./train_network.py:204} INFO - Epoch: 4, Batch: 360, Loss: 0.0134
[13:53:34] {/home/sport_bot/diplom/grasp/gr-convnet/./train_network.py:204} INFO - Epoch: 4, Batch: 370, Loss: 0.0184
[13:53:44] {/home/sport_bot/diplom/grasp/gr-convnet/./train_network.py:204} INFO - Epoch: 4, Batch: 380, Loss: 0.0173
[13:53:53] {/home/sport_bot/diplom/grasp/gr-convnet/./train_network.py:204} INFO - Epoch: 4, Batch: 390, Loss: 0.0160
[13:54:03] {/home/sport_bot/diplom/grasp/gr-convnet/./train_network.py:204} INFO - Epoch: 4, Batch: 400, Loss: 0.0094
[13:54:20] {/home/sport_bot/diplom/grasp/gr-convnet/./train_network.py:204} INFO - Epoch: 4, Batch: 410, Loss: 0.0259
[13:54:30] {/home/sport_bot/diplom/grasp/gr-convnet/./train_network.py:204} INFO - Epoch: 4, Batch: 420, Loss: 0.0258
[13:54:40] {/home/sport_bot/diplom/grasp/gr-convnet/./train_network.py:204} INFO - Epoch: 4, Batch: 430, Loss: 0.0125
[13:54:50] {/home/sport_bot/diplom/grasp/gr-convnet/./train_network.py:204} INFO - Epoch: 4, Batch: 440, Loss: 0.0324
[13:55:07] {/home/sport_bot/diplom/grasp/gr-convnet/./train_network.py:204} INFO - Epoch: 4, Batch: 450, Loss: 0.0151
[13:55:17] {/home/sport_bot/diplom/grasp/gr-convnet/./train_network.py:204} INFO - Epoch: 4, Batch: 460, Loss: 0.0337
[13:55:27] {/home/sport_bot/diplom/grasp/gr-convnet/./train_network.py:204} INFO - Epoch: 4, Batch: 470, Loss: 0.0179
[13:55:37] {/home/sport_bot/diplom/grasp/gr-convnet/./train_network.py:204} INFO - Epoch: 4, Batch: 480, Loss: 0.0251
[13:55:55] {/home/sport_bot/diplom/grasp/gr-convnet/./train_network.py:204} INFO - Epoch: 4, Batch: 490, Loss: 0.0237
[13:56:04] {/home/sport_bot/diplom/grasp/gr-convnet/./train_network.py:204} INFO - Epoch: 4, Batch: 500, Loss: 0.0118
[13:56:14] {/home/sport_bot/diplom/grasp/gr-convnet/./train_network.py:204} INFO - Epoch: 4, Batch: 510, Loss: 0.0205
[13:56:24] {/home/sport_bot/diplom/grasp/gr-convnet/./train_network.py:204} INFO - Epoch: 4, Batch: 520, Loss: 0.0227
[13:56:42] {/home/sport_bot/diplom/grasp/gr-convnet/./train_network.py:204} INFO - Epoch: 4, Batch: 530, Loss: 0.0216
[13:56:52] {/home/sport_bot/diplom/grasp/gr-convnet/./train_network.py:204} INFO - Epoch: 4, Batch: 540, Loss: 0.0248
[13:57:01] {/home/sport_bot/diplom/grasp/gr-convnet/./train_network.py:204} INFO - Epoch: 4, Batch: 550, Loss: 0.0167
[13:57:11] {/home/sport_bot/diplom/grasp/gr-convnet/./train_network.py:204} INFO - Epoch: 4, Batch: 560, Loss: 0.0244
[13:57:28] {/home/sport_bot/diplom/grasp/gr-convnet/./train_network.py:204} INFO - Epoch: 4, Batch: 570, Loss: 0.0236
[13:57:37] {/home/sport_bot/diplom/grasp/gr-convnet/./train_network.py:204} INFO - Epoch: 4, Batch: 580, Loss: 0.0135
[13:57:47] {/home/sport_bot/diplom/grasp/gr-convnet/./train_network.py:204} INFO - Epoch: 4, Batch: 590, Loss: 0.0176
[13:57:56] {/home/sport_bot/diplom/grasp/gr-convnet/./train_network.py:204} INFO - Epoch: 4, Batch: 600, Loss: 0.0204
[13:58:14] {/home/sport_bot/diplom/grasp/gr-convnet/./train_network.py:204} INFO - Epoch: 4, Batch: 610, Loss: 0.0152
[13:58:21] {/home/sport_bot/diplom/grasp/gr-convnet/./train_network.py:204} INFO - Epoch: 4, Batch: 620, Loss: 0.0235
[13:58:33] {/home/sport_bot/diplom/grasp/gr-convnet/./train_network.py:204} INFO - Epoch: 4, Batch: 630, Loss: 0.0247
[13:58:43] {/home/sport_bot/diplom/grasp/gr-convnet/./train_network.py:204} INFO - Epoch: 4, Batch: 640, Loss: 0.0086
[13:58:53] {/home/sport_bot/diplom/grasp/gr-convnet/./train_network.py:204} INFO - Epoch: 4, Batch: 650, Loss: 0.0140
[13:59:11] {/home/sport_bot/diplom/grasp/gr-convnet/./train_network.py:204} INFO - Epoch: 4, Batch: 660, Loss: 0.0213
[13:59:21] {/home/sport_bot/diplom/grasp/gr-convnet/./train_network.py:204} INFO - Epoch: 4, Batch: 670, Loss: 0.0162
[13:59:31] {/home/sport_bot/diplom/grasp/gr-convnet/./train_network.py:204} INFO - Epoch: 4, Batch: 680, Loss: 0.0121
[13:59:41] {/home/sport_bot/diplom/grasp/gr-convnet/./train_network.py:204} INFO - Epoch: 4, Batch: 690, Loss: 0.0167
[13:59:59] {/home/sport_bot/diplom/grasp/gr-convnet/./train_network.py:204} INFO - Epoch: 4, Batch: 700, Loss: 0.0189
[14:00:09] {/home/sport_bot/diplom/grasp/gr-convnet/./train_network.py:204} INFO - Epoch: 4, Batch: 710, Loss: 0.0238
[14:00:18] {/home/sport_bot/diplom/grasp/gr-convnet/./train_network.py:204} INFO - Epoch: 4, Batch: 720, Loss: 0.0299
[14:00:28] {/home/sport_bot/diplom/grasp/gr-convnet/./train_network.py:204} INFO - Epoch: 4, Batch: 730, Loss: 0.0232
[14:00:45] {/home/sport_bot/diplom/grasp/gr-convnet/./train_network.py:204} INFO - Epoch: 4, Batch: 740, Loss: 0.0210
[14:00:55] {/home/sport_bot/diplom/grasp/gr-convnet/./train_network.py:204} INFO - Epoch: 4, Batch: 750, Loss: 0.0204
[14:01:05] {/home/sport_bot/diplom/grasp/gr-convnet/./train_network.py:204} INFO - Epoch: 4, Batch: 760, Loss: 0.0266
[14:01:15] {/home/sport_bot/diplom/grasp/gr-convnet/./train_network.py:204} INFO - Epoch: 4, Batch: 770, Loss: 0.0114
[14:01:32] {/home/sport_bot/diplom/grasp/gr-convnet/./train_network.py:204} INFO - Epoch: 4, Batch: 780, Loss: 0.0144
[14:01:42] {/home/sport_bot/diplom/grasp/gr-convnet/./train_network.py:204} INFO - Epoch: 4, Batch: 790, Loss: 0.0188
[14:01:52] {/home/sport_bot/diplom/grasp/gr-convnet/./train_network.py:204} INFO - Epoch: 4, Batch: 800, Loss: 0.0097
[14:02:01] {/home/sport_bot/diplom/grasp/gr-convnet/./train_network.py:204} INFO - Epoch: 4, Batch: 810, Loss: 0.0322
[14:02:18] {/home/sport_bot/diplom/grasp/gr-convnet/./train_network.py:204} INFO - Epoch: 4, Batch: 820, Loss: 0.0119
[14:02:28] {/home/sport_bot/diplom/grasp/gr-convnet/./train_network.py:204} INFO - Epoch: 4, Batch: 830, Loss: 0.0331
[14:02:38] {/home/sport_bot/diplom/grasp/gr-convnet/./train_network.py:204} INFO - Epoch: 4, Batch: 840, Loss: 0.0168
[14:02:48] {/home/sport_bot/diplom/grasp/gr-convnet/./train_network.py:204} INFO - Epoch: 4, Batch: 850, Loss: 0.0224
[14:03:05] {/home/sport_bot/diplom/grasp/gr-convnet/./train_network.py:204} INFO - Epoch: 4, Batch: 860, Loss: 0.0358
[14:03:15] {/home/sport_bot/diplom/grasp/gr-convnet/./train_network.py:204} INFO - Epoch: 4, Batch: 870, Loss: 0.0120
[14:03:25] {/home/sport_bot/diplom/grasp/gr-convnet/./train_network.py:204} INFO - Epoch: 4, Batch: 880, Loss: 0.0233
[14:03:35] {/home/sport_bot/diplom/grasp/gr-convnet/./train_network.py:204} INFO - Epoch: 4, Batch: 890, Loss: 0.0181
[14:03:51] {/home/sport_bot/diplom/grasp/gr-convnet/./train_network.py:204} INFO - Epoch: 4, Batch: 900, Loss: 0.0136
[14:04:02] {/home/sport_bot/diplom/grasp/gr-convnet/./train_network.py:204} INFO - Epoch: 4, Batch: 910, Loss: 0.0146
[14:04:12] {/home/sport_bot/diplom/grasp/gr-convnet/./train_network.py:204} INFO - Epoch: 4, Batch: 920, Loss: 0.0289
[14:04:22] {/home/sport_bot/diplom/grasp/gr-convnet/./train_network.py:204} INFO - Epoch: 4, Batch: 930, Loss: 0.0230
[14:04:36] {/home/sport_bot/diplom/grasp/gr-convnet/./train_network.py:204} INFO - Epoch: 4, Batch: 940, Loss: 0.0211
[14:04:49] {/home/sport_bot/diplom/grasp/gr-convnet/./train_network.py:204} INFO - Epoch: 4, Batch: 950, Loss: 0.0240
[14:04:58] {/home/sport_bot/diplom/grasp/gr-convnet/./train_network.py:204} INFO - Epoch: 4, Batch: 960, Loss: 0.0230
[14:05:08] {/home/sport_bot/diplom/grasp/gr-convnet/./train_network.py:204} INFO - Epoch: 4, Batch: 970, Loss: 0.0174
[14:05:21] {/home/sport_bot/diplom/grasp/gr-convnet/./train_network.py:204} INFO - Epoch: 4, Batch: 980, Loss: 0.0133
[14:05:35] {/home/sport_bot/diplom/grasp/gr-convnet/./train_network.py:204} INFO - Epoch: 4, Batch: 990, Loss: 0.0158
[14:06:07] {/home/sport_bot/diplom/grasp/gr-convnet/./train_network.py:385} INFO - Validating...
[14:07:37] {/home/sport_bot/diplom/grasp/gr-convnet/./train_network.py:387} INFO - 494/557 = 0.886894
[14:07:37] {/home/sport_bot/diplom/grasp/gr-convnet/./train_network.py:368} INFO - Beginning Epoch 05
[14:07:57] {/home/sport_bot/diplom/grasp/gr-convnet/./train_network.py:204} INFO - Epoch: 5, Batch: 10, Loss: 0.0170
[14:08:06] {/home/sport_bot/diplom/grasp/gr-convnet/./train_network.py:204} INFO - Epoch: 5, Batch: 20, Loss: 0.0240
[14:08:16] {/home/sport_bot/diplom/grasp/gr-convnet/./train_network.py:204} INFO - Epoch: 5, Batch: 30, Loss: 0.0126
[14:08:26] {/home/sport_bot/diplom/grasp/gr-convnet/./train_network.py:204} INFO - Epoch: 5, Batch: 40, Loss: 0.0181
[14:08:44] {/home/sport_bot/diplom/grasp/gr-convnet/./train_network.py:204} INFO - Epoch: 5, Batch: 50, Loss: 0.0284
[14:08:53] {/home/sport_bot/diplom/grasp/gr-convnet/./train_network.py:204} INFO - Epoch: 5, Batch: 60, Loss: 0.0099
[14:09:03] {/home/sport_bot/diplom/grasp/gr-convnet/./train_network.py:204} INFO - Epoch: 5, Batch: 70, Loss: 0.0220
[14:09:13] {/home/sport_bot/diplom/grasp/gr-convnet/./train_network.py:204} INFO - Epoch: 5, Batch: 80, Loss: 0.0241
[14:09:30] {/home/sport_bot/diplom/grasp/gr-convnet/./train_network.py:204} INFO - Epoch: 5, Batch: 90, Loss: 0.0142
[14:09:40] {/home/sport_bot/diplom/grasp/gr-convnet/./train_network.py:204} INFO - Epoch: 5, Batch: 100, Loss: 0.0095
[14:09:50] {/home/sport_bot/diplom/grasp/gr-convnet/./train_network.py:204} INFO - Epoch: 5, Batch: 110, Loss: 0.0144
[14:10:00] {/home/sport_bot/diplom/grasp/gr-convnet/./train_network.py:204} INFO - Epoch: 5, Batch: 120, Loss: 0.0213
[14:10:17] {/home/sport_bot/diplom/grasp/gr-convnet/./train_network.py:204} INFO - Epoch: 5, Batch: 130, Loss: 0.0171
[14:10:27] {/home/sport_bot/diplom/grasp/gr-convnet/./train_network.py:204} INFO - Epoch: 5, Batch: 140, Loss: 0.0198
[14:10:37] {/home/sport_bot/diplom/grasp/gr-convnet/./train_network.py:204} INFO - Epoch: 5, Batch: 150, Loss: 0.0236
[14:10:47] {/home/sport_bot/diplom/grasp/gr-convnet/./train_network.py:204} INFO - Epoch: 5, Batch: 160, Loss: 0.0064
[14:11:05] {/home/sport_bot/diplom/grasp/gr-convnet/./train_network.py:204} INFO - Epoch: 5, Batch: 170, Loss: 0.0330
[14:11:15] {/home/sport_bot/diplom/grasp/gr-convnet/./train_network.py:204} INFO - Epoch: 5, Batch: 180, Loss: 0.0214
[14:11:24] {/home/sport_bot/diplom/grasp/gr-convnet/./train_network.py:204} INFO - Epoch: 5, Batch: 190, Loss: 0.0206
[14:11:34] {/home/sport_bot/diplom/grasp/gr-convnet/./train_network.py:204} INFO - Epoch: 5, Batch: 200, Loss: 0.0367
[14:11:52] {/home/sport_bot/diplom/grasp/gr-convnet/./train_network.py:204} INFO - Epoch: 5, Batch: 210, Loss: 0.0285
[14:12:01] {/home/sport_bot/diplom/grasp/gr-convnet/./train_network.py:204} INFO - Epoch: 5, Batch: 220, Loss: 0.0188
[14:12:11] {/home/sport_bot/diplom/grasp/gr-convnet/./train_network.py:204} INFO - Epoch: 5, Batch: 230, Loss: 0.0138
[14:12:20] {/home/sport_bot/diplom/grasp/gr-convnet/./train_network.py:204} INFO - Epoch: 5, Batch: 240, Loss: 0.0129
[14:12:38] {/home/sport_bot/diplom/grasp/gr-convnet/./train_network.py:204} INFO - Epoch: 5, Batch: 250, Loss: 0.0123
[14:12:48] {/home/sport_bot/diplom/grasp/gr-convnet/./train_network.py:204} INFO - Epoch: 5, Batch: 260, Loss: 0.0133
[14:12:58] {/home/sport_bot/diplom/grasp/gr-convnet/./train_network.py:204} INFO - Epoch: 5, Batch: 270, Loss: 0.0231
[14:13:07] {/home/sport_bot/diplom/grasp/gr-convnet/./train_network.py:204} INFO - Epoch: 5, Batch: 280, Loss: 0.0214
[14:13:25] {/home/sport_bot/diplom/grasp/gr-convnet/./train_network.py:204} INFO - Epoch: 5, Batch: 290, Loss: 0.0349
[14:13:35] {/home/sport_bot/diplom/grasp/gr-convnet/./train_network.py:204} INFO - Epoch: 5, Batch: 300, Loss: 0.0116
[14:13:44] {/home/sport_bot/diplom/grasp/gr-convnet/./train_network.py:204} INFO - Epoch: 5, Batch: 310, Loss: 0.0352
[14:13:54] {/home/sport_bot/diplom/grasp/gr-convnet/./train_network.py:204} INFO - Epoch: 5, Batch: 320, Loss: 0.0186
[14:14:11] {/home/sport_bot/diplom/grasp/gr-convnet/./train_network.py:204} INFO - Epoch: 5, Batch: 330, Loss: 0.0190
[14:14:21] {/home/sport_bot/diplom/grasp/gr-convnet/./train_network.py:204} INFO - Epoch: 5, Batch: 340, Loss: 0.0528
[14:14:31] {/home/sport_bot/diplom/grasp/gr-convnet/./train_network.py:204} INFO - Epoch: 5, Batch: 350, Loss: 0.0197
[14:14:41] {/home/sport_bot/diplom/grasp/gr-convnet/./train_network.py:204} INFO - Epoch: 5, Batch: 360, Loss: 0.0110
[14:14:59] {/home/sport_bot/diplom/grasp/gr-convnet/./train_network.py:204} INFO - Epoch: 5, Batch: 370, Loss: 0.0096
[14:15:09] {/home/sport_bot/diplom/grasp/gr-convnet/./train_network.py:204} INFO - Epoch: 5, Batch: 380, Loss: 0.0210
[14:15:18] {/home/sport_bot/diplom/grasp/gr-convnet/./train_network.py:204} INFO - Epoch: 5, Batch: 390, Loss: 0.0209
[14:15:28] {/home/sport_bot/diplom/grasp/gr-convnet/./train_network.py:204} INFO - Epoch: 5, Batch: 400, Loss: 0.0245
[14:15:45] {/home/sport_bot/diplom/grasp/gr-convnet/./train_network.py:204} INFO - Epoch: 5, Batch: 410, Loss: 0.0150
[14:15:55] {/home/sport_bot/diplom/grasp/gr-convnet/./train_network.py:204} INFO - Epoch: 5, Batch: 420, Loss: 0.0150
[14:16:04] {/home/sport_bot/diplom/grasp/gr-convnet/./train_network.py:204} INFO - Epoch: 5, Batch: 430, Loss: 0.0155
[14:16:14] {/home/sport_bot/diplom/grasp/gr-convnet/./train_network.py:204} INFO - Epoch: 5, Batch: 440, Loss: 0.0276
[14:16:32] {/home/sport_bot/diplom/grasp/gr-convnet/./train_network.py:204} INFO - Epoch: 5, Batch: 450, Loss: 0.0202
[14:16:41] {/home/sport_bot/diplom/grasp/gr-convnet/./train_network.py:204} INFO - Epoch: 5, Batch: 460, Loss: 0.0142
[14:16:51] {/home/sport_bot/diplom/grasp/gr-convnet/./train_network.py:204} INFO - Epoch: 5, Batch: 470, Loss: 0.0253
[14:17:00] {/home/sport_bot/diplom/grasp/gr-convnet/./train_network.py:204} INFO - Epoch: 5, Batch: 480, Loss: 0.0376
[14:17:17] {/home/sport_bot/diplom/grasp/gr-convnet/./train_network.py:204} INFO - Epoch: 5, Batch: 490, Loss: 0.0170
[14:17:26] {/home/sport_bot/diplom/grasp/gr-convnet/./train_network.py:204} INFO - Epoch: 5, Batch: 500, Loss: 0.0107
[14:17:36] {/home/sport_bot/diplom/grasp/gr-convnet/./train_network.py:204} INFO - Epoch: 5, Batch: 510, Loss: 0.0152
[14:17:45] {/home/sport_bot/diplom/grasp/gr-convnet/./train_network.py:204} INFO - Epoch: 5, Batch: 520, Loss: 0.0246
[14:18:03] {/home/sport_bot/diplom/grasp/gr-convnet/./train_network.py:204} INFO - Epoch: 5, Batch: 530, Loss: 0.0205
[14:18:12] {/home/sport_bot/diplom/grasp/gr-convnet/./train_network.py:204} INFO - Epoch: 5, Batch: 540, Loss: 0.0314
[14:18:23] {/home/sport_bot/diplom/grasp/gr-convnet/./train_network.py:204} INFO - Epoch: 5, Batch: 550, Loss: 0.0300
[14:18:33] {/home/sport_bot/diplom/grasp/gr-convnet/./train_network.py:204} INFO - Epoch: 5, Batch: 560, Loss: 0.0216
[14:18:48] {/home/sport_bot/diplom/grasp/gr-convnet/./train_network.py:204} INFO - Epoch: 5, Batch: 570, Loss: 0.0193
[14:18:58] {/home/sport_bot/diplom/grasp/gr-convnet/./train_network.py:204} INFO - Epoch: 5, Batch: 580, Loss: 0.0174
[14:19:10] {/home/sport_bot/diplom/grasp/gr-convnet/./train_network.py:204} INFO - Epoch: 5, Batch: 590, Loss: 0.0173
[14:19:19] {/home/sport_bot/diplom/grasp/gr-convnet/./train_network.py:204} INFO - Epoch: 5, Batch: 600, Loss: 0.0156
[14:19:35] {/home/sport_bot/diplom/grasp/gr-convnet/./train_network.py:204} INFO - Epoch: 5, Batch: 610, Loss: 0.0260
[14:19:44] {/home/sport_bot/diplom/grasp/gr-convnet/./train_network.py:204} INFO - Epoch: 5, Batch: 620, Loss: 0.0307
[14:19:57] {/home/sport_bot/diplom/grasp/gr-convnet/./train_network.py:204} INFO - Epoch: 5, Batch: 630, Loss: 0.0201
[14:20:07] {/home/sport_bot/diplom/grasp/gr-convnet/./train_network.py:204} INFO - Epoch: 5, Batch: 640, Loss: 0.0328
[14:20:17] {/home/sport_bot/diplom/grasp/gr-convnet/./train_network.py:204} INFO - Epoch: 5, Batch: 650, Loss: 0.0149
[14:20:34] {/home/sport_bot/diplom/grasp/gr-convnet/./train_network.py:204} INFO - Epoch: 5, Batch: 660, Loss: 0.0123
[14:20:44] {/home/sport_bot/diplom/grasp/gr-convnet/./train_network.py:204} INFO - Epoch: 5, Batch: 670, Loss: 0.0312
[14:20:54] {/home/sport_bot/diplom/grasp/gr-convnet/./train_network.py:204} INFO - Epoch: 5, Batch: 680, Loss: 0.0152
[14:21:04] {/home/sport_bot/diplom/grasp/gr-convnet/./train_network.py:204} INFO - Epoch: 5, Batch: 690, Loss: 0.0242
[14:21:21] {/home/sport_bot/diplom/grasp/gr-convnet/./train_network.py:204} INFO - Epoch: 5, Batch: 700, Loss: 0.0124
[14:21:31] {/home/sport_bot/diplom/grasp/gr-convnet/./train_network.py:204} INFO - Epoch: 5, Batch: 710, Loss: 0.0285
[14:21:41] {/home/sport_bot/diplom/grasp/gr-convnet/./train_network.py:204} INFO - Epoch: 5, Batch: 720, Loss: 0.0100
[14:21:50] {/home/sport_bot/diplom/grasp/gr-convnet/./train_network.py:204} INFO - Epoch: 5, Batch: 730, Loss: 0.0252
[14:22:08] {/home/sport_bot/diplom/grasp/gr-convnet/./train_network.py:204} INFO - Epoch: 5, Batch: 740, Loss: 0.0257
[14:22:17] {/home/sport_bot/diplom/grasp/gr-convnet/./train_network.py:204} INFO - Epoch: 5, Batch: 750, Loss: 0.0214
[14:22:27] {/home/sport_bot/diplom/grasp/gr-convnet/./train_network.py:204} INFO - Epoch: 5, Batch: 760, Loss: 0.0165
[14:22:37] {/home/sport_bot/diplom/grasp/gr-convnet/./train_network.py:204} INFO - Epoch: 5, Batch: 770, Loss: 0.0227
[14:22:54] {/home/sport_bot/diplom/grasp/gr-convnet/./train_network.py:204} INFO - Epoch: 5, Batch: 780, Loss: 0.0209
[14:23:04] {/home/sport_bot/diplom/grasp/gr-convnet/./train_network.py:204} INFO - Epoch: 5, Batch: 790, Loss: 0.0278
[14:23:13] {/home/sport_bot/diplom/grasp/gr-convnet/./train_network.py:204} INFO - Epoch: 5, Batch: 800, Loss: 0.0234
[14:23:23] {/home/sport_bot/diplom/grasp/gr-convnet/./train_network.py:204} INFO - Epoch: 5, Batch: 810, Loss: 0.0128
[14:23:40] {/home/sport_bot/diplom/grasp/gr-convnet/./train_network.py:204} INFO - Epoch: 5, Batch: 820, Loss: 0.0128
[14:23:50] {/home/sport_bot/diplom/grasp/gr-convnet/./train_network.py:204} INFO - Epoch: 5, Batch: 830, Loss: 0.0252
[14:24:00] {/home/sport_bot/diplom/grasp/gr-convnet/./train_network.py:204} INFO - Epoch: 5, Batch: 840, Loss: 0.0131
[14:24:10] {/home/sport_bot/diplom/grasp/gr-convnet/./train_network.py:204} INFO - Epoch: 5, Batch: 850, Loss: 0.0223
[14:24:28] {/home/sport_bot/diplom/grasp/gr-convnet/./train_network.py:204} INFO - Epoch: 5, Batch: 860, Loss: 0.0222
[14:24:38] {/home/sport_bot/diplom/grasp/gr-convnet/./train_network.py:204} INFO - Epoch: 5, Batch: 870, Loss: 0.0140
[14:24:48] {/home/sport_bot/diplom/grasp/gr-convnet/./train_network.py:204} INFO - Epoch: 5, Batch: 880, Loss: 0.0211
[14:24:58] {/home/sport_bot/diplom/grasp/gr-convnet/./train_network.py:204} INFO - Epoch: 5, Batch: 890, Loss: 0.0220
[14:25:16] {/home/sport_bot/diplom/grasp/gr-convnet/./train_network.py:204} INFO - Epoch: 5, Batch: 900, Loss: 0.0101
[14:25:26] {/home/sport_bot/diplom/grasp/gr-convnet/./train_network.py:204} INFO - Epoch: 5, Batch: 910, Loss: 0.0274
[14:25:36] {/home/sport_bot/diplom/grasp/gr-convnet/./train_network.py:204} INFO - Epoch: 5, Batch: 920, Loss: 0.0278
[14:25:46] {/home/sport_bot/diplom/grasp/gr-convnet/./train_network.py:204} INFO - Epoch: 5, Batch: 930, Loss: 0.0590
[14:26:03] {/home/sport_bot/diplom/grasp/gr-convnet/./train_network.py:204} INFO - Epoch: 5, Batch: 940, Loss: 0.0445
[14:26:13] {/home/sport_bot/diplom/grasp/gr-convnet/./train_network.py:204} INFO - Epoch: 5, Batch: 950, Loss: 0.0213
[14:26:23] {/home/sport_bot/diplom/grasp/gr-convnet/./train_network.py:204} INFO - Epoch: 5, Batch: 960, Loss: 0.0268
[14:26:33] {/home/sport_bot/diplom/grasp/gr-convnet/./train_network.py:204} INFO - Epoch: 5, Batch: 970, Loss: 0.0219
[14:26:50] {/home/sport_bot/diplom/grasp/gr-convnet/./train_network.py:204} INFO - Epoch: 5, Batch: 980, Loss: 0.0115
[14:27:00] {/home/sport_bot/diplom/grasp/gr-convnet/./train_network.py:204} INFO - Epoch: 5, Batch: 990, Loss: 0.0294
[14:27:33] {/home/sport_bot/diplom/grasp/gr-convnet/./train_network.py:385} INFO - Validating...
[14:29:03] {/home/sport_bot/diplom/grasp/gr-convnet/./train_network.py:387} INFO - 507/557 = 0.910233
[14:29:03] {/home/sport_bot/diplom/grasp/gr-convnet/./train_network.py:368} INFO - Beginning Epoch 06
[14:29:23] {/home/sport_bot/diplom/grasp/gr-convnet/./train_network.py:204} INFO - Epoch: 6, Batch: 10, Loss: 0.0117
[14:29:33] {/home/sport_bot/diplom/grasp/gr-convnet/./train_network.py:204} INFO - Epoch: 6, Batch: 20, Loss: 0.0192
[14:29:42] {/home/sport_bot/diplom/grasp/gr-convnet/./train_network.py:204} INFO - Epoch: 6, Batch: 30, Loss: 0.0220
[14:29:52] {/home/sport_bot/diplom/grasp/gr-convnet/./train_network.py:204} INFO - Epoch: 6, Batch: 40, Loss: 0.0142
[14:30:10] {/home/sport_bot/diplom/grasp/gr-convnet/./train_network.py:204} INFO - Epoch: 6, Batch: 50, Loss: 0.0194
[14:30:20] {/home/sport_bot/diplom/grasp/gr-convnet/./train_network.py:204} INFO - Epoch: 6, Batch: 60, Loss: 0.0219
[14:30:29] {/home/sport_bot/diplom/grasp/gr-convnet/./train_network.py:204} INFO - Epoch: 6, Batch: 70, Loss: 0.0218
[14:30:39] {/home/sport_bot/diplom/grasp/gr-convnet/./train_network.py:204} INFO - Epoch: 6, Batch: 80, Loss: 0.0149
[14:30:57] {/home/sport_bot/diplom/grasp/gr-convnet/./train_network.py:204} INFO - Epoch: 6, Batch: 90, Loss: 0.0149
[14:31:06] {/home/sport_bot/diplom/grasp/gr-convnet/./train_network.py:204} INFO - Epoch: 6, Batch: 100, Loss: 0.0204
[14:31:16] {/home/sport_bot/diplom/grasp/gr-convnet/./train_network.py:204} INFO - Epoch: 6, Batch: 110, Loss: 0.0122
[14:31:26] {/home/sport_bot/diplom/grasp/gr-convnet/./train_network.py:204} INFO - Epoch: 6, Batch: 120, Loss: 0.0130
[14:31:44] {/home/sport_bot/diplom/grasp/gr-convnet/./train_network.py:204} INFO - Epoch: 6, Batch: 130, Loss: 0.0176
[14:31:54] {/home/sport_bot/diplom/grasp/gr-convnet/./train_network.py:204} INFO - Epoch: 6, Batch: 140, Loss: 0.0185
[14:32:03] {/home/sport_bot/diplom/grasp/gr-convnet/./train_network.py:204} INFO - Epoch: 6, Batch: 150, Loss: 0.0391
[14:32:13] {/home/sport_bot/diplom/grasp/gr-convnet/./train_network.py:204} INFO - Epoch: 6, Batch: 160, Loss: 0.0153
[14:32:30] {/home/sport_bot/diplom/grasp/gr-convnet/./train_network.py:204} INFO - Epoch: 6, Batch: 170, Loss: 0.0208
[14:32:40] {/home/sport_bot/diplom/grasp/gr-convnet/./train_network.py:204} INFO - Epoch: 6, Batch: 180, Loss: 0.0226
[14:32:50] {/home/sport_bot/diplom/grasp/gr-convnet/./train_network.py:204} INFO - Epoch: 6, Batch: 190, Loss: 0.0165
[14:33:00] {/home/sport_bot/diplom/grasp/gr-convnet/./train_network.py:204} INFO - Epoch: 6, Batch: 200, Loss: 0.0403
[14:33:18] {/home/sport_bot/diplom/grasp/gr-convnet/./train_network.py:204} INFO - Epoch: 6, Batch: 210, Loss: 0.0301
[14:33:28] {/home/sport_bot/diplom/grasp/gr-convnet/./train_network.py:204} INFO - Epoch: 6, Batch: 220, Loss: 0.0176
[14:33:38] {/home/sport_bot/diplom/grasp/gr-convnet/./train_network.py:204} INFO - Epoch: 6, Batch: 230, Loss: 0.0278
[14:33:47] {/home/sport_bot/diplom/grasp/gr-convnet/./train_network.py:204} INFO - Epoch: 6, Batch: 240, Loss: 0.0693
[14:34:05] {/home/sport_bot/diplom/grasp/gr-convnet/./train_network.py:204} INFO - Epoch: 6, Batch: 250, Loss: 0.0254
[14:34:15] {/home/sport_bot/diplom/grasp/gr-convnet/./train_network.py:204} INFO - Epoch: 6, Batch: 260, Loss: 0.0351
[14:34:25] {/home/sport_bot/diplom/grasp/gr-convnet/./train_network.py:204} INFO - Epoch: 6, Batch: 270, Loss: 0.0164
[14:34:35] {/home/sport_bot/diplom/grasp/gr-convnet/./train_network.py:204} INFO - Epoch: 6, Batch: 280, Loss: 0.0370
[14:34:53] {/home/sport_bot/diplom/grasp/gr-convnet/./train_network.py:204} INFO - Epoch: 6, Batch: 290, Loss: 0.0149
[14:35:03] {/home/sport_bot/diplom/grasp/gr-convnet/./train_network.py:204} INFO - Epoch: 6, Batch: 300, Loss: 0.0180
[14:35:12] {/home/sport_bot/diplom/grasp/gr-convnet/./train_network.py:204} INFO - Epoch: 6, Batch: 310, Loss: 0.0173
[14:35:22] {/home/sport_bot/diplom/grasp/gr-convnet/./train_network.py:204} INFO - Epoch: 6, Batch: 320, Loss: 0.0172
[14:35:40] {/home/sport_bot/diplom/grasp/gr-convnet/./train_network.py:204} INFO - Epoch: 6, Batch: 330, Loss: 0.0116
[14:35:49] {/home/sport_bot/diplom/grasp/gr-convnet/./train_network.py:204} INFO - Epoch: 6, Batch: 340, Loss: 0.0120
[14:35:59] {/home/sport_bot/diplom/grasp/gr-convnet/./train_network.py:204} INFO - Epoch: 6, Batch: 350, Loss: 0.0128
[14:36:09] {/home/sport_bot/diplom/grasp/gr-convnet/./train_network.py:204} INFO - Epoch: 6, Batch: 360, Loss: 0.0185
[14:36:26] {/home/sport_bot/diplom/grasp/gr-convnet/./train_network.py:204} INFO - Epoch: 6, Batch: 370, Loss: 0.0202
[14:36:36] {/home/sport_bot/diplom/grasp/gr-convnet/./train_network.py:204} INFO - Epoch: 6, Batch: 380, Loss: 0.0159
[14:36:45] {/home/sport_bot/diplom/grasp/gr-convnet/./train_network.py:204} INFO - Epoch: 6, Batch: 390, Loss: 0.0126
[14:36:55] {/home/sport_bot/diplom/grasp/gr-convnet/./train_network.py:204} INFO - Epoch: 6, Batch: 400, Loss: 0.0195
[14:37:13] {/home/sport_bot/diplom/grasp/gr-convnet/./train_network.py:204} INFO - Epoch: 6, Batch: 410, Loss: 0.0189
[14:37:22] {/home/sport_bot/diplom/grasp/gr-convnet/./train_network.py:204} INFO - Epoch: 6, Batch: 420, Loss: 0.0147
[14:37:32] {/home/sport_bot/diplom/grasp/gr-convnet/./train_network.py:204} INFO - Epoch: 6, Batch: 430, Loss: 0.0135
[14:37:41] {/home/sport_bot/diplom/grasp/gr-convnet/./train_network.py:204} INFO - Epoch: 6, Batch: 440, Loss: 0.0402
[14:37:58] {/home/sport_bot/diplom/grasp/gr-convnet/./train_network.py:204} INFO - Epoch: 6, Batch: 450, Loss: 0.0265
[14:38:09] {/home/sport_bot/diplom/grasp/gr-convnet/./train_network.py:204} INFO - Epoch: 6, Batch: 460, Loss: 0.0180
[14:38:19] {/home/sport_bot/diplom/grasp/gr-convnet/./train_network.py:204} INFO - Epoch: 6, Batch: 470, Loss: 0.0174
[14:38:28] {/home/sport_bot/diplom/grasp/gr-convnet/./train_network.py:204} INFO - Epoch: 6, Batch: 480, Loss: 0.0348
[14:38:46] {/home/sport_bot/diplom/grasp/gr-convnet/./train_network.py:204} INFO - Epoch: 6, Batch: 490, Loss: 0.0131
[14:38:56] {/home/sport_bot/diplom/grasp/gr-convnet/./train_network.py:204} INFO - Epoch: 6, Batch: 500, Loss: 0.0208
[14:39:05] {/home/sport_bot/diplom/grasp/gr-convnet/./train_network.py:204} INFO - Epoch: 6, Batch: 510, Loss: 0.0332
[14:39:15] {/home/sport_bot/diplom/grasp/gr-convnet/./train_network.py:204} INFO - Epoch: 6, Batch: 520, Loss: 0.0161
[14:39:32] {/home/sport_bot/diplom/grasp/gr-convnet/./train_network.py:204} INFO - Epoch: 6, Batch: 530, Loss: 0.0316
[14:39:42] {/home/sport_bot/diplom/grasp/gr-convnet/./train_network.py:204} INFO - Epoch: 6, Batch: 540, Loss: 0.0262
[14:39:52] {/home/sport_bot/diplom/grasp/gr-convnet/./train_network.py:204} INFO - Epoch: 6, Batch: 550, Loss: 0.0112
[14:40:01] {/home/sport_bot/diplom/grasp/gr-convnet/./train_network.py:204} INFO - Epoch: 6, Batch: 560, Loss: 0.0092
[14:40:19] {/home/sport_bot/diplom/grasp/gr-convnet/./train_network.py:204} INFO - Epoch: 6, Batch: 570, Loss: 0.0315
[14:40:29] {/home/sport_bot/diplom/grasp/gr-convnet/./train_network.py:204} INFO - Epoch: 6, Batch: 580, Loss: 0.0211
[14:40:38] {/home/sport_bot/diplom/grasp/gr-convnet/./train_network.py:204} INFO - Epoch: 6, Batch: 590, Loss: 0.0231
[14:40:48] {/home/sport_bot/diplom/grasp/gr-convnet/./train_network.py:204} INFO - Epoch: 6, Batch: 600, Loss: 0.0175
[14:41:05] {/home/sport_bot/diplom/grasp/gr-convnet/./train_network.py:204} INFO - Epoch: 6, Batch: 610, Loss: 0.0277
[14:41:11] {/home/sport_bot/diplom/grasp/gr-convnet/./train_network.py:204} INFO - Epoch: 6, Batch: 620, Loss: 0.0152
[14:41:26] {/home/sport_bot/diplom/grasp/gr-convnet/./train_network.py:204} INFO - Epoch: 6, Batch: 630, Loss: 0.0279
[14:41:36] {/home/sport_bot/diplom/grasp/gr-convnet/./train_network.py:204} INFO - Epoch: 6, Batch: 640, Loss: 0.0346
[14:41:46] {/home/sport_bot/diplom/grasp/gr-convnet/./train_network.py:204} INFO - Epoch: 6, Batch: 650, Loss: 0.0289
[14:42:03] {/home/sport_bot/diplom/grasp/gr-convnet/./train_network.py:204} INFO - Epoch: 6, Batch: 660, Loss: 0.0193
[14:42:14] {/home/sport_bot/diplom/grasp/gr-convnet/./train_network.py:204} INFO - Epoch: 6, Batch: 670, Loss: 0.0145
[14:42:23] {/home/sport_bot/diplom/grasp/gr-convnet/./train_network.py:204} INFO - Epoch: 6, Batch: 680, Loss: 0.0161
[14:42:33] {/home/sport_bot/diplom/grasp/gr-convnet/./train_network.py:204} INFO - Epoch: 6, Batch: 690, Loss: 0.0140
[14:42:51] {/home/sport_bot/diplom/grasp/gr-convnet/./train_network.py:204} INFO - Epoch: 6, Batch: 700, Loss: 0.0093
[14:43:00] {/home/sport_bot/diplom/grasp/gr-convnet/./train_network.py:204} INFO - Epoch: 6, Batch: 710, Loss: 0.0241
[14:43:10] {/home/sport_bot/diplom/grasp/gr-convnet/./train_network.py:204} INFO - Epoch: 6, Batch: 720, Loss: 0.0247
[14:43:20] {/home/sport_bot/diplom/grasp/gr-convnet/./train_network.py:204} INFO - Epoch: 6, Batch: 730, Loss: 0.0120
[14:43:37] {/home/sport_bot/diplom/grasp/gr-convnet/./train_network.py:204} INFO - Epoch: 6, Batch: 740, Loss: 0.0151
[14:43:47] {/home/sport_bot/diplom/grasp/gr-convnet/./train_network.py:204} INFO - Epoch: 6, Batch: 750, Loss: 0.0169
[14:43:57] {/home/sport_bot/diplom/grasp/gr-convnet/./train_network.py:204} INFO - Epoch: 6, Batch: 760, Loss: 0.0281
[14:44:07] {/home/sport_bot/diplom/grasp/gr-convnet/./train_network.py:204} INFO - Epoch: 6, Batch: 770, Loss: 0.0245
[14:44:24] {/home/sport_bot/diplom/grasp/gr-convnet/./train_network.py:204} INFO - Epoch: 6, Batch: 780, Loss: 0.0180
[14:44:35] {/home/sport_bot/diplom/grasp/gr-convnet/./train_network.py:204} INFO - Epoch: 6, Batch: 790, Loss: 0.0098
[14:44:45] {/home/sport_bot/diplom/grasp/gr-convnet/./train_network.py:204} INFO - Epoch: 6, Batch: 800, Loss: 0.0273
[14:44:55] {/home/sport_bot/diplom/grasp/gr-convnet/./train_network.py:204} INFO - Epoch: 6, Batch: 810, Loss: 0.0173
[14:45:11] {/home/sport_bot/diplom/grasp/gr-convnet/./train_network.py:204} INFO - Epoch: 6, Batch: 820, Loss: 0.0129
[14:45:22] {/home/sport_bot/diplom/grasp/gr-convnet/./train_network.py:204} INFO - Epoch: 6, Batch: 830, Loss: 0.0353
[14:45:32] {/home/sport_bot/diplom/grasp/gr-convnet/./train_network.py:204} INFO - Epoch: 6, Batch: 840, Loss: 0.0293
[14:45:42] {/home/sport_bot/diplom/grasp/gr-convnet/./train_network.py:204} INFO - Epoch: 6, Batch: 850, Loss: 0.0225
[14:45:58] {/home/sport_bot/diplom/grasp/gr-convnet/./train_network.py:204} INFO - Epoch: 6, Batch: 860, Loss: 0.0119
[14:46:09] {/home/sport_bot/diplom/grasp/gr-convnet/./train_network.py:204} INFO - Epoch: 6, Batch: 870, Loss: 0.0235
[14:46:19] {/home/sport_bot/diplom/grasp/gr-convnet/./train_network.py:204} INFO - Epoch: 6, Batch: 880, Loss: 0.0235
[14:46:29] {/home/sport_bot/diplom/grasp/gr-convnet/./train_network.py:204} INFO - Epoch: 6, Batch: 890, Loss: 0.0155
[14:46:45] {/home/sport_bot/diplom/grasp/gr-convnet/./train_network.py:204} INFO - Epoch: 6, Batch: 900, Loss: 0.0154
[14:46:55] {/home/sport_bot/diplom/grasp/gr-convnet/./train_network.py:204} INFO - Epoch: 6, Batch: 910, Loss: 0.0320
[14:47:05] {/home/sport_bot/diplom/grasp/gr-convnet/./train_network.py:204} INFO - Epoch: 6, Batch: 920, Loss: 0.0205
[14:47:15] {/home/sport_bot/diplom/grasp/gr-convnet/./train_network.py:204} INFO - Epoch: 6, Batch: 930, Loss: 0.0216
[14:47:31] {/home/sport_bot/diplom/grasp/gr-convnet/./train_network.py:204} INFO - Epoch: 6, Batch: 940, Loss: 0.0172
[14:47:42] {/home/sport_bot/diplom/grasp/gr-convnet/./train_network.py:204} INFO - Epoch: 6, Batch: 950, Loss: 0.0169
[14:47:52] {/home/sport_bot/diplom/grasp/gr-convnet/./train_network.py:204} INFO - Epoch: 6, Batch: 960, Loss: 0.0196
[14:48:02] {/home/sport_bot/diplom/grasp/gr-convnet/./train_network.py:204} INFO - Epoch: 6, Batch: 970, Loss: 0.0322
[14:48:17] {/home/sport_bot/diplom/grasp/gr-convnet/./train_network.py:204} INFO - Epoch: 6, Batch: 980, Loss: 0.0144
[14:48:30] {/home/sport_bot/diplom/grasp/gr-convnet/./train_network.py:204} INFO - Epoch: 6, Batch: 990, Loss: 0.0139
[14:49:05] {/home/sport_bot/diplom/grasp/gr-convnet/./train_network.py:385} INFO - Validating...
[14:50:35] {/home/sport_bot/diplom/grasp/gr-convnet/./train_network.py:387} INFO - 505/557 = 0.906643
[14:50:35] {/home/sport_bot/diplom/grasp/gr-convnet/./train_network.py:368} INFO - Beginning Epoch 07
[14:50:54] {/home/sport_bot/diplom/grasp/gr-convnet/./train_network.py:204} INFO - Epoch: 7, Batch: 10, Loss: 0.0339
[14:51:04] {/home/sport_bot/diplom/grasp/gr-convnet/./train_network.py:204} INFO - Epoch: 7, Batch: 20, Loss: 0.0127
[14:51:14] {/home/sport_bot/diplom/grasp/gr-convnet/./train_network.py:204} INFO - Epoch: 7, Batch: 30, Loss: 0.0143
[14:51:24] {/home/sport_bot/diplom/grasp/gr-convnet/./train_network.py:204} INFO - Epoch: 7, Batch: 40, Loss: 0.0259
[14:51:41] {/home/sport_bot/diplom/grasp/gr-convnet/./train_network.py:204} INFO - Epoch: 7, Batch: 50, Loss: 0.0118
[14:51:51] {/home/sport_bot/diplom/grasp/gr-convnet/./train_network.py:204} INFO - Epoch: 7, Batch: 60, Loss: 0.0309
[14:52:01] {/home/sport_bot/diplom/grasp/gr-convnet/./train_network.py:204} INFO - Epoch: 7, Batch: 70, Loss: 0.0330
[14:52:10] {/home/sport_bot/diplom/grasp/gr-convnet/./train_network.py:204} INFO - Epoch: 7, Batch: 80, Loss: 0.0319
[14:52:28] {/home/sport_bot/diplom/grasp/gr-convnet/./train_network.py:204} INFO - Epoch: 7, Batch: 90, Loss: 0.0142
[14:52:38] {/home/sport_bot/diplom/grasp/gr-convnet/./train_network.py:204} INFO - Epoch: 7, Batch: 100, Loss: 0.0248
[14:52:48] {/home/sport_bot/diplom/grasp/gr-convnet/./train_network.py:204} INFO - Epoch: 7, Batch: 110, Loss: 0.0102
[14:52:57] {/home/sport_bot/diplom/grasp/gr-convnet/./train_network.py:204} INFO - Epoch: 7, Batch: 120, Loss: 0.0152
[14:53:15] {/home/sport_bot/diplom/grasp/gr-convnet/./train_network.py:204} INFO - Epoch: 7, Batch: 130, Loss: 0.0240
[14:53:25] {/home/sport_bot/diplom/grasp/gr-convnet/./train_network.py:204} INFO - Epoch: 7, Batch: 140, Loss: 0.0161
[14:53:35] {/home/sport_bot/diplom/grasp/gr-convnet/./train_network.py:204} INFO - Epoch: 7, Batch: 150, Loss: 0.0311
[14:53:45] {/home/sport_bot/diplom/grasp/gr-convnet/./train_network.py:204} INFO - Epoch: 7, Batch: 160, Loss: 0.0242
[14:54:03] {/home/sport_bot/diplom/grasp/gr-convnet/./train_network.py:204} INFO - Epoch: 7, Batch: 170, Loss: 0.0570
[14:54:13] {/home/sport_bot/diplom/grasp/gr-convnet/./train_network.py:204} INFO - Epoch: 7, Batch: 180, Loss: 0.0142
[14:54:22] {/home/sport_bot/diplom/grasp/gr-convnet/./train_network.py:204} INFO - Epoch: 7, Batch: 190, Loss: 0.0126
[14:54:32] {/home/sport_bot/diplom/grasp/gr-convnet/./train_network.py:204} INFO - Epoch: 7, Batch: 200, Loss: 0.0155
[14:54:50] {/home/sport_bot/diplom/grasp/gr-convnet/./train_network.py:204} INFO - Epoch: 7, Batch: 210, Loss: 0.0298
[14:55:00] {/home/sport_bot/diplom/grasp/gr-convnet/./train_network.py:204} INFO - Epoch: 7, Batch: 220, Loss: 0.0202
[14:55:09] {/home/sport_bot/diplom/grasp/gr-convnet/./train_network.py:204} INFO - Epoch: 7, Batch: 230, Loss: 0.0123
[14:55:19] {/home/sport_bot/diplom/grasp/gr-convnet/./train_network.py:204} INFO - Epoch: 7, Batch: 240, Loss: 0.0218
[14:55:37] {/home/sport_bot/diplom/grasp/gr-convnet/./train_network.py:204} INFO - Epoch: 7, Batch: 250, Loss: 0.0210
[14:55:46] {/home/sport_bot/diplom/grasp/gr-convnet/./train_network.py:204} INFO - Epoch: 7, Batch: 260, Loss: 0.0320
[14:55:56] {/home/sport_bot/diplom/grasp/gr-convnet/./train_network.py:204} INFO - Epoch: 7, Batch: 270, Loss: 0.0126
[14:56:06] {/home/sport_bot/diplom/grasp/gr-convnet/./train_network.py:204} INFO - Epoch: 7, Batch: 280, Loss: 0.0140
[14:56:24] {/home/sport_bot/diplom/grasp/gr-convnet/./train_network.py:204} INFO - Epoch: 7, Batch: 290, Loss: 0.0174
[14:56:34] {/home/sport_bot/diplom/grasp/gr-convnet/./train_network.py:204} INFO - Epoch: 7, Batch: 300, Loss: 0.0185
[14:56:43] {/home/sport_bot/diplom/grasp/gr-convnet/./train_network.py:204} INFO - Epoch: 7, Batch: 310, Loss: 0.0256
[14:56:53] {/home/sport_bot/diplom/grasp/gr-convnet/./train_network.py:204} INFO - Epoch: 7, Batch: 320, Loss: 0.0174
[14:57:11] {/home/sport_bot/diplom/grasp/gr-convnet/./train_network.py:204} INFO - Epoch: 7, Batch: 330, Loss: 0.0193
[14:57:20] {/home/sport_bot/diplom/grasp/gr-convnet/./train_network.py:204} INFO - Epoch: 7, Batch: 340, Loss: 0.0255
[14:57:30] {/home/sport_bot/diplom/grasp/gr-convnet/./train_network.py:204} INFO - Epoch: 7, Batch: 350, Loss: 0.0091
[14:57:40] {/home/sport_bot/diplom/grasp/gr-convnet/./train_network.py:204} INFO - Epoch: 7, Batch: 360, Loss: 0.0099
[14:57:58] {/home/sport_bot/diplom/grasp/gr-convnet/./train_network.py:204} INFO - Epoch: 7, Batch: 370, Loss: 0.0193
[14:58:07] {/home/sport_bot/diplom/grasp/gr-convnet/./train_network.py:204} INFO - Epoch: 7, Batch: 380, Loss: 0.0107
[14:58:17] {/home/sport_bot/diplom/grasp/gr-convnet/./train_network.py:204} INFO - Epoch: 7, Batch: 390, Loss: 0.0562
[14:58:27] {/home/sport_bot/diplom/grasp/gr-convnet/./train_network.py:204} INFO - Epoch: 7, Batch: 400, Loss: 0.0314
[14:58:44] {/home/sport_bot/diplom/grasp/gr-convnet/./train_network.py:204} INFO - Epoch: 7, Batch: 410, Loss: 0.0169
[14:58:54] {/home/sport_bot/diplom/grasp/gr-convnet/./train_network.py:204} INFO - Epoch: 7, Batch: 420, Loss: 0.0191
[14:59:04] {/home/sport_bot/diplom/grasp/gr-convnet/./train_network.py:204} INFO - Epoch: 7, Batch: 430, Loss: 0.0198
[14:59:14] {/home/sport_bot/diplom/grasp/gr-convnet/./train_network.py:204} INFO - Epoch: 7, Batch: 440, Loss: 0.0417
[14:59:30] {/home/sport_bot/diplom/grasp/gr-convnet/./train_network.py:204} INFO - Epoch: 7, Batch: 450, Loss: 0.0136
[14:59:40] {/home/sport_bot/diplom/grasp/gr-convnet/./train_network.py:204} INFO - Epoch: 7, Batch: 460, Loss: 0.0293
[14:59:49] {/home/sport_bot/diplom/grasp/gr-convnet/./train_network.py:204} INFO - Epoch: 7, Batch: 470, Loss: 0.0324
[14:59:59] {/home/sport_bot/diplom/grasp/gr-convnet/./train_network.py:204} INFO - Epoch: 7, Batch: 480, Loss: 0.0126
[15:00:16] {/home/sport_bot/diplom/grasp/gr-convnet/./train_network.py:204} INFO - Epoch: 7, Batch: 490, Loss: 0.0192
[15:00:25] {/home/sport_bot/diplom/grasp/gr-convnet/./train_network.py:204} INFO - Epoch: 7, Batch: 500, Loss: 0.0129
[15:00:35] {/home/sport_bot/diplom/grasp/gr-convnet/./train_network.py:204} INFO - Epoch: 7, Batch: 510, Loss: 0.0241
[15:00:45] {/home/sport_bot/diplom/grasp/gr-convnet/./train_network.py:204} INFO - Epoch: 7, Batch: 520, Loss: 0.0299
[15:01:02] {/home/sport_bot/diplom/grasp/gr-convnet/./train_network.py:204} INFO - Epoch: 7, Batch: 530, Loss: 0.0132
[15:01:11] {/home/sport_bot/diplom/grasp/gr-convnet/./train_network.py:204} INFO - Epoch: 7, Batch: 540, Loss: 0.0343
[15:01:21] {/home/sport_bot/diplom/grasp/gr-convnet/./train_network.py:204} INFO - Epoch: 7, Batch: 550, Loss: 0.0301
[15:01:31] {/home/sport_bot/diplom/grasp/gr-convnet/./train_network.py:204} INFO - Epoch: 7, Batch: 560, Loss: 0.0193
[15:01:49] {/home/sport_bot/diplom/grasp/gr-convnet/./train_network.py:204} INFO - Epoch: 7, Batch: 570, Loss: 0.0209
[15:01:59] {/home/sport_bot/diplom/grasp/gr-convnet/./train_network.py:204} INFO - Epoch: 7, Batch: 580, Loss: 0.0125
[15:02:09] {/home/sport_bot/diplom/grasp/gr-convnet/./train_network.py:204} INFO - Epoch: 7, Batch: 590, Loss: 0.0243
[15:02:18] {/home/sport_bot/diplom/grasp/gr-convnet/./train_network.py:204} INFO - Epoch: 7, Batch: 600, Loss: 0.0128
[15:02:35] {/home/sport_bot/diplom/grasp/gr-convnet/./train_network.py:204} INFO - Epoch: 7, Batch: 610, Loss: 0.0242
[15:02:42] {/home/sport_bot/diplom/grasp/gr-convnet/./train_network.py:204} INFO - Epoch: 7, Batch: 620, Loss: 0.0235
[15:02:56] {/home/sport_bot/diplom/grasp/gr-convnet/./train_network.py:204} INFO - Epoch: 7, Batch: 630, Loss: 0.0170
[15:03:06] {/home/sport_bot/diplom/grasp/gr-convnet/./train_network.py:204} INFO - Epoch: 7, Batch: 640, Loss: 0.0559
[15:03:15] {/home/sport_bot/diplom/grasp/gr-convnet/./train_network.py:204} INFO - Epoch: 7, Batch: 650, Loss: 0.0119
[15:03:33] {/home/sport_bot/diplom/grasp/gr-convnet/./train_network.py:204} INFO - Epoch: 7, Batch: 660, Loss: 0.0169
[15:03:43] {/home/sport_bot/diplom/grasp/gr-convnet/./train_network.py:204} INFO - Epoch: 7, Batch: 670, Loss: 0.0102
[15:03:52] {/home/sport_bot/diplom/grasp/gr-convnet/./train_network.py:204} INFO - Epoch: 7, Batch: 680, Loss: 0.0169
[15:04:02] {/home/sport_bot/diplom/grasp/gr-convnet/./train_network.py:204} INFO - Epoch: 7, Batch: 690, Loss: 0.0152
[15:04:19] {/home/sport_bot/diplom/grasp/gr-convnet/./train_network.py:204} INFO - Epoch: 7, Batch: 700, Loss: 0.0085
[15:04:28] {/home/sport_bot/diplom/grasp/gr-convnet/./train_network.py:204} INFO - Epoch: 7, Batch: 710, Loss: 0.0136
[15:04:39] {/home/sport_bot/diplom/grasp/gr-convnet/./train_network.py:204} INFO - Epoch: 7, Batch: 720, Loss: 0.0300
[15:04:49] {/home/sport_bot/diplom/grasp/gr-convnet/./train_network.py:204} INFO - Epoch: 7, Batch: 730, Loss: 0.0448
[15:05:05] {/home/sport_bot/diplom/grasp/gr-convnet/./train_network.py:204} INFO - Epoch: 7, Batch: 740, Loss: 0.0162
[15:05:15] {/home/sport_bot/diplom/grasp/gr-convnet/./train_network.py:204} INFO - Epoch: 7, Batch: 750, Loss: 0.0131
[15:05:26] {/home/sport_bot/diplom/grasp/gr-convnet/./train_network.py:204} INFO - Epoch: 7, Batch: 760, Loss: 0.0283
