[15:42:39] {/home/sport_bot/diplom/grasp/gr-convnet/hardware/device.py:11} INFO - CUDA detected. Running with GPU acceleration.
[15:42:39] {/home/sport_bot/diplom/grasp/gr-convnet/./train_network.py:297} INFO - Loading Jacquard Dataset...
[15:42:39] {/home/sport_bot/diplom/grasp/gr-convnet/./train_network.py:308} INFO - Dataset size is 5561
[15:42:39] {/home/sport_bot/diplom/grasp/gr-convnet/./train_network.py:317} INFO - Training size: 5004
[15:42:39] {/home/sport_bot/diplom/grasp/gr-convnet/./train_network.py:318} INFO - Validation size: 557
[15:42:39] {/home/sport_bot/diplom/grasp/gr-convnet/./train_network.py:333} INFO - Done
[15:42:39] {/home/sport_bot/diplom/grasp/gr-convnet/./train_network.py:336} INFO - Loading Network...
[15:42:39] {/home/sport_bot/diplom/grasp/gr-convnet/./train_network.py:347} INFO - Done
[15:42:43] {/home/sport_bot/diplom/grasp/gr-convnet/./train_network.py:366} INFO - Beginning Epoch 00
[15:43:23] {/home/sport_bot/diplom/grasp/gr-convnet/./train_network.py:204} INFO - Epoch: 0, Batch: 10, Loss: 0.3293
[15:43:42] {/home/sport_bot/diplom/grasp/gr-convnet/./train_network.py:204} INFO - Epoch: 0, Batch: 20, Loss: 0.1030
[15:44:02] {/home/sport_bot/diplom/grasp/gr-convnet/./train_network.py:204} INFO - Epoch: 0, Batch: 30, Loss: 0.1439
[15:44:15] {/home/sport_bot/diplom/grasp/gr-convnet/./train_network.py:204} INFO - Epoch: 0, Batch: 40, Loss: 0.1129
[15:44:43] {/home/sport_bot/diplom/grasp/gr-convnet/./train_network.py:204} INFO - Epoch: 0, Batch: 50, Loss: 0.0494
[15:45:03] {/home/sport_bot/diplom/grasp/gr-convnet/./train_network.py:204} INFO - Epoch: 0, Batch: 60, Loss: 0.0854
[15:45:23] {/home/sport_bot/diplom/grasp/gr-convnet/./train_network.py:204} INFO - Epoch: 0, Batch: 70, Loss: 0.0830
[15:45:44] {/home/sport_bot/diplom/grasp/gr-convnet/./train_network.py:204} INFO - Epoch: 0, Batch: 80, Loss: 0.0442
[15:46:17] {/home/sport_bot/diplom/grasp/gr-convnet/./train_network.py:204} INFO - Epoch: 0, Batch: 90, Loss: 0.0515
[15:46:40] {/home/sport_bot/diplom/grasp/gr-convnet/./train_network.py:204} INFO - Epoch: 0, Batch: 100, Loss: 0.0607
[15:46:52] {/home/sport_bot/diplom/grasp/gr-convnet/./train_network.py:204} INFO - Epoch: 0, Batch: 110, Loss: 0.0562
[15:47:02] {/home/sport_bot/diplom/grasp/gr-convnet/./train_network.py:204} INFO - Epoch: 0, Batch: 120, Loss: 0.0332
[15:47:17] {/home/sport_bot/diplom/grasp/gr-convnet/./train_network.py:204} INFO - Epoch: 0, Batch: 130, Loss: 0.0294
[15:47:28] {/home/sport_bot/diplom/grasp/gr-convnet/./train_network.py:204} INFO - Epoch: 0, Batch: 140, Loss: 0.0316
[15:47:37] {/home/sport_bot/diplom/grasp/gr-convnet/./train_network.py:204} INFO - Epoch: 0, Batch: 150, Loss: 0.0572
[15:47:49] {/home/sport_bot/diplom/grasp/gr-convnet/./train_network.py:204} INFO - Epoch: 0, Batch: 160, Loss: 0.0327
[15:48:03] {/home/sport_bot/diplom/grasp/gr-convnet/./train_network.py:204} INFO - Epoch: 0, Batch: 170, Loss: 0.0676
[15:48:13] {/home/sport_bot/diplom/grasp/gr-convnet/./train_network.py:204} INFO - Epoch: 0, Batch: 180, Loss: 0.0340
[15:48:22] {/home/sport_bot/diplom/grasp/gr-convnet/./train_network.py:204} INFO - Epoch: 0, Batch: 190, Loss: 0.0302
[15:48:36] {/home/sport_bot/diplom/grasp/gr-convnet/./train_network.py:204} INFO - Epoch: 0, Batch: 200, Loss: 0.0621
[15:48:49] {/home/sport_bot/diplom/grasp/gr-convnet/./train_network.py:204} INFO - Epoch: 0, Batch: 210, Loss: 0.0413
[15:48:59] {/home/sport_bot/diplom/grasp/gr-convnet/./train_network.py:204} INFO - Epoch: 0, Batch: 220, Loss: 0.0381
[15:49:08] {/home/sport_bot/diplom/grasp/gr-convnet/./train_network.py:204} INFO - Epoch: 0, Batch: 230, Loss: 0.0368
[15:49:21] {/home/sport_bot/diplom/grasp/gr-convnet/./train_network.py:204} INFO - Epoch: 0, Batch: 240, Loss: 0.0619
[15:49:36] {/home/sport_bot/diplom/grasp/gr-convnet/./train_network.py:204} INFO - Epoch: 0, Batch: 250, Loss: 0.0381
[15:49:45] {/home/sport_bot/diplom/grasp/gr-convnet/./train_network.py:204} INFO - Epoch: 0, Batch: 260, Loss: 0.0369
[15:49:55] {/home/sport_bot/diplom/grasp/gr-convnet/./train_network.py:204} INFO - Epoch: 0, Batch: 270, Loss: 0.0680
[15:50:07] {/home/sport_bot/diplom/grasp/gr-convnet/./train_network.py:204} INFO - Epoch: 0, Batch: 280, Loss: 0.0410
[15:50:23] {/home/sport_bot/diplom/grasp/gr-convnet/./train_network.py:204} INFO - Epoch: 0, Batch: 290, Loss: 0.0631
[15:50:33] {/home/sport_bot/diplom/grasp/gr-convnet/./train_network.py:204} INFO - Epoch: 0, Batch: 300, Loss: 0.0284
[15:50:42] {/home/sport_bot/diplom/grasp/gr-convnet/./train_network.py:204} INFO - Epoch: 0, Batch: 310, Loss: 0.0623
[15:50:54] {/home/sport_bot/diplom/grasp/gr-convnet/./train_network.py:204} INFO - Epoch: 0, Batch: 320, Loss: 0.0526
[15:51:09] {/home/sport_bot/diplom/grasp/gr-convnet/./train_network.py:204} INFO - Epoch: 0, Batch: 330, Loss: 0.0385
[15:51:19] {/home/sport_bot/diplom/grasp/gr-convnet/./train_network.py:204} INFO - Epoch: 0, Batch: 340, Loss: 0.0497
[15:51:29] {/home/sport_bot/diplom/grasp/gr-convnet/./train_network.py:204} INFO - Epoch: 0, Batch: 350, Loss: 0.0379
[15:51:41] {/home/sport_bot/diplom/grasp/gr-convnet/./train_network.py:204} INFO - Epoch: 0, Batch: 360, Loss: 0.0359
[15:51:56] {/home/sport_bot/diplom/grasp/gr-convnet/./train_network.py:204} INFO - Epoch: 0, Batch: 370, Loss: 0.0306
[15:52:05] {/home/sport_bot/diplom/grasp/gr-convnet/./train_network.py:204} INFO - Epoch: 0, Batch: 380, Loss: 0.0407
[15:52:15] {/home/sport_bot/diplom/grasp/gr-convnet/./train_network.py:204} INFO - Epoch: 0, Batch: 390, Loss: 0.0518
[15:52:27] {/home/sport_bot/diplom/grasp/gr-convnet/./train_network.py:204} INFO - Epoch: 0, Batch: 400, Loss: 0.0631
[15:52:42] {/home/sport_bot/diplom/grasp/gr-convnet/./train_network.py:204} INFO - Epoch: 0, Batch: 410, Loss: 0.0498
[15:52:51] {/home/sport_bot/diplom/grasp/gr-convnet/./train_network.py:204} INFO - Epoch: 0, Batch: 420, Loss: 0.0380
[15:53:01] {/home/sport_bot/diplom/grasp/gr-convnet/./train_network.py:204} INFO - Epoch: 0, Batch: 430, Loss: 0.0393
[15:53:14] {/home/sport_bot/diplom/grasp/gr-convnet/./train_network.py:204} INFO - Epoch: 0, Batch: 440, Loss: 0.0390
[15:53:29] {/home/sport_bot/diplom/grasp/gr-convnet/./train_network.py:204} INFO - Epoch: 0, Batch: 450, Loss: 0.0514
[15:53:38] {/home/sport_bot/diplom/grasp/gr-convnet/./train_network.py:204} INFO - Epoch: 0, Batch: 460, Loss: 0.0322
[15:53:48] {/home/sport_bot/diplom/grasp/gr-convnet/./train_network.py:204} INFO - Epoch: 0, Batch: 470, Loss: 0.0503
[15:54:01] {/home/sport_bot/diplom/grasp/gr-convnet/./train_network.py:204} INFO - Epoch: 0, Batch: 480, Loss: 0.0425
[15:54:15] {/home/sport_bot/diplom/grasp/gr-convnet/./train_network.py:204} INFO - Epoch: 0, Batch: 490, Loss: 0.0722
[15:54:24] {/home/sport_bot/diplom/grasp/gr-convnet/./train_network.py:204} INFO - Epoch: 0, Batch: 500, Loss: 0.0304
[15:54:35] {/home/sport_bot/diplom/grasp/gr-convnet/./train_network.py:204} INFO - Epoch: 0, Batch: 510, Loss: 0.0565
[15:54:48] {/home/sport_bot/diplom/grasp/gr-convnet/./train_network.py:204} INFO - Epoch: 0, Batch: 520, Loss: 0.0248
[15:55:02] {/home/sport_bot/diplom/grasp/gr-convnet/./train_network.py:204} INFO - Epoch: 0, Batch: 530, Loss: 0.0440
[15:55:12] {/home/sport_bot/diplom/grasp/gr-convnet/./train_network.py:204} INFO - Epoch: 0, Batch: 540, Loss: 0.0618
[15:55:21] {/home/sport_bot/diplom/grasp/gr-convnet/./train_network.py:204} INFO - Epoch: 0, Batch: 550, Loss: 0.0308
[15:55:34] {/home/sport_bot/diplom/grasp/gr-convnet/./train_network.py:204} INFO - Epoch: 0, Batch: 560, Loss: 0.0335
[15:55:49] {/home/sport_bot/diplom/grasp/gr-convnet/./train_network.py:204} INFO - Epoch: 0, Batch: 570, Loss: 0.0377
[15:55:58] {/home/sport_bot/diplom/grasp/gr-convnet/./train_network.py:204} INFO - Epoch: 0, Batch: 580, Loss: 0.0391
[15:56:08] {/home/sport_bot/diplom/grasp/gr-convnet/./train_network.py:204} INFO - Epoch: 0, Batch: 590, Loss: 0.0327
[15:56:20] {/home/sport_bot/diplom/grasp/gr-convnet/./train_network.py:204} INFO - Epoch: 0, Batch: 600, Loss: 0.0302
[15:56:35] {/home/sport_bot/diplom/grasp/gr-convnet/./train_network.py:204} INFO - Epoch: 0, Batch: 610, Loss: 0.0464
[15:56:42] {/home/sport_bot/diplom/grasp/gr-convnet/./train_network.py:204} INFO - Epoch: 0, Batch: 620, Loss: 0.0277
[15:56:55] {/home/sport_bot/diplom/grasp/gr-convnet/./train_network.py:204} INFO - Epoch: 0, Batch: 630, Loss: 0.0322
[15:57:05] {/home/sport_bot/diplom/grasp/gr-convnet/./train_network.py:204} INFO - Epoch: 0, Batch: 640, Loss: 0.0328
[15:57:15] {/home/sport_bot/diplom/grasp/gr-convnet/./train_network.py:204} INFO - Epoch: 0, Batch: 650, Loss: 0.0418
[15:57:32] {/home/sport_bot/diplom/grasp/gr-convnet/./train_network.py:204} INFO - Epoch: 0, Batch: 660, Loss: 0.0564
[15:57:42] {/home/sport_bot/diplom/grasp/gr-convnet/./train_network.py:204} INFO - Epoch: 0, Batch: 670, Loss: 0.0404
[15:57:52] {/home/sport_bot/diplom/grasp/gr-convnet/./train_network.py:204} INFO - Epoch: 0, Batch: 680, Loss: 0.0285
[15:58:02] {/home/sport_bot/diplom/grasp/gr-convnet/./train_network.py:204} INFO - Epoch: 0, Batch: 690, Loss: 0.0307
[15:58:19] {/home/sport_bot/diplom/grasp/gr-convnet/./train_network.py:204} INFO - Epoch: 0, Batch: 700, Loss: 0.0285
[15:58:29] {/home/sport_bot/diplom/grasp/gr-convnet/./train_network.py:204} INFO - Epoch: 0, Batch: 710, Loss: 0.0272
[15:58:39] {/home/sport_bot/diplom/grasp/gr-convnet/./train_network.py:204} INFO - Epoch: 0, Batch: 720, Loss: 0.0304
[15:58:48] {/home/sport_bot/diplom/grasp/gr-convnet/./train_network.py:204} INFO - Epoch: 0, Batch: 730, Loss: 0.0601
[15:59:06] {/home/sport_bot/diplom/grasp/gr-convnet/./train_network.py:204} INFO - Epoch: 0, Batch: 740, Loss: 0.0523
[15:59:16] {/home/sport_bot/diplom/grasp/gr-convnet/./train_network.py:204} INFO - Epoch: 0, Batch: 750, Loss: 0.0371
[15:59:26] {/home/sport_bot/diplom/grasp/gr-convnet/./train_network.py:204} INFO - Epoch: 0, Batch: 760, Loss: 0.0272
[15:59:36] {/home/sport_bot/diplom/grasp/gr-convnet/./train_network.py:204} INFO - Epoch: 0, Batch: 770, Loss: 0.0277
[15:59:53] {/home/sport_bot/diplom/grasp/gr-convnet/./train_network.py:204} INFO - Epoch: 0, Batch: 780, Loss: 0.0409
[16:00:03] {/home/sport_bot/diplom/grasp/gr-convnet/./train_network.py:204} INFO - Epoch: 0, Batch: 790, Loss: 0.0395
[16:00:13] {/home/sport_bot/diplom/grasp/gr-convnet/./train_network.py:204} INFO - Epoch: 0, Batch: 800, Loss: 0.0196
[16:00:23] {/home/sport_bot/diplom/grasp/gr-convnet/./train_network.py:204} INFO - Epoch: 0, Batch: 810, Loss: 0.0326
[16:00:40] {/home/sport_bot/diplom/grasp/gr-convnet/./train_network.py:204} INFO - Epoch: 0, Batch: 820, Loss: 0.0202
[16:00:50] {/home/sport_bot/diplom/grasp/gr-convnet/./train_network.py:204} INFO - Epoch: 0, Batch: 830, Loss: 0.0176
[16:00:59] {/home/sport_bot/diplom/grasp/gr-convnet/./train_network.py:204} INFO - Epoch: 0, Batch: 840, Loss: 0.0743
[16:01:09] {/home/sport_bot/diplom/grasp/gr-convnet/./train_network.py:204} INFO - Epoch: 0, Batch: 850, Loss: 0.0282
[16:01:26] {/home/sport_bot/diplom/grasp/gr-convnet/./train_network.py:204} INFO - Epoch: 0, Batch: 860, Loss: 0.0245
[16:01:36] {/home/sport_bot/diplom/grasp/gr-convnet/./train_network.py:204} INFO - Epoch: 0, Batch: 870, Loss: 0.0552
[16:01:46] {/home/sport_bot/diplom/grasp/gr-convnet/./train_network.py:204} INFO - Epoch: 0, Batch: 880, Loss: 0.0310
[16:01:56] {/home/sport_bot/diplom/grasp/gr-convnet/./train_network.py:204} INFO - Epoch: 0, Batch: 890, Loss: 0.0615
[16:02:13] {/home/sport_bot/diplom/grasp/gr-convnet/./train_network.py:204} INFO - Epoch: 0, Batch: 900, Loss: 0.0430
[16:02:23] {/home/sport_bot/diplom/grasp/gr-convnet/./train_network.py:204} INFO - Epoch: 0, Batch: 910, Loss: 0.0204
[16:02:32] {/home/sport_bot/diplom/grasp/gr-convnet/./train_network.py:204} INFO - Epoch: 0, Batch: 920, Loss: 0.0328
[16:02:42] {/home/sport_bot/diplom/grasp/gr-convnet/./train_network.py:204} INFO - Epoch: 0, Batch: 930, Loss: 0.0226
[16:02:59] {/home/sport_bot/diplom/grasp/gr-convnet/./train_network.py:204} INFO - Epoch: 0, Batch: 940, Loss: 0.0449
[16:03:09] {/home/sport_bot/diplom/grasp/gr-convnet/./train_network.py:204} INFO - Epoch: 0, Batch: 950, Loss: 0.0252
[16:03:18] {/home/sport_bot/diplom/grasp/gr-convnet/./train_network.py:204} INFO - Epoch: 0, Batch: 960, Loss: 0.0367
[16:03:28] {/home/sport_bot/diplom/grasp/gr-convnet/./train_network.py:204} INFO - Epoch: 0, Batch: 970, Loss: 0.0781
[16:03:45] {/home/sport_bot/diplom/grasp/gr-convnet/./train_network.py:204} INFO - Epoch: 0, Batch: 980, Loss: 0.0321
[16:03:54] {/home/sport_bot/diplom/grasp/gr-convnet/./train_network.py:204} INFO - Epoch: 0, Batch: 990, Loss: 0.0330
[16:04:28] {/home/sport_bot/diplom/grasp/gr-convnet/./train_network.py:383} INFO - Validating...
