INFO:root:Random seed: 5908182652952116375
INFO:root:2025-05-06_12:50:55 - Logging started!
INFO:root:2025-05-06_12:51:30 - Hovered over target: 1
INFO:root:2025-05-06_12:51:33 - Hovered over target: 2
INFO:root:2025-05-06_12:51:45 - Hovered over target: 3
INFO:root:2025-05-06_12:51:55 - Hovered over target: 4
INFO:root:2025-05-06_12:51:56 - Hovered over target: 5
INFO:root:2025-05-06_12:51:58 - Hovered over target: 6
INFO:root:2025-05-06_12:52:04 - Hovered over target: 6
INFO:root:2025-05-06_12:52:06 - Hovered over target: 6
INFO:root:2025-05-06_12:52:07 - Hovered over target: 7
INFO:root:2025-05-06_12:52:08 - Hovered over target: 8
INFO:root:2025-05-06_12:52:16 - Hovered over target: 9
INFO:root:2025-05-06_12:52:16 - Hovered over target: 10
INFO:root:2025-05-06_12:52:17 - Hovered over target: 11
INFO:root:2025-05-06_12:52:20 - Hovered over target: 11
INFO:root:2025-05-06_12:52:20 - Hovered over target: 12
INFO:root:2025-05-06_12:52:22 - Hovered over target: 13
INFO:root:2025-05-06_12:52:24 - Hovered over target: 14
INFO:root:2025-05-06_12:52:27 - Hovered over target: 14
INFO:root:2025-05-06_12:52:31 - Hovered over target: 13
INFO:root:2025-05-06_12:52:31 - Hovered over target: 14
INFO:root:2025-05-06_12:52:41 - Hovered over target: 11
INFO:root:2025-05-06_12:52:41 - Hovered over target: 12
INFO:root:2025-05-06_12:52:46 - Hovered over target: 13
INFO:root:2025-05-06_12:52:48 - Hovered over target: 13
INFO:root:2025-05-06_12:52:50 - Hovered over target: 13
INFO:root:2025-05-06_12:52:50 - Hovered over target: 14
INFO:root:2025-05-06_12:52:51 - Hovered over target: 14
INFO:root:2025-05-06_12:52:51 - Hovered over target: 15
INFO:root:2025-05-06_12:52:52 - Hovered over target: 14
INFO:root:2025-05-06_12:52:52 - Hovered over target: 15
INFO:root:2025-05-06_12:52:53 - Hovered over target: 16
INFO:root:2025-05-06_12:52:54 - Hovered over target: 17
INFO:root:2025-05-06_12:52:55 - Hovered over target: 17
INFO:root:2025-05-06_12:52:56 - Hovered over target: 17
INFO:root:2025-05-06_12:52:57 - Hovered over target: 18
INFO:root:2025-05-06_12:52:57 - Hovered over target: 19
INFO:root:2025-05-06_12:53:00 - Hovered over target: 18
INFO:root:2025-05-06_12:53:04 - Hovered over target: 16
INFO:root:2025-05-06_12:53:04 - Hovered over target: 17
INFO:root:2025-05-06_12:53:04 - Hovered over target: 18
INFO:root:2025-05-06_12:53:06 - Hovered over target: 17
INFO:root:2025-05-06_12:53:08 - Hovered over target: 17
INFO:root:2025-05-06_12:53:08 - Hovered over target: 18
INFO:root:2025-05-06_12:53:09 - Hovered over target: 18
INFO:root:2025-05-06_12:53:09 - Hovered over target: 19
INFO:root:2025-05-06_12:53:11 - Hovered over target: 19
INFO:root:2025-05-06_12:53:12 - Hovered over target: 19
INFO:root:2025-05-06_12:53:13 - Hovered over target: 17
INFO:root:2025-05-06_12:53:14 - Hovered over target: 17
INFO:root:2025-05-06_12:53:15 - Hovered over target: 18
INFO:root:2025-05-06_12:53:16 - Hovered over target: 19
INFO:root:2025-05-06_12:53:16 - Hovered over target: 20
INFO:root:2025-05-06_12:53:17 - Hovered over target: 21
INFO:root:2025-05-06_12:53:18 - Hovered over target: 22
INFO:root:2025-05-06_12:53:19 - Hovered over target: 22
INFO:root:2025-05-06_12:53:19 - Hovered over target: 23
INFO:root:2025-05-06_12:53:19 - Hovered over target: 24
INFO:root:2025-05-06_12:53:20 - Hovered over target: 25
INFO:root:2025-05-06_12:53:20 - Hovered over target: 26
INFO:root:2025-05-06_12:53:23 - Hovered over target: 26
INFO:root:2025-05-06_12:53:23 - Hovered over target: 26
INFO:root:2025-05-06_12:53:27 - Hovered over target: 23
INFO:root:2025-05-06_12:53:27 - Hovered over target: 24
INFO:root:2025-05-06_12:53:27 - Hovered over target: 25
INFO:root:2025-05-06_12:53:29 - Hovered over target: 26
INFO:root:2025-05-06_12:53:30 - Hovered over target: 24
INFO:root:2025-05-06_12:53:30 - Hovered over target: 25
INFO:root:2025-05-06_12:53:30 - Hovered over target: 24
INFO:root:2025-05-06_12:53:31 - Hovered over target: 25
INFO:root:2025-05-06_12:53:32 - Hovered over target: 26
INFO:root:2025-05-06_12:53:33 - Hovered over target: 26
INFO:root:2025-05-06_12:53:33 - Hovered over target: 27
INFO:root:2025-05-06_12:53:33 - Hovered over target: 28
INFO:root:2025-05-06_12:53:34 - Hovered over target: 28
INFO:root:2025-05-06_12:53:37 - Hovered over target: 25
INFO:root:2025-05-06_12:53:37 - Hovered over target: 26
INFO:root:2025-05-06_12:53:37 - Hovered over target: 27
INFO:root:2025-05-06_12:53:37 - Hovered over target: 28
INFO:root:2025-05-06_12:53:40 - Hovered over target: 28
INFO:root:2025-05-06_12:53:40 - Hovered over target: 29
INFO:root:2025-05-06_12:53:41 - Hovered over target: 29
INFO:root:2025-05-06_12:53:42 - Hovered over target: 28
INFO:root:2025-05-06_12:53:42 - Hovered over target: 29
INFO:root:2025-05-06_12:53:44 - Hovered over target: 28
INFO:root:2025-05-06_12:53:47 - Hovered over target: 24
INFO:root:2025-05-06_12:53:48 - Hovered over target: 24
INFO:root:2025-05-06_12:53:48 - Hovered over target: 24
INFO:root:2025-05-06_12:53:49 - Hovered over target: 25
INFO:root:2025-05-06_12:53:50 - Hovered over target: 26
INFO:root:2025-05-06_12:53:50 - Hovered over target: 27
INFO:root:2025-05-06_12:53:51 - Hovered over target: 28
INFO:root:2025-05-06_12:53:51 - Hovered over target: 29
INFO:root:2025-05-06_12:53:51 - Hovered over target: 30
INFO:root:2025-05-06_12:53:51 - Hovered over target: 31
INFO:root:2025-05-06_12:53:55 - Hovered over target: 31
INFO:root:2025-05-06_12:54:00 - Hovered over target: 26
INFO:root:2025-05-06_12:54:01 - Hovered over target: 26
INFO:root:2025-05-06_12:54:01 - Hovered over target: 27
INFO:root:2025-05-06_12:54:02 - Hovered over target: 28
INFO:root:2025-05-06_12:54:03 - Hovered over target: 26
INFO:root:2025-05-06_12:54:05 - Hovered over target: 25
INFO:root:2025-05-06_12:54:05 - Hovered over target: 26
INFO:root:2025-05-06_12:54:05 - Hovered over target: 27
INFO:root:2025-05-06_12:54:05 - Hovered over target: 28
INFO:root:2025-05-06_12:54:05 - Hovered over target: 29
INFO:root:2025-05-06_12:54:09 - Hovered over target: 28
INFO:root:2025-05-06_12:54:10 - Hovered over target: 28
INFO:root:2025-05-06_12:54:13 - Hovered over target: 26
INFO:root:2025-05-06_12:54:17 - Hovered over target: 22
INFO:root:2025-05-06_12:54:22 - Hovered over target: 16
INFO:root:2025-05-06_12:54:22 - Hovered over target: 17
INFO:root:2025-05-06_12:54:22 - Hovered over target: 18
INFO:root:2025-05-06_12:54:25 - Hovered over target: 18
INFO:root:2025-05-06_12:54:26 - Hovered over target: 19
INFO:root:2025-05-06_12:54:26 - Hovered over target: 19
INFO:root:2025-05-06_12:54:27 - Hovered over target: 20
INFO:root:2025-05-06_12:54:27 - Hovered over target: 21
INFO:root:2025-05-06_12:54:28 - Hovered over target: 22
INFO:root:2025-05-06_12:54:28 - Hovered over target: 23
INFO:root:2025-05-06_12:54:30 - Hovered over target: 24
INFO:root:2025-05-06_12:54:34 - Hovered over target: 21
INFO:root:2025-05-06_12:54:36 - Hovered over target: 20
INFO:root:2025-05-06_12:54:36 - Hovered over target: 21
INFO:root:2025-05-06_12:54:36 - Hovered over target: 22
INFO:root:2025-05-06_12:54:37 - Hovered over target: 20
INFO:root:2025-05-06_12:54:38 - Hovered over target: 21
INFO:root:2025-05-06_12:54:39 - Hovered over target: 21
INFO:root:2025-05-06_12:54:39 - Hovered over target: 22
INFO:root:2025-05-06_12:54:39 - Hovered over target: 23
INFO:root:2025-05-06_12:54:40 - Hovered over target: 24
INFO:root:2025-05-06_12:54:40 - Hovered over target: 24
INFO:root:2025-05-06_12:54:40 - Hovered over target: 25
INFO:root:2025-05-06_12:54:40 - Hovered over target: 26
INFO:root:2025-05-06_12:54:40 - Hovered over target: 27
INFO:root:2025-05-06_12:54:41 - Hovered over target: 28
INFO:root:2025-05-06_12:54:41 - Hovered over target: 29
INFO:root:2025-05-06_12:54:42 - Hovered over target: 29
INFO:root:2025-05-06_12:54:43 - Hovered over target: 30
INFO:root:2025-05-06_12:54:43 - Hovered over target: 31
INFO:root:2025-05-06_12:54:46 - Hovered over target: 28
INFO:root:2025-05-06_12:54:46 - Hovered over target: 29
INFO:root:2025-05-06_12:54:47 - Hovered over target: 30
INFO:root:2025-05-06_12:54:50 - Hovered over target: 28
INFO:root:2025-05-06_12:54:51 - Hovered over target: 28
INFO:root:2025-05-06_12:54:52 - Hovered over target: 28
INFO:root:2025-05-06_12:54:53 - Hovered over target: 29
INFO:root:2025-05-06_12:54:55 - Hovered over target: 28
INFO:root:2025-05-06_12:54:56 - Hovered over target: 25
INFO:root:2025-05-06_12:54:57 - Hovered over target: 25
INFO:root:2025-05-06_12:54:58 - Hovered over target: 26
INFO:root:2025-05-06_12:55:00 - Hovered over target: 27
INFO:root:2025-05-06_12:55:02 - Hovered over target: 27
INFO:root:2025-05-06_12:55:07 - Hovered over target: 24
INFO:root:2025-05-06_12:55:07 - Hovered over target: 24
INFO:root:2025-05-06_12:55:09 - Hovered over target: 23
INFO:root:2025-05-06_12:55:09 - Hovered over target: 24
INFO:root:2025-05-06_12:55:09 - Hovered over target: 25
INFO:root:2025-05-06_12:55:10 - Hovered over target: 26
INFO:root:2025-05-06_12:55:11 - Hovered over target: 24
INFO:root:2025-05-06_12:55:12 - Hovered over target: 24
INFO:root:2025-05-06_12:55:13 - Hovered over target: 24
INFO:root:2025-05-06_12:55:13 - Hovered over target: 25
INFO:root:2025-05-06_12:55:13 - Hovered over target: 26
INFO:root:2025-05-06_12:55:14 - Hovered over target: 27
INFO:root:2025-05-06_12:55:15 - Hovered over target: 27
INFO:root:2025-05-06_12:55:15 - Hovered over target: 28
INFO:root:2025-05-06_12:55:16 - Hovered over target: 28
INFO:root:2025-05-06_12:55:17 - Hovered over target: 29
INFO:root:2025-05-06_12:55:17 - Hovered over target: 30
INFO:root:2025-05-06_12:55:19 - Hovered over target: 27
INFO:root:2025-05-06_12:55:20 - Hovered over target: 28
INFO:root:2025-05-06_12:55:20 - Hovered over target: 29
INFO:root:2025-05-06_12:55:24 - Hovered over target: 27
INFO:root:2025-05-06_12:55:26 - Hovered over target: 25
INFO:root:2025-05-06_12:55:27 - Hovered over target: 26
INFO:root:2025-05-06_12:55:27 - Hovered over target: 27
INFO:root:2025-05-06_12:55:27 - Hovered over target: 28
INFO:root:2025-05-06_12:55:29 - Hovered over target: 28
INFO:root:2025-05-06_12:55:29 - Hovered over target: 28
INFO:root:2025-05-06_12:55:31 - Hovered over target: 25
INFO:root:2025-05-06_12:55:31 - Hovered over target: 26
INFO:root:2025-05-06_12:55:32 - Hovered over target: 27
INFO:root:2025-05-06_12:55:32 - Hovered over target: 28
INFO:root:2025-05-06_12:55:35 - Hovered over target: 28
INFO:root:2025-05-06_12:55:37 - Hovered over target: 29
INFO:root:2025-05-06_12:55:42 - Hovered over target: 25
INFO:root:2025-05-06_12:55:42 - Hovered over target: 26
INFO:root:2025-05-06_12:55:43 - Hovered over target: 25
INFO:root:2025-05-06_12:55:45 - Hovered over target: 23
INFO:root:2025-05-06_12:55:46 - Hovered over target: 24
INFO:root:2025-05-06_12:55:47 - Hovered over target: 23
INFO:root:2025-05-06_12:55:48 - Hovered over target: 24
INFO:root:2025-05-06_12:55:49 - Hovered over target: 24
INFO:root:2025-05-06_12:55:51 - Hovered over target: 24
INFO:root:2025-05-06_12:55:53 - Hovered over target: 23
INFO:root:2025-05-06_12:55:56 - Hovered over target: 22
INFO:root:2025-05-06_12:55:56 - Hovered over target: 23
INFO:root:2025-05-06_12:55:59 - Hovered over target: 20
INFO:root:2025-05-06_12:56:00 - Hovered over target: 21
INFO:root:2025-05-06_12:56:01 - Hovered over target: 19
INFO:root:2025-05-06_12:56:01 - Grabbing object: 1
INFO:root:2025-05-06_12:56:02 - Hovered over target: 19
INFO:root:2025-05-06_12:56:02 - Grabbing object: 1
INFO:root:2025-05-06_12:56:03 - Hovered over target: 19
INFO:root:2025-05-06_12:56:03 - Grabbing object: 1
INFO:root:2025-05-06_12:56:05 - Hovered over target: 18
INFO:root:2025-05-06_12:56:07 - Hovered over target: 19
INFO:root:2025-05-06_12:56:07 - Hovered over target: 20
INFO:root:2025-05-06_12:56:08 - Hovered over target: 21
INFO:root:2025-05-06_12:56:08 - Hovered over target: 22
INFO:root:2025-05-06_12:56:13 - Hovered over target: 22
INFO:root:2025-05-06_12:56:15 - Hovered over target: 18
INFO:root:2025-05-06_12:56:15 - Grabbing object: 1
INFO:root:2025-05-06_12:56:18 - Hovered over target: 16
INFO:root:2025-05-06_12:56:18 - Grabbing object: 1
INFO:root:2025-05-06_12:56:18 - Hovered over target: 17
INFO:root:2025-05-06_12:56:18 - Grabbing object: 1
INFO:root:2025-05-06_12:56:21 - Hovered over target: 15
INFO:root:2025-05-06_12:56:21 - Grabbing object: 1
INFO:root:2025-05-06_12:56:23 - Hovered over target: 16
INFO:root:2025-05-06_12:56:23 - Grabbing object: 1
INFO:root:2025-05-06_12:56:24 - Hovered over target: 16
INFO:root:2025-05-06_12:56:24 - Grabbing object: 1
INFO:root:2025-05-06_12:56:28 - Hovered over target: 13
INFO:root:2025-05-06_12:56:28 - Grabbing object: 2
INFO:root:2025-05-06_12:56:29 - Hovered over target: 14
INFO:root:2025-05-06_12:56:29 - Grabbing object: 2
INFO:root:2025-05-06_12:56:31 - Hovered over target: 14
INFO:root:2025-05-06_12:56:31 - Grabbing object: 2
INFO:root:2025-05-06_12:56:38 - Hovered over target: 8
INFO:root:2025-05-06_12:56:38 - Grabbing object: 2
INFO:root:2025-05-06_12:56:40 - Hovered over target: 9
INFO:root:2025-05-06_12:56:40 - Grabbing object: 1
INFO:root:2025-05-06_12:56:40 - Hovered over target: 10
INFO:root:2025-05-06_12:56:40 - Grabbing object: 1
INFO:root:2025-05-06_12:56:41 - Hovered over target: 11
INFO:root:2025-05-06_12:56:41 - Grabbing object: 1
INFO:root:2025-05-06_12:56:41 - Hovered over target: 12
INFO:root:2025-05-06_12:56:41 - Grabbing object: 1
INFO:root:2025-05-06_12:56:42 - Hovered over target: 13
INFO:root:2025-05-06_12:56:42 - Grabbing object: 1
INFO:root:2025-05-06_12:56:42 - Hovered over target: 14
INFO:root:2025-05-06_12:56:42 - Grabbing object: 1
INFO:root:2025-05-06_12:56:42 - Hovered over target: 15
INFO:root:2025-05-06_12:56:42 - Grabbing object: 1
INFO:root:2025-05-06_12:56:42 - Hovered over target: 16
INFO:root:2025-05-06_12:56:42 - Grabbing object: 1
INFO:root:2025-05-06_12:56:45 - Hovered over target: 14
INFO:root:2025-05-06_12:56:45 - Grabbing object: 2
INFO:root:2025-05-06_12:56:47 - Hovered over target: 15
INFO:root:2025-05-06_12:56:47 - Grabbing object: 2
INFO:root:2025-05-06_12:56:50 - Hovered over target: 13
INFO:root:2025-05-06_12:56:50 - Grabbing object: 2
INFO:root:2025-05-06_12:56:51 - Hovered over target: 14
INFO:root:2025-05-06_12:56:51 - Grabbing object: 2
INFO:root:2025-05-06_12:56:52 - Hovered over target: 13
INFO:root:2025-05-06_12:56:52 - Grabbing object: 2
INFO:root:2025-05-06_12:56:52 - Hovered over target: 14
INFO:root:2025-05-06_12:56:52 - Grabbing object: 2
INFO:root:2025-05-06_12:56:52 - Hovered over target: 15
INFO:root:2025-05-06_12:56:52 - Grabbing object: 2
INFO:root:2025-05-06_12:56:53 - Hovered over target: 14
INFO:root:2025-05-06_12:56:53 - Grabbing object: 3
INFO:root:2025-05-06_12:56:53 - Hovered over target: 15
INFO:root:2025-05-06_12:56:53 - Grabbing object: 3
INFO:root:2025-05-06_12:56:53 - Hovered over target: 15
INFO:root:2025-05-06_12:56:53 - Grabbing object: 4
INFO:root:2025-05-06_12:56:55 - Hovered over target: 15
INFO:root:2025-05-06_12:56:55 - Grabbing object: 3
INFO:root:2025-05-06_12:56:56 - Hovered over target: 15
INFO:root:2025-05-06_12:56:56 - Grabbing object: 3
INFO:root:2025-05-06_12:56:57 - Hovered over target: 16
INFO:root:2025-05-06_12:56:57 - Grabbing object: 3
INFO:root:2025-05-06_12:56:57 - Hovered over target: 17
INFO:root:2025-05-06_12:56:57 - Grabbing object: 3
INFO:root:2025-05-06_12:56:57 - Hovered over target: 18
INFO:root:2025-05-06_12:56:57 - Grabbing object: 3
INFO:root:2025-05-06_12:56:58 - Hovered over target: 18
INFO:root:2025-05-06_12:56:58 - Grabbing object: 3
INFO:root:2025-05-06_12:56:58 - Hovered over target: 19
INFO:root:2025-05-06_12:56:58 - Grabbing object: 3
INFO:root:2025-05-06_12:56:58 - Hovered over target: 20
INFO:root:2025-05-06_12:56:58 - Grabbing object: 3
INFO:root:2025-05-06_12:56:58 - Hovered over target: 21
INFO:root:2025-05-06_12:56:58 - Grabbing object: 3
INFO:root:2025-05-06_12:56:59 - Hovered over target: 21
INFO:root:2025-05-06_12:56:59 - Grabbing object: 3
INFO:root:2025-05-06_12:57:00 - Hovered over target: 22
INFO:root:2025-05-06_12:57:00 - Grabbing object: 3
INFO:root:2025-05-06_12:57:00 - Hovered over target: 23
INFO:root:2025-05-06_12:57:00 - Grabbing object: 3
INFO:root:2025-05-06_12:57:02 - Hovered over target: 22
INFO:root:2025-05-06_12:57:02 - Grabbing object: 3
INFO:root:2025-05-06_12:57:04 - Hovered over target: 23
INFO:root:2025-05-06_12:57:04 - Grabbing object: 3
INFO:root:2025-05-06_12:57:05 - Hovered over target: 23
INFO:root:2025-05-06_12:57:05 - Grabbing object: 3
INFO:root:2025-05-06_12:57:05 - Hovered over target: 24
INFO:root:2025-05-06_12:57:05 - Grabbing object: 3
INFO:root:2025-05-06_12:57:06 - Hovered over target: 25
INFO:root:2025-05-06_12:57:06 - Grabbing object: 3
INFO:root:2025-05-06_12:57:08 - Hovered over target: 24
INFO:root:2025-05-06_12:57:08 - Grabbing object: 3
INFO:root:2025-05-06_12:57:09 - Hovered over target: 24
INFO:root:2025-05-06_12:57:09 - Grabbing object: 3
INFO:root:2025-05-06_12:57:11 - Hovered over target: 25
INFO:root:2025-05-06_12:57:11 - Grabbing object: 2
INFO:root:2025-05-06_12:57:11 - Hovered over target: 25
INFO:root:2025-05-06_12:57:11 - Grabbing object: 2
INFO:root:2025-05-06_12:57:12 - Hovered over target: 26
INFO:root:2025-05-06_12:57:12 - Grabbing object: 2
INFO:root:2025-05-06_12:57:12 - Hovered over target: 26
INFO:root:2025-05-06_12:57:12 - Grabbing object: 2
INFO:root:2025-05-06_12:57:14 - Hovered over target: 23
INFO:root:2025-05-06_12:57:14 - Grabbing object: 2
INFO:root:2025-05-06_12:57:15 - Hovered over target: 24
INFO:root:2025-05-06_12:57:15 - Grabbing object: 1
INFO:root:2025-05-06_12:57:15 - Hovered over target: 25
INFO:root:2025-05-06_12:57:15 - Grabbing object: 1
INFO:root:2025-05-06_12:57:15 - Hovered over target: 26
INFO:root:2025-05-06_12:57:15 - Grabbing object: 1
INFO:root:2025-05-06_12:57:16 - Hovered over target: 27
INFO:root:2025-05-06_12:57:16 - Grabbing object: 1
INFO:root:2025-05-06_12:57:17 - Hovered over target: 28
INFO:root:2025-05-06_12:57:17 - Grabbing object: 1
INFO:root:2025-05-06_12:57:18 - Hovered over target: 28
INFO:root:2025-05-06_12:57:18 - Grabbing object: 1
INFO:root:2025-05-06_12:57:26 - Hovered over target: 26
INFO:root:2025-05-06_12:57:27 - Hovered over target: 26
INFO:root:2025-05-06_12:57:27 - Hovered over target: 27
INFO:root:2025-05-06_12:57:29 - Hovered over target: 26
INFO:root:2025-05-06_12:57:35 - Hovered over target: 23
INFO:root:2025-05-06_12:57:36 - Hovered over target: 20
INFO:root:2025-05-06_12:57:38 - Hovered over target: 19
INFO:root:2025-05-06_12:57:38 - Grabbing object: 1
INFO:root:2025-05-06_12:57:38 - Hovered over target: 20
INFO:root:2025-05-06_12:57:38 - Grabbing object: 1
INFO:root:2025-05-06_12:57:39 - Hovered over target: 20
INFO:root:2025-05-06_12:57:39 - Grabbing object: 1
INFO:root:2025-05-06_12:57:39 - Hovered over target: 21
INFO:root:2025-05-06_12:57:39 - Grabbing object: 1
INFO:root:2025-05-06_12:57:40 - Hovered over target: 22
INFO:root:2025-05-06_12:57:40 - Grabbing object: 1
INFO:root:2025-05-06_12:57:42 - Hovered over target: 21
INFO:root:2025-05-06_12:57:42 - Grabbing object: 1
INFO:root:2025-05-06_12:57:42 - Hovered over target: 20
INFO:root:2025-05-06_12:57:42 - Grabbing object: 1
INFO:root:2025-05-06_12:57:44 - Hovered over target: 20
INFO:root:2025-05-06_12:57:44 - Grabbing object: 1
INFO:root:2025-05-06_12:57:44 - Hovered over target: 21
INFO:root:2025-05-06_12:57:44 - Grabbing object: 1
INFO:root:2025-05-06_12:57:46 - Hovered over target: 21
INFO:root:2025-05-06_12:57:46 - Grabbing object: 1
INFO:root:2025-05-06_12:57:47 - Hovered over target: 21
INFO:root:2025-05-06_12:57:47 - Grabbing object: 1
INFO:root:2025-05-06_12:57:49 - Hovered over target: 17
INFO:root:2025-05-06_12:57:49 - Grabbing object: 1
INFO:root:2025-05-06_12:57:50 - Hovered over target: 18
INFO:root:2025-05-06_12:57:50 - Grabbing object: 1
INFO:root:2025-05-06_12:57:50 - Hovered over target: 19
INFO:root:2025-05-06_12:57:50 - Grabbing object: 1
INFO:root:2025-05-06_12:57:50 - Hovered over target: 20
INFO:root:2025-05-06_12:57:50 - Grabbing object: 1
INFO:root:2025-05-06_12:57:51 - Hovered over target: 21
INFO:root:2025-05-06_12:57:51 - Grabbing object: 1
INFO:root:2025-05-06_12:57:51 - Hovered over target: 20
INFO:root:2025-05-06_12:57:51 - Grabbing object: 2
INFO:root:2025-05-06_12:57:52 - Hovered over target: 19
INFO:root:2025-05-06_12:57:52 - Grabbing object: 3
INFO:root:2025-05-06_12:57:52 - Hovered over target: 20
INFO:root:2025-05-06_12:57:52 - Grabbing object: 3
INFO:root:2025-05-06_12:57:55 - Hovered over target: 21
INFO:root:2025-05-06_12:57:55 - Grabbing object: 3
INFO:root:2025-05-06_12:57:59 - Hovered over target: 19
INFO:root:2025-05-06_12:57:59 - Grabbing object: 3
INFO:root:2025-05-06_12:57:59 - Hovered over target: 18
INFO:root:2025-05-06_12:57:59 - Grabbing object: 4
INFO:root:2025-05-06_12:58:01 - Hovered over target: 17
INFO:root:2025-05-06_12:58:01 - Grabbing object: 4
INFO:root:2025-05-06_12:58:02 - Hovered over target: 16
INFO:root:2025-05-06_12:58:02 - Grabbing object: 5
INFO:root:2025-05-06_12:58:02 - Hovered over target: 17
INFO:root:2025-05-06_12:58:02 - Grabbing object: 5
INFO:root:2025-05-06_12:58:05 - Hovered over target: 17
INFO:root:2025-05-06_12:58:05 - Grabbing object: 5
INFO:root:2025-05-06_12:58:05 - Hovered over target: 18
INFO:root:2025-05-06_12:58:05 - Grabbing object: 5
INFO:root:2025-05-06_12:58:07 - Hovered over target: 16
INFO:root:2025-05-06_12:58:07 - Grabbing object: 6
INFO:root:2025-05-06_12:58:07 - Hovered over target: 17
INFO:root:2025-05-06_12:58:07 - Grabbing object: 6
INFO:root:2025-05-06_12:58:08 - Hovered over target: 16
INFO:root:2025-05-06_12:58:08 - Grabbing object: 6
INFO:root:2025-05-06_12:58:08 - Hovered over target: 15
INFO:root:2025-05-06_12:58:08 - Grabbing object: 7
INFO:root:2025-05-06_12:58:10 - Hovered over target: 12
INFO:root:2025-05-06_12:58:10 - Grabbing object: 7
INFO:root:2025-05-06_12:58:14 - Hovered over target: 10
INFO:root:2025-05-06_12:58:14 - Grabbing object: 7
INFO:root:2025-05-06_12:58:15 - Hovered over target: 9
INFO:root:2025-05-06_12:58:15 - Grabbing object: 8
INFO:root:2025-05-06_12:58:24 - Hovered over target: 6
INFO:root:2025-05-06_12:58:24 - Grabbing object: 2
INFO:root:2025-05-06_12:58:59 - Hovered over target: 2
INFO:root:2025-05-06_12:59:30 - Hovered over target: 2
INFO:root:2025-05-06_12:59:41 - Hovered over target: 2
INFO:root:2025-05-06_13:00:13 - Hovered over target: 2
INFO:root:2025-05-06_13:01:03 - Hovered over target: 1
INFO:root:2025-05-06_13:01:08 - Hovered over target: 2
INFO:root:2025-05-06_13:01:11 - Hovered over target: 3
INFO:root:2025-05-06_13:01:12 - Hovered over target: 2
INFO:root:2025-05-06_13:01:12 - Grabbing object: 1
INFO:root:2025-05-06_13:01:22 - Hovered over target: 3
INFO:root:2025-05-06_13:01:22 - Grabbing object: 1
INFO:root:2025-05-06_13:01:25 - Hovered over target: 4
INFO:root:2025-05-06_13:01:25 - Grabbing object: 1
INFO:root:2025-05-06_13:01:30 - Hovered over target: 5
INFO:root:2025-05-06_13:01:30 - Grabbing object: 1
INFO:root:2025-05-06_13:01:41 - Hovered over target: 5
INFO:root:2025-05-06_13:01:41 - Grabbing object: 1
INFO:root:2025-05-06_13:01:41 - Hovered over target: 6
INFO:root:2025-05-06_13:01:41 - Grabbing object: 1
INFO:root:2025-05-06_13:01:43 - Hovered over target: 6
INFO:root:2025-05-06_13:01:43 - Grabbing object: 1
INFO:root:2025-05-06_13:01:45 - Hovered over target: 7
INFO:root:2025-05-06_13:01:45 - Grabbing object: 1
INFO:root:2025-05-06_13:01:47 - Hovered over target: 8
INFO:root:2025-05-06_13:01:47 - Grabbing object: 1
INFO:root:2025-05-06_13:01:51 - Hovered over target: 9
INFO:root:2025-05-06_13:01:54 - Hovered over target: 10
INFO:root:2025-05-06_13:02:04 - Hovered over target: 9
INFO:root:2025-05-06_13:02:06 - Hovered over target: 9
INFO:root:2025-05-06_13:02:19 - Hovered over target: 7
INFO:root:2025-05-06_13:02:20 - Hovered over target: 7
INFO:root:2025-05-06_13:02:22 - Hovered over target: 7
INFO:root:2025-05-06_13:02:23 - Hovered over target: 8
INFO:root:2025-05-06_13:02:24 - Hovered over target: 9
INFO:root:2025-05-06_13:02:28 - Hovered over target: 8
INFO:root:2025-05-06_13:02:43 - Hovered over target: 7
INFO:root:2025-05-06_13:02:43 - Hovered over target: 8
INFO:root:2025-05-06_13:02:43 - Hovered over target: 9
INFO:root:2025-05-06_13:02:44 - Hovered over target: 10
INFO:root:2025-05-06_13:02:44 - Hovered over target: 11
INFO:root:2025-05-06_13:02:44 - Hovered over target: 12
INFO:root:2025-05-06_13:02:50 - Hovered over target: 13
INFO:root:2025-05-06_13:02:53 - Hovered over target: 12
INFO:root:2025-05-06_13:02:54 - Hovered over target: 12
INFO:root:2025-05-06_13:02:55 - Hovered over target: 13
INFO:root:2025-05-06_13:02:59 - Hovered over target: 12
INFO:root:2025-05-06_13:03:02 - Hovered over target: 12
INFO:root:2025-05-06_13:03:15 - Hovered over target: 13
INFO:root:2025-05-06_13:03:15 - Hovered over target: 14
INFO:root:2025-05-06_13:03:17 - Hovered over target: 10
INFO:root:2025-05-06_13:03:21 - Hovered over target: 10
INFO:root:2025-05-06_13:03:31 - Hovered over target: 7
INFO:root:2025-05-06_13:03:38 - Hovered over target: 6
INFO:root:2025-05-06_13:03:43 - Hovered over target: 7
INFO:root:2025-05-06_13:03:44 - Hovered over target: 8
INFO:root:2025-05-06_13:03:46 - Hovered over target: 9
INFO:root:2025-05-06_13:03:50 - Hovered over target: 7
INFO:root:2025-05-06_13:03:54 - Hovered over target: 7
INFO:root:2025-05-06_13:04:08 - Hovered over target: 7
INFO:root:2025-05-06_13:04:13 - Hovered over target: 7
INFO:root:2025-05-06_13:04:15 - Hovered over target: 8
INFO:root:2025-05-06_13:04:18 - Hovered over target: 6
INFO:root:2025-05-06_13:04:21 - Hovered over target: 7
INFO:root:2025-05-06_13:04:21 - Hovered over target: 8
INFO:root:2025-05-06_13:04:21 - Hovered over target: 9
INFO:root:2025-05-06_13:04:26 - Hovered over target: 9
INFO:root:2025-05-06_13:04:28 - Hovered over target: 9
INFO:root:2025-05-06_13:04:31 - Hovered over target: 10
INFO:root:2025-05-06_13:04:32 - Hovered over target: 11
INFO:root:2025-05-06_13:04:33 - Hovered over target: 12
INFO:root:2025-05-06_13:04:34 - Hovered over target: 13
INFO:root:2025-05-06_13:04:37 - Hovered over target: 14
INFO:root:2025-05-06_13:04:45 - Hovered over target: 14
INFO:root:2025-05-06_13:04:46 - Hovered over target: 15
INFO:root:2025-05-06_13:04:49 - Hovered over target: 14
INFO:root:2025-05-06_13:04:57 - Hovered over target: 11
INFO:root:2025-05-06_13:04:57 - Hovered over target: 12
INFO:root:2025-05-06_13:05:02 - Hovered over target: 10
INFO:root:2025-05-06_13:05:16 - Hovered over target: 4
INFO:root:2025-05-06_13:05:18 - Hovered over target: 5
INFO:root:2025-05-06_13:05:19 - Hovered over target: 6
INFO:root:2025-05-06_13:05:19 - Hovered over target: 7
INFO:root:2025-05-06_13:05:19 - Hovered over target: 8
INFO:root:2025-05-06_13:05:24 - Hovered over target: 7
INFO:root:2025-05-06_13:05:24 - Hovered over target: 8
INFO:root:2025-05-06_13:05:28 - Hovered over target: 8
INFO:root:2025-05-06_13:05:29 - Hovered over target: 9
INFO:root:2025-05-06_13:05:32 - Hovered over target: 10
INFO:root:2025-05-06_13:05:33 - Hovered over target: 11
INFO:root:2025-05-06_13:05:33 - Hovered over target: 12
INFO:root:2025-05-06_13:05:41 - Hovered over target: 12
INFO:root:2025-05-06_13:05:42 - Hovered over target: 13
INFO:root:2025-05-06_13:05:48 - Hovered over target: 10
INFO:root:2025-05-06_13:05:49 - Hovered over target: 10
INFO:root:2025-05-06_13:05:51 - Hovered over target: 10
INFO:root:2025-05-06_13:06:10 - Hovered over target: 4
INFO:root:2025-05-06_13:06:10 - Hovered over target: 5
INFO:root:2025-05-06_13:06:13 - Hovered over target: 4
INFO:root:2025-05-06_13:06:16 - Hovered over target: 4
INFO:root:2025-05-06_13:06:19 - Hovered over target: 5
INFO:root:2025-05-06_13:06:22 - Hovered over target: 6
INFO:root:2025-05-06_13:06:28 - Hovered over target: 7
INFO:root:2025-05-06_13:06:34 - Hovered over target: 6
INFO:root:2025-05-06_13:06:39 - Hovered over target: 5
INFO:root:2025-05-06_13:06:40 - Hovered over target: 6
INFO:root:2025-05-06_13:06:43 - Hovered over target: 6
INFO:root:2025-05-06_13:06:44 - Hovered over target: 7
INFO:root:2025-05-06_13:06:45 - Hovered over target: 8
INFO:root:2025-05-06_13:06:47 - Hovered over target: 8
INFO:root:2025-05-06_13:06:49 - Hovered over target: 9
INFO:root:2025-05-06_13:06:53 - Hovered over target: 9
INFO:root:2025-05-06_13:06:54 - Hovered over target: 10
INFO:root:2025-05-06_13:06:57 - Hovered over target: 11
INFO:root:2025-05-06_13:07:02 - Hovered over target: 11
INFO:root:2025-05-06_13:07:02 - Hovered over target: 12
INFO:root:2025-05-06_13:07:02 - Hovered over target: 13
INFO:root:2025-05-06_13:07:03 - Hovered over target: 12
INFO:root:2025-05-06_13:07:05 - Hovered over target: 13
INFO:root:2025-05-06_13:07:08 - Hovered over target: 11
INFO:root:2025-05-06_13:07:08 - Hovered over target: 12
INFO:root:2025-05-06_13:07:08 - Hovered over target: 13
INFO:root:2025-05-06_13:07:13 - Hovered over target: 12
INFO:root:2025-05-06_13:07:15 - Hovered over target: 13
INFO:root:2025-05-06_13:07:15 - Hovered over target: 13
INFO:root:2025-05-06_13:07:17 - Hovered over target: 13
INFO:root:2025-05-06_13:07:17 - Hovered over target: 14
INFO:root:2025-05-06_13:07:18 - Hovered over target: 15
INFO:root:2025-05-06_13:07:18 - Hovered over target: 16
INFO:root:2025-05-06_13:07:25 - Hovered over target: 13
INFO:root:2025-05-06_13:07:29 - Hovered over target: 12
INFO:root:2025-05-06_13:07:31 - Hovered over target: 12
INFO:root:2025-05-06_13:07:33 - Hovered over target: 12
INFO:root:2025-05-06_13:07:35 - Hovered over target: 12
INFO:root:2025-05-06_13:07:40 - Hovered over target: 13
INFO:root:2025-05-06_13:07:43 - Hovered over target: 10
INFO:root:2025-05-06_13:07:44 - Hovered over target: 11
INFO:root:2025-05-06_13:07:45 - Hovered over target: 12
INFO:root:2025-05-06_13:07:47 - Hovered over target: 12
INFO:root:2025-05-06_13:07:48 - Hovered over target: 11
INFO:root:2025-05-06_13:07:51 - Hovered over target: 12
INFO:root:2025-05-06_13:07:56 - Hovered over target: 12
INFO:root:2025-05-06_13:07:57 - Hovered over target: 12
INFO:root:2025-05-06_13:07:57 - Hovered over target: 13
INFO:root:2025-05-06_13:08:02 - Hovered over target: 11
INFO:root:2025-05-06_13:08:03 - Hovered over target: 12
INFO:root:2025-05-06_13:08:03 - Hovered over target: 13
INFO:root:2025-05-06_13:08:03 - Hovered over target: 14
INFO:root:2025-05-06_13:08:05 - Hovered over target: 14
INFO:root:2025-05-06_13:08:05 - Hovered over target: 15
INFO:root:2025-05-06_13:08:06 - Hovered over target: 15
INFO:root:2025-05-06_13:08:07 - Hovered over target: 16
INFO:root:2025-05-06_13:08:07 - Hovered over target: 17
INFO:root:2025-05-06_13:08:08 - Hovered over target: 15
INFO:root:2025-05-06_13:08:10 - Hovered over target: 15
INFO:root:2025-05-06_13:08:10 - Hovered over target: 16
INFO:root:2025-05-06_13:08:11 - Hovered over target: 17
INFO:root:2025-05-06_13:08:11 - Hovered over target: 18
INFO:root:2025-05-06_13:08:12 - Hovered over target: 18
INFO:root:2025-05-06_13:08:13 - Hovered over target: 17
INFO:root:2025-05-06_13:08:13 - Grabbing object: 1
INFO:root:2025-05-06_13:08:13 - Hovered over target: 15
INFO:root:2025-05-06_13:08:13 - Grabbing object: 2
INFO:root:2025-05-06_13:08:15 - Hovered over target: 16
INFO:root:2025-05-06_13:08:15 - Grabbing object: 2
INFO:root:2025-05-06_13:08:15 - Hovered over target: 17
INFO:root:2025-05-06_13:08:15 - Grabbing object: 2
INFO:root:2025-05-06_13:08:15 - Hovered over target: 18
INFO:root:2025-05-06_13:08:15 - Grabbing object: 2
INFO:root:2025-05-06_13:08:16 - Hovered over target: 19
INFO:root:2025-05-06_13:08:16 - Grabbing object: 2
INFO:root:2025-05-06_13:08:16 - Hovered over target: 20
INFO:root:2025-05-06_13:08:16 - Grabbing object: 2
INFO:root:2025-05-06_13:08:17 - Hovered over target: 19
INFO:root:2025-05-06_13:08:17 - Grabbing object: 3
INFO:root:2025-05-06_13:08:20 - Hovered over target: 18
INFO:root:2025-05-06_13:08:20 - Grabbing object: 3
INFO:root:2025-05-06_13:08:21 - Hovered over target: 18
INFO:root:2025-05-06_13:08:21 - Grabbing object: 3
INFO:root:2025-05-06_13:08:22 - Hovered over target: 19
INFO:root:2025-05-06_13:08:22 - Grabbing object: 3
INFO:root:2025-05-06_13:08:23 - Hovered over target: 20
INFO:root:2025-05-06_13:08:23 - Grabbing object: 3
INFO:root:2025-05-06_13:08:25 - Hovered over target: 14
INFO:root:2025-05-06_13:08:25 - Grabbing object: 4
INFO:root:2025-05-06_13:08:26 - Hovered over target: 15
INFO:root:2025-05-06_13:08:26 - Grabbing object: 4
INFO:root:2025-05-06_13:08:26 - Hovered over target: 16
INFO:root:2025-05-06_13:08:26 - Grabbing object: 4
INFO:root:2025-05-06_13:08:27 - Hovered over target: 16
INFO:root:2025-05-06_13:08:27 - Grabbing object: 4
INFO:root:2025-05-06_13:08:28 - Hovered over target: 17
INFO:root:2025-05-06_13:08:28 - Grabbing object: 4
INFO:root:2025-05-06_13:08:28 - Hovered over target: 18
INFO:root:2025-05-06_13:08:28 - Grabbing object: 4
INFO:root:2025-05-06_13:08:28 - Hovered over target: 19
INFO:root:2025-05-06_13:08:28 - Grabbing object: 4
INFO:root:2025-05-06_13:08:30 - Hovered over target: 17
INFO:root:2025-05-06_13:08:30 - Grabbing object: 4
INFO:root:2025-05-06_13:08:32 - Hovered over target: 15
INFO:root:2025-05-06_13:08:32 - Grabbing object: 5
INFO:root:2025-05-06_13:08:32 - Hovered over target: 16
INFO:root:2025-05-06_13:08:32 - Grabbing object: 5
INFO:root:2025-05-06_13:08:32 - Hovered over target: 17
INFO:root:2025-05-06_13:08:32 - Grabbing object: 5
INFO:root:2025-05-06_13:08:33 - Hovered over target: 16
INFO:root:2025-05-06_13:08:33 - Grabbing object: 4
INFO:root:2025-05-06_13:08:34 - Hovered over target: 17
INFO:root:2025-05-06_13:08:34 - Grabbing object: 4
INFO:root:2025-05-06_13:08:34 - Hovered over target: 18
INFO:root:2025-05-06_13:08:34 - Grabbing object: 3
INFO:root:2025-05-06_13:08:34 - Hovered over target: 19
INFO:root:2025-05-06_13:08:34 - Grabbing object: 3
INFO:root:2025-05-06_13:08:38 - Hovered over target: 17
INFO:root:2025-05-06_13:08:38 - Grabbing object: 2
INFO:root:2025-05-06_13:08:39 - Hovered over target: 17
INFO:root:2025-05-06_13:08:39 - Grabbing object: 2
INFO:root:2025-05-06_13:08:39 - Hovered over target: 18
INFO:root:2025-05-06_13:08:39 - Grabbing object: 2
INFO:root:2025-05-06_13:08:42 - Hovered over target: 18
INFO:root:2025-05-06_13:08:42 - Grabbing object: 2
INFO:root:2025-05-06_13:08:44 - Hovered over target: 17
INFO:root:2025-05-06_13:08:44 - Grabbing object: 3
INFO:root:2025-05-06_13:08:49 - Hovered over target: 16
INFO:root:2025-05-06_13:08:49 - Grabbing object: 2
INFO:root:2025-05-06_13:08:50 - Hovered over target: 13
INFO:root:2025-05-06_13:08:50 - Grabbing object: 3
INFO:root:2025-05-06_13:08:50 - Hovered over target: 14
INFO:root:2025-05-06_13:08:50 - Grabbing object: 3
INFO:root:2025-05-06_13:08:51 - Hovered over target: 13
INFO:root:2025-05-06_13:08:51 - Grabbing object: 3
INFO:root:2025-05-06_13:08:51 - Hovered over target: 14
INFO:root:2025-05-06_13:08:51 - Grabbing object: 3
INFO:root:2025-05-06_13:08:52 - Hovered over target: 14
INFO:root:2025-05-06_13:08:52 - Grabbing object: 3
INFO:root:2025-05-06_13:08:52 - Hovered over target: 15
INFO:root:2025-05-06_13:08:52 - Grabbing object: 3
INFO:root:2025-05-06_13:08:53 - Hovered over target: 15
INFO:root:2025-05-06_13:08:53 - Grabbing object: 3
INFO:root:2025-05-06_13:08:54 - Hovered over target: 16
INFO:root:2025-05-06_13:08:54 - Grabbing object: 3
INFO:root:2025-05-06_13:08:55 - Hovered over target: 14
INFO:root:2025-05-06_13:08:55 - Grabbing object: 2
INFO:root:2025-05-06_13:08:57 - Hovered over target: 14
INFO:root:2025-05-06_13:08:57 - Grabbing object: 2
INFO:root:2025-05-06_13:08:57 - Hovered over target: 15
INFO:root:2025-05-06_13:08:57 - Grabbing object: 2
INFO:root:2025-05-06_13:08:57 - Hovered over target: 16
INFO:root:2025-05-06_13:08:57 - Grabbing object: 2
INFO:root:2025-05-06_13:08:58 - Hovered over target: 16
INFO:root:2025-05-06_13:08:58 - Grabbing object: 2
INFO:root:2025-05-06_13:08:59 - Hovered over target: 16
INFO:root:2025-05-06_13:08:59 - Grabbing object: 2
INFO:root:2025-05-06_13:09:00 - Hovered over target: 17
INFO:root:2025-05-06_13:09:00 - Grabbing object: 2
INFO:root:2025-05-06_13:09:01 - Hovered over target: 17
INFO:root:2025-05-06_13:09:01 - Grabbing object: 2
INFO:root:2025-05-06_13:09:05 - Hovered over target: 13
INFO:root:2025-05-06_13:09:05 - Grabbing object: 2
INFO:root:2025-05-06_13:09:06 - Hovered over target: 14
INFO:root:2025-05-06_13:09:06 - Grabbing object: 2
INFO:root:2025-05-06_13:09:07 - Hovered over target: 15
INFO:root:2025-05-06_13:09:07 - Grabbing object: 2
INFO:root:2025-05-06_13:09:08 - Hovered over target: 16
INFO:root:2025-05-06_13:09:08 - Grabbing object: 2
INFO:root:2025-05-06_13:09:09 - Hovered over target: 17
INFO:root:2025-05-06_13:09:09 - Grabbing object: 1
INFO:root:2025-05-06_13:09:09 - Hovered over target: 18
INFO:root:2025-05-06_13:09:09 - Grabbing object: 1
INFO:root:2025-05-06_13:09:10 - Hovered over target: 19
INFO:root:2025-05-06_13:09:10 - Grabbing object: 1
INFO:root:2025-05-06_13:09:11 - Hovered over target: 20
INFO:root:2025-05-06_13:09:11 - Grabbing object: 1
INFO:root:2025-05-06_13:09:16 - Hovered over target: 17
INFO:root:2025-05-06_13:09:17 - Hovered over target: 18
INFO:root:2025-05-06_13:09:18 - Hovered over target: 18
INFO:root:2025-05-06_13:09:19 - Hovered over target: 18
INFO:root:2025-05-06_13:09:20 - Hovered over target: 19
INFO:root:2025-05-06_13:09:20 - Hovered over target: 20
INFO:root:2025-05-06_13:09:21 - Hovered over target: 20
INFO:root:2025-05-06_13:09:22 - Hovered over target: 21
INFO:root:2025-05-06_13:09:22 - Hovered over target: 22
INFO:root:2025-05-06_13:09:24 - Hovered over target: 19
INFO:root:2025-05-06_13:09:25 - Hovered over target: 20
INFO:root:2025-05-06_13:09:27 - Hovered over target: 20
INFO:root:2025-05-06_13:09:27 - Hovered over target: 20
INFO:root:2025-05-06_13:09:29 - Hovered over target: 20
INFO:root:2025-05-06_13:09:29 - Hovered over target: 21
INFO:root:2025-05-06_13:09:29 - Hovered over target: 22
INFO:root:2025-05-06_13:09:32 - Hovered over target: 21
INFO:root:2025-05-06_13:09:32 - Hovered over target: 21
INFO:root:2025-05-06_13:09:34 - Hovered over target: 17
INFO:root:2025-05-06_13:09:34 - Hovered over target: 18
INFO:root:2025-05-06_13:09:37 - Hovered over target: 18
INFO:root:2025-05-06_13:09:37 - Hovered over target: 19
INFO:root:2025-05-06_13:09:37 - Hovered over target: 20
INFO:root:2025-05-06_13:09:37 - Hovered over target: 22
INFO:root:2025-05-06_13:09:38 - Hovered over target: 23
INFO:root:2025-05-06_13:09:41 - Hovered over target: 22
INFO:root:2025-05-06_13:09:43 - Hovered over target: 20
INFO:root:2025-05-06_13:09:44 - Hovered over target: 21
INFO:root:2025-05-06_13:09:46 - Hovered over target: 20
INFO:root:2025-05-06_13:09:47 - Hovered over target: 20
INFO:root:2025-05-06_13:09:48 - Hovered over target: 21
INFO:root:2025-05-06_13:09:48 - Hovered over target: 22
INFO:root:2025-05-06_13:09:50 - Hovered over target: 21
INFO:root:2025-05-06_13:09:50 - Hovered over target: 22
INFO:root:2025-05-06_13:09:51 - Hovered over target: 24
INFO:root:2025-05-06_13:09:51 - Hovered over target: 24
INFO:root:2025-05-06_13:09:53 - Hovered over target: 24
INFO:root:2025-05-06_13:09:54 - Hovered over target: 25
INFO:root:2025-05-06_13:09:54 - Hovered over target: 25
INFO:root:2025-05-06_13:09:55 - Hovered over target: 26
INFO:root:2025-05-06_13:09:56 - Hovered over target: 25
INFO:root:2025-05-06_13:09:57 - Hovered over target: 24
INFO:root:2025-05-06_13:09:57 - Hovered over target: 25
INFO:root:2025-05-06_13:09:57 - Hovered over target: 26
INFO:root:2025-05-06_13:09:59 - Hovered over target: 25
INFO:root:2025-05-06_13:10:00 - Hovered over target: 22
INFO:root:2025-05-06_13:10:03 - Hovered over target: 22
INFO:root:2025-05-06_13:10:03 - Hovered over target: 23
INFO:root:2025-05-06_13:10:03 - Hovered over target: 24
INFO:root:2025-05-06_13:10:05 - Hovered over target: 24
INFO:root:2025-05-06_13:10:08 - Hovered over target: 23
INFO:root:2025-05-06_13:10:11 - Hovered over target: 20
INFO:root:2025-05-06_13:10:13 - Hovered over target: 18
INFO:root:2025-05-06_13:10:14 - Hovered over target: 17
INFO:root:2025-05-06_13:10:14 - Hovered over target: 18
INFO:root:2025-05-06_13:10:14 - Hovered over target: 19
INFO:root:2025-05-06_13:10:16 - Hovered over target: 19
INFO:root:2025-05-06_13:10:16 - Hovered over target: 20
INFO:root:2025-05-06_13:10:18 - Hovered over target: 17
INFO:root:2025-05-06_13:10:20 - Hovered over target: 17
INFO:root:2025-05-06_13:10:21 - Hovered over target: 18
INFO:root:2025-05-06_13:10:21 - Hovered over target: 19
INFO:root:2025-05-06_13:10:22 - Hovered over target: 20
INFO:root:2025-05-06_13:10:22 - Hovered over target: 21
INFO:root:2025-05-06_13:10:22 - Hovered over target: 21
INFO:root:2025-05-06_13:10:23 - Hovered over target: 20
INFO:root:2025-05-06_13:10:23 - Hovered over target: 21
INFO:root:2025-05-06_13:10:24 - Hovered over target: 22
INFO:root:2025-05-06_13:10:25 - Hovered over target: 23
INFO:root:2025-05-06_13:10:27 - Hovered over target: 19
INFO:root:2025-05-06_13:10:27 - Hovered over target: 20
INFO:root:2025-05-06_13:10:27 - Hovered over target: 21
INFO:root:2025-05-06_13:10:28 - Hovered over target: 22
INFO:root:2025-05-06_13:10:28 - Hovered over target: 23
INFO:root:2025-05-06_13:10:29 - Hovered over target: 24
INFO:root:2025-05-06_13:10:29 - Hovered over target: 25
INFO:root:2025-05-06_13:10:29 - Hovered over target: 26
INFO:root:2025-05-06_13:10:29 - Hovered over target: 27
INFO:root:2025-05-06_13:10:31 - Hovered over target: 27
INFO:root:2025-05-06_13:10:32 - Hovered over target: 28
INFO:root:2025-05-06_13:10:33 - Hovered over target: 29
INFO:root:2025-05-06_13:10:34 - Hovered over target: 28
INFO:root:2025-05-06_13:10:37 - Hovered over target: 24
INFO:root:2025-05-06_13:10:37 - Hovered over target: 25
INFO:root:2025-05-06_13:10:38 - Hovered over target: 23
INFO:root:2025-05-06_13:10:39 - Hovered over target: 24
INFO:root:2025-05-06_13:10:40 - Hovered over target: 23
INFO:root:2025-05-06_13:10:41 - Hovered over target: 23
INFO:root:2025-05-06_13:10:41 - Hovered over target: 24
INFO:root:2025-05-06_13:10:42 - Hovered over target: 25
INFO:root:2025-05-06_13:10:42 - Hovered over target: 27
INFO:root:2025-05-06_13:10:42 - Hovered over target: 28
INFO:root:2025-05-06_13:10:43 - Hovered over target: 29
INFO:root:2025-05-06_13:10:43 - Hovered over target: 30
INFO:root:2025-05-06_13:10:44 - Hovered over target: 27
INFO:root:2025-05-06_13:10:45 - Hovered over target: 28
INFO:root:2025-05-06_13:10:45 - Hovered over target: 29
INFO:root:2025-05-06_13:10:46 - Hovered over target: 29
INFO:root:2025-05-06_13:10:46 - Hovered over target: 30
INFO:root:2025-05-06_13:10:47 - Hovered over target: 31
INFO:root:2025-05-06_13:10:50 - Hovered over target: 27
INFO:root:2025-05-06_13:10:51 - Hovered over target: 27
INFO:root:2025-05-06_13:10:51 - Hovered over target: 28
INFO:root:2025-05-06_13:10:51 - Hovered over target: 28
INFO:root:2025-05-06_13:10:52 - Hovered over target: 25
INFO:root:2025-05-06_13:10:53 - Hovered over target: 25
INFO:root:2025-05-06_13:10:53 - Hovered over target: 26
INFO:root:2025-05-06_13:10:54 - Hovered over target: 27
INFO:root:2025-05-06_13:10:54 - Hovered over target: 28
INFO:root:2025-05-06_13:10:55 - Hovered over target: 29
INFO:root:2025-05-06_13:10:55 - Hovered over target: 30
INFO:root:2025-05-06_13:10:56 - Hovered over target: 30
INFO:root:2025-05-06_13:10:56 - Hovered over target: 31
INFO:root:2025-05-06_13:10:58 - Hovered over target: 31
INFO:root:2025-05-06_13:11:01 - Hovered over target: 28
INFO:root:2025-05-06_13:11:02 - Hovered over target: 27
INFO:root:2025-05-06_13:11:04 - Hovered over target: 25
INFO:root:2025-05-06_13:11:04 - Hovered over target: 26
INFO:root:2025-05-06_13:11:05 - Hovered over target: 25
INFO:root:2025-05-06_13:11:06 - Hovered over target: 25
INFO:root:2025-05-06_13:11:06 - Hovered over target: 26
INFO:root:2025-05-06_13:11:06 - Hovered over target: 27
INFO:root:2025-05-06_13:11:07 - Hovered over target: 27
INFO:root:2025-05-06_13:11:08 - Hovered over target: 25
INFO:root:2025-05-06_13:11:10 - Hovered over target: 25
INFO:root:2025-05-06_13:11:11 - Hovered over target: 25
INFO:root:2025-05-06_13:11:11 - Hovered over target: 26
INFO:root:2025-05-06_13:11:11 - Hovered over target: 27
INFO:root:2025-05-06_13:11:11 - Hovered over target: 28
INFO:root:2025-05-06_13:11:12 - Hovered over target: 28
INFO:root:2025-05-06_13:11:12 - Hovered over target: 28
INFO:root:2025-05-06_13:11:14 - Hovered over target: 26
INFO:root:2025-05-06_13:11:15 - Hovered over target: 26
INFO:root:2025-05-06_13:11:15 - Hovered over target: 27
INFO:root:2025-05-06_13:11:16 - Hovered over target: 27
INFO:root:2025-05-06_13:11:16 - Hovered over target: 25
INFO:root:2025-05-06_13:11:17 - Hovered over target: 24
INFO:root:2025-05-06_13:11:18 - Hovered over target: 25
INFO:root:2025-05-06_13:11:19 - Hovered over target: 26
INFO:root:2025-05-06_13:11:19 - Hovered over target: 27
INFO:root:2025-05-06_13:11:19 - Hovered over target: 28
INFO:root:2025-05-06_13:11:20 - Hovered over target: 28
INFO:root:2025-05-06_13:11:25 - Hovered over target: 25
INFO:root:2025-05-06_13:11:26 - Hovered over target: 24
INFO:root:2025-05-06_13:11:26 - Hovered over target: 25
INFO:root:2025-05-06_13:11:27 - Hovered over target: 26
INFO:root:2025-05-06_13:11:27 - Hovered over target: 27
INFO:root:2025-05-06_13:11:29 - Hovered over target: 23
INFO:root:2025-05-06_13:11:29 - Hovered over target: 24
INFO:root:2025-05-06_13:11:30 - Hovered over target: 24
INFO:root:2025-05-06_13:11:31 - Hovered over target: 25
INFO:root:2025-05-06_13:11:31 - Hovered over target: 25
INFO:root:2025-05-06_13:11:31 - Hovered over target: 26
INFO:root:2025-05-06_13:11:31 - Hovered over target: 27
INFO:root:2025-05-06_13:11:34 - Hovered over target: 24
INFO:root:2025-05-06_13:11:34 - Hovered over target: 25
INFO:root:2025-05-06_13:11:34 - Hovered over target: 26
INFO:root:2025-05-06_13:11:35 - Hovered over target: 26
INFO:root:2025-05-06_13:11:35 - Hovered over target: 27
INFO:root:2025-05-06_13:11:37 - Hovered over target: 25
INFO:root:2025-05-06_13:11:38 - Hovered over target: 26
INFO:root:2025-05-06_13:11:38 - Hovered over target: 26
INFO:root:2025-05-06_13:11:38 - Hovered over target: 27
INFO:root:2025-05-06_13:11:41 - Hovered over target: 22
INFO:root:2025-05-06_13:11:42 - Hovered over target: 22
INFO:root:2025-05-06_13:11:42 - Hovered over target: 23
INFO:root:2025-05-06_13:11:43 - Hovered over target: 24
INFO:root:2025-05-06_13:11:44 - Hovered over target: 25
INFO:root:2025-05-06_13:11:45 - Hovered over target: 25
INFO:root:2025-05-06_13:11:47 - Hovered over target: 26
INFO:root:2025-05-06_13:11:47 - Hovered over target: 26
INFO:root:2025-05-06_13:11:48 - Hovered over target: 27
INFO:root:2025-05-06_13:11:49 - Hovered over target: 25
INFO:root:2025-05-06_13:11:50 - Hovered over target: 25
INFO:root:2025-05-06_13:11:50 - Hovered over target: 26
INFO:root:2025-05-06_13:11:51 - Hovered over target: 25
INFO:root:2025-05-06_13:11:54 - Hovered over target: 21
INFO:root:2025-05-06_13:11:54 - Hovered over target: 22
INFO:root:2025-05-06_13:11:55 - Hovered over target: 23
INFO:root:2025-05-06_13:11:56 - Hovered over target: 23
INFO:root:2025-05-06_13:11:56 - Hovered over target: 24
INFO:root:2025-05-06_13:11:58 - Hovered over target: 21
INFO:root:2025-05-06_13:11:58 - Hovered over target: 22
INFO:root:2025-05-06_13:12:00 - Hovered over target: 22
INFO:root:2025-05-06_13:12:00 - Hovered over target: 23
INFO:root:2025-05-06_13:12:00 - Hovered over target: 24
INFO:root:2025-05-06_13:12:00 - Hovered over target: 25
INFO:root:2025-05-06_13:12:01 - Hovered over target: 25
INFO:root:2025-05-06_13:12:01 - Hovered over target: 26
INFO:root:2025-05-06_13:12:01 - Hovered over target: 27
INFO:root:2025-05-06_13:12:02 - Hovered over target: 27
INFO:root:2025-05-06_13:12:02 - Hovered over target: 28
INFO:root:2025-05-06_13:12:03 - Hovered over target: 28
INFO:root:2025-05-06_13:12:03 - Hovered over target: 29
INFO:root:2025-05-06_13:12:05 - Hovered over target: 27
INFO:root:2025-05-06_13:12:05 - Hovered over target: 26
INFO:root:2025-05-06_13:12:07 - Hovered over target: 25
INFO:root:2025-05-06_13:12:08 - Hovered over target: 26
INFO:root:2025-05-06_13:12:08 - Hovered over target: 27
INFO:root:2025-05-06_13:12:09 - Hovered over target: 28
INFO:root:2025-05-06_13:12:09 - Hovered over target: 29
INFO:root:2025-05-06_13:12:09 - Hovered over target: 29
INFO:root:2025-05-06_13:12:09 - Hovered over target: 30
INFO:root:2025-05-06_13:12:09 - Hovered over target: 31
INFO:root:2025-05-06_13:12:13 - Hovered over target: 30
INFO:root:2025-05-06_13:12:13 - Hovered over target: 31
INFO:root:2025-05-06_13:12:15 - Hovered over target: 29
INFO:root:2025-05-06_13:12:17 - Hovered over target: 28
INFO:root:2025-05-06_13:12:19 - Hovered over target: 24
INFO:root:2025-05-06_13:12:19 - Hovered over target: 25
INFO:root:2025-05-06_13:12:19 - Hovered over target: 26
INFO:root:2025-05-06_13:12:22 - Hovered over target: 24
INFO:root:2025-05-06_13:12:23 - Hovered over target: 22
INFO:root:2025-05-06_13:12:23 - Hovered over target: 23
INFO:root:2025-05-06_13:12:24 - Hovered over target: 24
INFO:root:2025-05-06_13:12:24 - Hovered over target: 25
INFO:root:2025-05-06_13:12:25 - Hovered over target: 25
INFO:root:2025-05-06_13:12:26 - Hovered over target: 25
INFO:root:2025-05-06_13:12:27 - Hovered over target: 23
INFO:root:2025-05-06_13:12:28 - Hovered over target: 24
INFO:root:2025-05-06_13:12:28 - Hovered over target: 24
INFO:root:2025-05-06_13:12:29 - Hovered over target: 24
INFO:root:2025-05-06_13:12:30 - Hovered over target: 22
INFO:root:2025-05-06_13:12:31 - Hovered over target: 20
INFO:root:2025-05-06_13:12:32 - Hovered over target: 21
INFO:root:2025-05-06_13:12:33 - Hovered over target: 22
INFO:root:2025-05-06_13:12:33 - Hovered over target: 24
INFO:root:2025-05-06_13:12:33 - Hovered over target: 25
INFO:root:2025-05-06_13:12:33 - Hovered over target: 26
INFO:root:2025-05-06_13:12:33 - Hovered over target: 27
INFO:root:2025-05-06_13:12:34 - Hovered over target: 27
INFO:root:2025-05-06_13:12:36 - Hovered over target: 28
INFO:root:2025-05-06_13:12:36 - Hovered over target: 29
INFO:root:2025-05-06_13:12:37 - Hovered over target: 29
INFO:root:2025-05-06_13:12:38 - Hovered over target: 29
INFO:root:2025-05-06_13:12:41 - Hovered over target: 26
INFO:root:2025-05-06_13:12:41 - Hovered over target: 25
INFO:root:2025-05-06_13:12:42 - Hovered over target: 25
INFO:root:2025-05-06_13:12:42 - Hovered over target: 26
INFO:root:2025-05-06_13:12:43 - Hovered over target: 25
INFO:root:2025-05-06_13:12:43 - Hovered over target: 26
INFO:root:2025-05-06_13:12:44 - Hovered over target: 27
INFO:root:2025-05-06_13:12:44 - Hovered over target: 28
INFO:root:2025-05-06_13:12:45 - Hovered over target: 28
INFO:root:2025-05-06_13:12:45 - Hovered over target: 29
INFO:root:2025-05-06_13:12:45 - Hovered over target: 29
INFO:root:2025-05-06_13:12:45 - Hovered over target: 30
INFO:root:2025-05-06_13:12:46 - Hovered over target: 31
INFO:root:2025-05-06_13:12:47 - Hovered over target: 28
INFO:root:2025-05-06_13:12:48 - Hovered over target: 29
INFO:root:2025-05-06_13:12:49 - Hovered over target: 30
INFO:root:2025-05-06_13:12:50 - Hovered over target: 30
INFO:root:2025-05-06_13:12:50 - Hovered over target: 30
INFO:root:2025-05-06_13:12:52 - Hovered over target: 28
INFO:root:2025-05-06_13:12:54 - Hovered over target: 27
INFO:root:2025-05-06_13:12:54 - Hovered over target: 27
INFO:root:2025-05-06_13:12:55 - Hovered over target: 26
INFO:root:2025-05-06_13:12:55 - Hovered over target: 27
INFO:root:2025-05-06_13:12:55 - Hovered over target: 26
INFO:root:2025-05-06_13:12:56 - Hovered over target: 26
INFO:root:2025-05-06_13:12:57 - Hovered over target: 27
INFO:root:2025-05-06_13:12:57 - Hovered over target: 28
INFO:root:2025-05-06_13:12:57 - Hovered over target: 29
INFO:root:2025-05-06_13:12:58 - Hovered over target: 30
INFO:root:2025-05-06_13:12:58 - Hovered over target: 31
INFO:root:2025-05-06_13:13:02 - Hovered over target: 29
INFO:root:2025-05-06_13:13:02 - Hovered over target: 30
INFO:root:2025-05-06_13:13:05 - Hovered over target: 26
INFO:root:2025-05-06_13:13:05 - Hovered over target: 27
INFO:root:2025-05-06_13:13:05 - Hovered over target: 28
INFO:root:2025-05-06_13:13:06 - Hovered over target: 29
INFO:root:2025-05-06_13:13:06 - Hovered over target: 27
INFO:root:2025-05-06_13:13:06 - Hovered over target: 28
INFO:root:2025-05-06_13:13:07 - Hovered over target: 29
INFO:root:2025-05-06_13:13:09 - Hovered over target: 27
INFO:root:2025-05-06_13:13:09 - Hovered over target: 28
INFO:root:2025-05-06_13:13:09 - Hovered over target: 29
INFO:root:2025-05-06_13:13:10 - Hovered over target: 29
INFO:root:2025-05-06_13:13:11 - Hovered over target: 26
INFO:root:2025-05-06_13:13:12 - Hovered over target: 27
INFO:root:2025-05-06_13:13:12 - Hovered over target: 28
INFO:root:2025-05-06_13:13:13 - Hovered over target: 29
INFO:root:2025-05-06_13:13:13 - Hovered over target: 30
INFO:root:2025-05-06_13:13:14 - Hovered over target: 30
INFO:root:2025-05-06_13:13:14 - Hovered over target: 31
INFO:root:2025-05-06_13:13:17 - Hovered over target: 28
INFO:root:2025-05-06_13:13:18 - Hovered over target: 27
INFO:root:2025-05-06_13:13:19 - Hovered over target: 27
INFO:root:2025-05-06_13:13:19 - Hovered over target: 28
INFO:root:2025-05-06_13:13:19 - Hovered over target: 26
INFO:root:2025-05-06_13:13:20 - Hovered over target: 26
INFO:root:2025-05-06_13:13:20 - Hovered over target: 27
INFO:root:2025-05-06_13:13:22 - Hovered over target: 27
INFO:root:2025-05-06_13:13:22 - Hovered over target: 28
INFO:root:2025-05-06_13:13:22 - Hovered over target: 29
INFO:root:2025-05-06_13:13:23 - Hovered over target: 30
INFO:root:2025-05-06_13:13:24 - Hovered over target: 30
INFO:root:2025-05-06_13:13:24 - Hovered over target: 31
INFO:root:2025-05-06_13:13:26 - Hovered over target: 30
INFO:root:2025-05-06_13:13:29 - Hovered over target: 27
INFO:root:2025-05-06_13:13:29 - Hovered over target: 27
INFO:root:2025-05-06_13:13:31 - Hovered over target: 25
INFO:root:2025-05-06_13:13:32 - Hovered over target: 24
INFO:root:2025-05-06_13:13:32 - Hovered over target: 25
INFO:root:2025-05-06_13:13:32 - Hovered over target: 26
INFO:root:2025-05-06_13:13:33 - Hovered over target: 26
INFO:root:2025-05-06_13:13:33 - Hovered over target: 27
INFO:root:2025-05-06_13:13:33 - Hovered over target: 28
INFO:root:2025-05-06_13:13:33 - Hovered over target: 29
INFO:root:2025-05-06_13:13:33 - Hovered over target: 30
INFO:root:2025-05-06_13:13:37 - Hovered over target: 26
INFO:root:2025-05-06_13:13:37 - Hovered over target: 27
INFO:root:2025-05-06_13:13:37 - Hovered over target: 28
INFO:root:2025-05-06_13:13:39 - Hovered over target: 28
INFO:root:2025-05-06_13:13:39 - Hovered over target: 29
INFO:root:2025-05-06_13:13:39 - Hovered over target: 29
INFO:root:2025-05-06_13:13:41 - Hovered over target: 27
INFO:root:2025-05-06_13:13:41 - Hovered over target: 27
INFO:root:2025-05-06_13:13:42 - Hovered over target: 28
INFO:root:2025-05-06_13:13:42 - Hovered over target: 28
INFO:root:2025-05-06_13:13:43 - Hovered over target: 29
INFO:root:2025-05-06_13:13:43 - Hovered over target: 29
INFO:root:2025-05-06_13:13:44 - Hovered over target: 27
INFO:root:2025-05-06_13:13:45 - Hovered over target: 26
INFO:root:2025-05-06_13:13:45 - Hovered over target: 27
INFO:root:2025-05-06_13:13:46 - Hovered over target: 28
INFO:root:2025-05-06_13:13:46 - Hovered over target: 29
INFO:root:2025-05-06_13:13:47 - Hovered over target: 30
INFO:root:2025-05-06_13:13:49 - Hovered over target: 30
INFO:root:2025-05-06_13:13:50 - Hovered over target: 31
INFO:root:2025-05-06_13:13:51 - Hovered over target: 30
INFO:root:2025-05-06_13:13:53 - Hovered over target: 28
INFO:root:2025-05-06_13:13:54 - Hovered over target: 27
INFO:root:2025-05-06_13:13:54 - Hovered over target: 28
INFO:root:2025-05-06_13:13:55 - Hovered over target: 29
INFO:root:2025-05-06_13:13:55 - Hovered over target: 27
INFO:root:2025-05-06_13:13:56 - Hovered over target: 28
INFO:root:2025-05-06_13:13:56 - Hovered over target: 29
INFO:root:2025-05-06_13:13:58 - Hovered over target: 27
INFO:root:2025-05-06_13:13:58 - Hovered over target: 27
INFO:root:2025-05-06_13:13:59 - Hovered over target: 28
INFO:root:2025-05-06_13:14:00 - Hovered over target: 28
INFO:root:2025-05-06_13:14:01 - Hovered over target: 26
INFO:root:2025-05-06_13:14:01 - Hovered over target: 27
INFO:root:2025-05-06_13:14:01 - Hovered over target: 28
INFO:root:2025-05-06_13:14:03 - Hovered over target: 28
INFO:root:2025-05-06_13:14:03 - Hovered over target: 30
INFO:root:2025-05-06_13:14:04 - Hovered over target: 29
INFO:root:2025-05-06_13:14:07 - Hovered over target: 27
INFO:root:2025-05-06_13:14:07 - Hovered over target: 28
INFO:root:2025-05-06_13:14:08 - Hovered over target: 27
INFO:root:2025-05-06_13:14:08 - Hovered over target: 26
INFO:root:2025-05-06_13:14:09 - Hovered over target: 26
INFO:root:2025-05-06_13:14:10 - Hovered over target: 26
INFO:root:2025-05-06_13:14:10 - Hovered over target: 27
INFO:root:2025-05-06_13:14:11 - Hovered over target: 28
INFO:root:2025-05-06_13:14:13 - Hovered over target: 28
INFO:root:2025-05-06_13:14:17 - Hovered over target: 24
INFO:root:2025-05-06_13:14:17 - Hovered over target: 25
INFO:root:2025-05-06_13:14:17 - Hovered over target: 26
INFO:root:2025-05-06_13:14:18 - Hovered over target: 27
INFO:root:2025-05-06_13:14:18 - Hovered over target: 27
INFO:root:2025-05-06_13:14:19 - Hovered over target: 28
INFO:root:2025-05-06_13:14:20 - Hovered over target: 26
INFO:root:2025-05-06_13:14:20 - Hovered over target: 27
INFO:root:2025-05-06_13:14:20 - Hovered over target: 28
INFO:root:2025-05-06_13:14:22 - Hovered over target: 27
INFO:root:2025-05-06_13:14:22 - Hovered over target: 28
INFO:root:2025-05-06_13:14:25 - Hovered over target: 23
INFO:root:2025-05-06_13:14:26 - Hovered over target: 24
INFO:root:2025-05-06_13:14:27 - Hovered over target: 24
INFO:root:2025-05-06_13:14:27 - Hovered over target: 25
INFO:root:2025-05-06_13:14:27 - Hovered over target: 26
INFO:root:2025-05-06_13:14:27 - Hovered over target: 27
INFO:root:2025-05-06_13:14:28 - Hovered over target: 28
INFO:root:2025-05-06_13:14:29 - Hovered over target: 26
INFO:root:2025-05-06_13:14:30 - Hovered over target: 26
INFO:root:2025-05-06_13:14:31 - Hovered over target: 26
INFO:root:2025-05-06_13:14:31 - Hovered over target: 27
INFO:root:2025-05-06_13:14:31 - Hovered over target: 27
INFO:root:2025-05-06_13:14:33 - Hovered over target: 25
INFO:root:2025-05-06_13:14:33 - Hovered over target: 25
INFO:root:2025-05-06_13:14:34 - Hovered over target: 25
INFO:root:2025-05-06_13:14:34 - Hovered over target: 26
INFO:root:2025-05-06_13:14:35 - Hovered over target: 27
INFO:root:2025-05-06_13:14:35 - Hovered over target: 28
INFO:root:2025-05-06_13:14:36 - Hovered over target: 29
INFO:root:2025-05-06_13:14:38 - Hovered over target: 29
INFO:root:2025-05-06_13:14:41 - Hovered over target: 25
INFO:root:2025-05-06_13:14:41 - Hovered over target: 26
INFO:root:2025-05-06_13:14:42 - Hovered over target: 27
INFO:root:2025-05-06_13:14:44 - Hovered over target: 23
INFO:root:2025-05-06_13:14:44 - Hovered over target: 24
INFO:root:2025-05-06_13:14:46 - Hovered over target: 25
INFO:root:2025-05-06_13:14:46 - Hovered over target: 25
INFO:root:2025-05-06_13:14:47 - Hovered over target: 25
INFO:root:2025-05-06_13:14:47 - Hovered over target: 26
INFO:root:2025-05-06_13:14:48 - Hovered over target: 27
INFO:root:2025-05-06_13:14:49 - Hovered over target: 24
INFO:root:2025-05-06_13:14:50 - Hovered over target: 25
INFO:root:2025-05-06_13:14:51 - Hovered over target: 26
INFO:root:2025-05-06_13:14:51 - Hovered over target: 26
INFO:root:2025-05-06_13:14:51 - Hovered over target: 27
INFO:root:2025-05-06_13:14:55 - Hovered over target: 23
INFO:root:2025-05-06_13:14:55 - Hovered over target: 24
INFO:root:2025-05-06_13:14:55 - Hovered over target: 25
INFO:root:2025-05-06_13:14:55 - Hovered over target: 26
INFO:root:2025-05-06_13:14:57 - Hovered over target: 23
INFO:root:2025-05-06_13:14:57 - Hovered over target: 23
INFO:root:2025-05-06_13:14:57 - Hovered over target: 24
INFO:root:2025-05-06_13:14:59 - Hovered over target: 24
INFO:root:2025-05-06_13:14:59 - Hovered over target: 25
INFO:root:2025-05-06_13:14:59 - Hovered over target: 26
INFO:root:2025-05-06_13:15:00 - Hovered over target: 27
INFO:root:2025-05-06_13:15:00 - Hovered over target: 28
INFO:root:2025-05-06_13:15:01 - Hovered over target: 28
INFO:root:2025-05-06_13:15:01 - Hovered over target: 29
INFO:root:2025-05-06_13:15:06 - Hovered over target: 26
INFO:root:2025-05-06_13:15:06 - Hovered over target: 26
INFO:root:2025-05-06_13:15:07 - Hovered over target: 26
INFO:root:2025-05-06_13:15:07 - Hovered over target: 27
INFO:root:2025-05-06_13:15:08 - Hovered over target: 25
INFO:root:2025-05-06_13:15:09 - Hovered over target: 26
INFO:root:2025-05-06_13:15:10 - Hovered over target: 25
INFO:root:2025-05-06_13:15:10 - Hovered over target: 26
INFO:root:2025-05-06_13:15:10 - Hovered over target: 27
INFO:root:2025-05-06_13:15:11 - Hovered over target: 28
INFO:root:2025-05-06_13:15:12 - Hovered over target: 27
INFO:root:2025-05-06_13:15:13 - Hovered over target: 27
INFO:root:2025-05-06_13:15:14 - Hovered over target: 26
INFO:root:2025-05-06_13:15:14 - Hovered over target: 27
INFO:root:2025-05-06_13:15:16 - Hovered over target: 28
INFO:root:2025-05-06_13:15:16 - Hovered over target: 29
INFO:root:2025-05-06_13:15:16 - Hovered over target: 30
INFO:root:2025-05-06_13:15:18 - Hovered over target: 27
INFO:root:2025-05-06_13:15:19 - Hovered over target: 27
INFO:root:2025-05-06_13:15:20 - Hovered over target: 27
INFO:root:2025-05-06_13:15:20 - Hovered over target: 28
INFO:root:2025-05-06_13:15:21 - Hovered over target: 29
INFO:root:2025-05-06_13:15:22 - Hovered over target: 25
INFO:root:2025-05-06_13:15:22 - Hovered over target: 25
INFO:root:2025-05-06_13:15:23 - Hovered over target: 26
INFO:root:2025-05-06_13:15:23 - Hovered over target: 27
INFO:root:2025-05-06_13:15:24 - Hovered over target: 28
INFO:root:2025-05-06_13:15:25 - Hovered over target: 29
INFO:root:2025-05-06_13:15:28 - Hovered over target: 28
INFO:root:2025-05-06_13:15:30 - Hovered over target: 25
